==============================[MINISAT]===============================
| Conflicts |     ORIGINAL     |          LEARNT          | Progress |
|           | Clauses Literals | Clauses Literals  Lit/Cl |          |
======================================================================
|         0 | 3577045  7739148 |       0        0    -nan |  0.000 % |
======================================================================
SAT
==============================[MINISAT]===============================
| Conflicts |     ORIGINAL     |          LEARNT          | Progress |
|           | Clauses Literals | Clauses Literals  Lit/Cl |          |
======================================================================
|    557265 | 2594726  5590529 |  543648 74845524   137.7 |  9.517 % |
======================================================================


           	xoxoxoxoxoxoxoxoxoxoxoxoxoxoxoxoxoxoxoxoxoxoxoxoxoxoxoxoxoxoxoxoxoxoxoxoxoxoxoxoxoxoxoxoxoxoxoxoxoxoxoxoxoxoxoxoxoxoxoxoxoxoxoxoxoxoxoxoxoxoxoxoxoxoxoxoxoxoxoxoxoxoxoxoxoxoxoxoxoxoxoxoxoxoxoxoxoxoxoxo
167 --> 200	xoxoxoxoxoxoxoxoxoxoxoxoxoxoxoxoxoxoxoxoxoxoxoxoxoxoxoxoxoxoxoxoxoxoxoxoxoxoxoxoxoxoxoxoxoxoxoxoxoxoxoxoxoxoxoxoxoxoxoxoxoxoxoxoxoxoxoxoxoxoxoxoxoxoxoxoxoxoxoxoxoxoxox  oxoxoxoxoxoxoxoxoxoxoxoxoxoxoxoox
 22 --> 167	xoxoxoxoxoxoxoxoxoxoxo  xoxoxoxoxoxoxoxoxoxoxoxoxoxoxoxoxoxoxoxoxoxoxoxoxoxoxoxoxoxoxoxoxoxoxoxoxoxoxoxoxoxoxoxoxoxoxoxoxoxoxoxoxoxoxoxoxoxoxoxoxoxoxoxoxoxoxoxoxoxoxoxxooxoxoxoxoxoxoxoxoxoxoxoxoxoxoxoox
159 -->  22	xoxoxoxoxoxoxoxoxoxoxooxxoxoxoxoxoxoxoxoxoxoxoxoxoxoxoxoxoxoxoxoxoxoxoxoxoxoxoxoxoxoxoxoxoxoxoxoxoxoxoxoxoxoxoxoxoxoxoxoxoxoxoxoxoxoxoxoxoxoxoxoxoxoxoxoxoxoxox  oxoxoxxooxoxoxoxoxoxoxoxoxoxoxoxoxoxoxoox
188 --> 159	xoxoxoxoxoxoxoxoxoxoxooxxoxoxoxoxoxoxoxoxoxoxoxoxoxoxoxoxoxoxoxoxoxoxoxoxoxoxoxoxoxoxoxoxoxoxoxoxoxoxoxoxoxoxoxoxoxoxoxoxoxoxoxoxoxoxoxoxoxoxoxoxoxoxoxoxoxoxoxxooxoxoxxooxoxoxoxoxoxoxoxoxo  xoxoxoxoxoox
123 --> 188	xoxoxoxoxoxoxoxoxoxoxooxxoxoxoxoxoxoxoxoxoxoxoxoxoxoxoxoxoxoxoxoxoxoxoxoxoxoxoxoxoxoxoxoxoxoxoxoxoxoxoxoxoxoxoxoxoxoxoxoxox  oxoxoxoxoxoxoxoxoxoxoxoxoxoxoxoxoxxooxoxoxxooxoxoxoxoxoxoxoxoxooxxoxoxoxoxoox
 14 --> 123	xoxoxoxoxoxoxo  xoxoxooxxoxoxoxoxoxoxoxoxoxoxoxoxoxoxoxoxoxoxoxoxoxoxoxoxoxoxoxoxoxoxoxoxoxoxoxoxoxoxoxoxoxoxoxoxoxoxoxoxoxxooxoxoxoxoxoxoxoxoxoxoxoxoxoxoxoxoxxooxoxoxxooxoxoxoxoxoxoxoxoxooxxoxoxoxoxoox
 19 -->  14	xoxoxoxoxoxoxooxxox  ooxxoxoxoxoxoxoxoxoxoxoxoxoxoxoxoxoxoxoxoxoxoxoxoxoxoxoxoxoxoxoxoxoxoxoxoxoxoxoxoxoxoxoxoxoxoxoxoxoxoxxooxoxoxoxoxoxoxoxoxoxoxoxoxoxoxoxoxxooxoxoxxooxoxoxoxoxoxoxoxoxooxxoxoxoxoxoox
144 -->  19	xoxoxoxoxoxoxooxxoxxoooxxoxoxoxoxoxoxoxoxoxoxoxoxoxoxoxoxoxoxoxoxoxoxoxoxoxoxoxoxoxoxoxoxoxoxoxoxoxoxoxoxoxoxoxoxoxoxoxoxoxxooxoxoxoxoxoxoxoxoxo  xoxoxoxoxoxoxxooxoxoxxooxoxoxoxoxoxoxoxoxooxxoxoxoxoxoox
191 --> 144	xoxoxoxoxoxoxooxxoxxoooxxoxoxoxoxoxoxoxoxoxoxoxoxoxoxoxoxoxoxoxoxoxoxoxoxoxoxoxoxoxoxoxoxoxoxoxoxoxoxoxoxoxoxoxoxoxoxoxoxoxxooxoxoxoxoxoxoxoxoxooxxoxoxoxoxoxoxxooxoxoxxooxoxoxoxoxoxoxoxoxooxx  oxoxoxoox
152 --> 191	xoxoxoxoxoxoxooxxoxxoooxxoxoxoxoxoxoxoxoxoxoxoxoxoxoxoxoxoxoxoxoxoxoxoxoxoxoxoxoxoxoxoxoxoxoxoxoxoxoxoxoxoxoxoxoxoxoxoxoxoxxooxoxoxoxoxoxoxoxoxooxxoxoxo  xoxoxxooxoxoxxooxoxoxoxoxoxoxoxoxooxxxooxoxoxoox
 11 --> 152	xoxoxoxoxox  ooxxoxxoooxxoxoxoxoxoxoxoxoxoxoxoxoxoxoxoxoxoxoxoxoxoxoxoxoxoxoxoxoxoxoxoxoxoxoxoxoxoxoxoxoxoxoxoxoxoxoxoxoxoxxooxoxoxoxoxoxoxoxoxooxxoxoxooxxoxoxxooxoxoxxooxoxoxoxoxoxoxoxoxooxxxooxoxoxoox
156 -->  11	xoxoxoxoxoxxoooxxoxxoooxxoxoxoxoxoxoxoxoxoxoxoxoxoxoxoxoxoxoxoxoxoxoxoxoxoxoxoxoxoxoxoxoxoxoxoxoxoxoxoxoxoxoxoxoxoxoxoxoxoxxooxoxoxoxoxoxoxoxoxooxxoxoxooxxo  xxooxoxoxxooxoxoxoxoxoxoxoxoxooxxxooxoxoxoox
127 --> 156	xoxoxoxoxoxxoooxxoxxoooxxoxoxoxoxoxoxoxoxoxoxoxoxoxoxoxoxoxoxoxoxoxoxoxoxoxoxoxoxoxoxoxoxoxoxoxoxoxoxoxoxoxoxoxoxoxoxoxoxoxxoox  oxoxoxoxoxoxoxooxxoxoxooxxooxxxooxoxoxxooxoxoxoxoxoxoxoxoxooxxxooxoxoxoox
 82 --> 127	xoxoxoxoxoxxoooxxoxxoooxxoxoxoxoxoxoxoxoxoxoxoxoxoxoxoxoxoxoxoxoxoxoxoxoxoxoxoxoxo  xoxoxoxoxoxoxoxoxoxoxoxoxoxoxoxoxoxoxoxxooxxooxoxoxoxoxoxoxooxxoxoxooxxooxxxooxoxoxxooxoxoxoxoxoxoxoxoxooxxxooxoxoxoox
171 -->  82	xoxoxoxoxoxxoooxxoxxoooxxoxoxoxoxoxoxoxoxoxoxoxoxoxoxoxoxoxoxoxoxoxoxoxoxoxoxoxoxooxxoxoxoxoxoxoxoxoxoxoxoxoxoxoxoxoxoxoxoxxooxxooxoxoxoxoxoxoxooxxoxoxooxxooxxxooxoxoxxoox  oxoxoxoxoxoxoxooxxxooxoxoxoox
164 --> 171	xoxoxoxoxoxxoooxxoxxoooxxoxoxoxoxoxoxoxoxoxoxoxoxoxoxoxoxoxoxoxoxoxoxoxoxoxoxoxoxooxxoxoxoxoxoxoxoxoxoxoxoxoxoxoxoxoxoxoxoxxooxxooxoxoxoxoxoxoxooxxoxoxooxxooxxxooxo  xxooxxooxoxoxoxoxoxoxooxxxooxoxoxoox
 75 --> 164	xoxoxoxoxoxxoooxxoxxoooxxoxoxoxoxoxoxoxoxoxoxoxoxoxoxoxoxoxoxoxoxoxoxoxoxox  oxoxooxxoxoxoxoxoxoxoxoxoxoxoxoxoxoxoxoxoxoxoxxooxxooxoxoxoxoxoxoxooxxoxoxooxxooxxxooxooxxxooxxooxoxoxoxoxoxoxooxxxooxoxoxoox
 98 -->  75	xoxoxoxoxoxxoooxxoxxoooxxoxoxoxoxoxoxoxoxoxoxoxoxoxoxoxoxoxoxoxoxoxoxoxoxoxxooxoxooxxoxoxoxoxoxoxo  xoxoxoxoxoxoxoxoxoxoxoxxooxxooxoxoxoxoxoxoxooxxoxoxooxxooxxxooxooxxxooxxooxoxoxoxoxoxoxooxxxooxoxoxoox
183 -->  98	xoxoxoxoxoxxoooxxoxxoooxxoxoxoxoxoxoxoxoxoxoxoxoxoxoxoxoxoxoxoxoxoxoxoxoxoxxooxoxooxxoxoxoxoxoxoxooxxoxoxoxoxoxoxoxoxoxoxoxxooxxooxoxoxoxoxoxoxooxxoxoxooxxooxxxooxooxxxooxxooxoxoxoxox  oxooxxxooxoxoxoox
116 --> 183	xoxoxoxoxoxxoooxxoxxoooxxoxoxoxoxoxoxoxoxoxoxoxoxoxoxoxoxoxoxoxoxoxoxoxoxoxxooxoxooxxoxoxoxoxoxoxooxxoxoxoxoxoxoxoxo  xoxoxxooxxooxoxoxoxoxoxoxooxxoxoxooxxooxxxooxooxxxooxxooxoxoxoxoxxooxooxxxooxoxoxoox
 71 --> 116	xoxoxoxoxoxxoooxxoxxoooxxoxoxoxoxoxoxoxoxoxoxoxoxoxoxoxoxoxoxoxoxoxoxox  oxxooxoxooxxoxoxoxoxoxoxooxxoxoxoxoxoxoxoxooxxoxoxxooxxooxoxoxoxoxoxoxooxxoxoxooxxooxxxooxooxxxooxxooxoxoxoxoxxooxooxxxooxoxoxoox
104 -->  71	xoxoxoxoxoxxoooxxoxxoooxxoxoxoxoxoxoxoxoxoxoxoxoxoxoxoxoxoxoxoxoxoxoxoxxooxxooxoxooxxoxoxoxoxoxoxooxxoxo  xoxoxoxoxooxxoxoxxooxxooxoxoxoxoxoxoxooxxoxoxooxxooxxxooxooxxxooxxooxoxoxoxoxxooxooxxxooxoxoxoox
  1 --> 104	x  oxoxoxoxxoooxxoxxoooxxoxoxoxoxoxoxoxoxoxoxoxoxoxoxoxoxoxoxoxoxoxoxoxxooxxooxoxooxxoxoxoxoxoxoxooxxoxooxxoxoxoxoxooxxoxoxxooxxooxoxoxoxoxoxoxooxxoxoxooxxooxxxooxooxxxooxxooxoxoxoxoxxooxooxxxooxoxoxoox
 34 -->   1	xxooxoxoxoxxoooxxoxxoooxxoxoxoxoxo  xoxoxoxoxoxoxoxoxoxoxoxoxoxoxoxoxoxxooxxooxoxooxxoxoxoxoxoxoxooxxoxooxxoxoxoxoxooxxoxoxxooxxooxoxoxoxoxoxoxooxxoxoxooxxooxxxooxooxxxooxxooxoxoxoxoxxooxooxxxooxoxoxoox
147 -->  34	xxooxoxoxoxxoooxxoxxoooxxoxoxoxoxooxxoxoxoxoxoxoxoxoxoxoxoxoxoxoxoxoxoxxooxxooxoxooxxoxoxoxoxoxoxooxxoxooxxoxoxoxoxooxxoxoxxooxxooxoxoxoxoxoxoxooxx  oxooxxooxxxooxooxxxooxxooxoxoxoxoxxooxooxxxooxoxoxoox
196 --> 147	xxooxoxoxoxxoooxxoxxoooxxoxoxoxoxooxxoxoxoxoxoxoxoxoxoxoxoxoxoxoxoxoxoxxooxxooxoxooxxoxoxoxoxoxoxooxxoxooxxoxoxoxoxooxxoxoxxooxxooxoxoxoxoxoxoxooxxxooxooxxooxxxooxooxxxooxxooxoxoxoxoxxooxooxxxooxo  xoox
119 --> 196	xxooxoxoxoxxoooxxoxxoooxxoxoxoxoxooxxoxoxoxoxoxoxoxoxoxoxoxoxoxoxoxoxoxxooxxooxoxooxxoxoxoxoxoxoxooxxoxooxxoxoxoxoxooxx  oxxooxxooxoxoxoxoxoxoxooxxxooxooxxooxxxooxooxxxooxxooxoxoxoxoxxooxooxxxooxooxxoox
 58 --> 119	xxooxoxoxoxxoooxxoxxoooxxoxoxoxoxooxxoxoxoxoxoxoxoxoxoxoxo  xoxoxoxoxoxxooxxooxoxooxxoxoxoxoxoxoxooxxoxooxxoxoxoxoxooxxxooxxooxxooxoxoxoxoxoxoxooxxxooxooxxooxxxooxooxxxooxxooxoxoxoxoxxooxooxxxooxooxxoox
135 -->  58	xxooxoxoxoxxoooxxoxxoooxxoxoxoxoxooxxoxoxoxoxoxoxoxoxoxoxooxxoxoxoxoxoxxooxxooxoxooxxoxoxoxoxoxoxooxxoxooxxoxoxoxoxooxxxooxxooxxooxoxox  oxoxoxooxxxooxooxxooxxxooxooxxxooxxooxoxoxoxoxxooxooxxxooxooxxoox
 42 --> 135	xxooxoxoxoxxoooxxoxxoooxxoxoxoxoxooxxoxoxo  xoxoxoxoxoxoxooxxoxoxoxoxoxxooxxooxoxooxxoxoxoxoxoxoxooxxoxooxxoxoxoxoxooxxxooxxooxxooxoxoxxooxoxoxooxxxooxooxxooxxxooxooxxxooxxooxoxoxoxoxxooxooxxxooxooxxoox
 79 -->  42	xxooxoxoxoxxoooxxoxxoooxxoxoxoxoxooxxoxoxooxxoxoxoxoxoxoxooxxoxoxoxoxoxxooxxoox  ooxxoxoxoxoxoxoxooxxoxooxxoxoxoxoxooxxxooxxooxxooxoxoxxooxoxoxooxxxooxooxxooxxxooxooxxxooxxooxoxoxoxoxxooxooxxxooxooxxoox
180 -->  79	xxooxoxoxoxxoooxxoxxoooxxoxoxoxoxooxxoxoxooxxoxoxoxoxoxoxooxxoxoxoxoxoxxooxxooxxoooxxoxoxoxoxoxoxooxxoxooxxoxoxoxoxooxxxooxxooxxooxoxoxxooxoxoxooxxxooxooxxooxxxooxooxxxooxxooxoxoxo  xxooxooxxxooxooxxoox
131 --> 180	xxooxoxoxoxxoooxxoxxoooxxoxoxoxoxooxxoxoxooxxoxoxoxoxoxoxooxxoxoxoxoxoxxooxxooxxoooxxoxoxoxoxoxoxooxxoxooxxoxoxoxoxooxxxooxxooxxoox  oxxooxoxoxooxxxooxooxxooxxxooxooxxxooxxooxoxoxooxxxooxooxxxooxooxxoox
 62 --> 131	xxooxoxoxoxxoooxxoxxoooxxoxoxoxoxooxxoxoxooxxoxoxoxoxoxoxooxxo  xoxoxoxxooxxooxxoooxxoxoxoxoxoxoxooxxoxooxxoxoxoxoxooxxxooxxooxxooxxooxxooxoxoxooxxxooxooxxooxxxooxooxxxooxxooxoxoxooxxxooxooxxxooxooxxoox
  7 -->  62	xxooxox  oxxoooxxoxxoooxxoxoxoxoxooxxoxoxooxxoxoxoxoxoxoxooxxooxxoxoxoxxooxxooxxoooxxoxoxoxoxoxoxooxxoxooxxoxoxoxoxooxxxooxxooxxooxxooxxooxoxoxooxxxooxooxxooxxxooxooxxxooxxooxoxoxooxxxooxooxxxooxooxxoox
 50 -->   7	xxooxoxxooxxoooxxoxxoooxxoxoxoxoxooxxoxoxooxxoxoxo  xoxoxooxxooxxoxoxoxxooxxooxxoooxxoxoxoxoxoxoxooxxoxooxxoxoxoxoxooxxxooxxooxxooxxooxxooxoxoxooxxxooxooxxooxxxooxooxxxooxxooxoxoxooxxxooxooxxxooxooxxoox
 95 -->  50	xxooxoxxooxxoooxxoxxoooxxoxoxoxoxooxxoxoxooxxoxoxooxxoxoxooxxooxxoxoxoxxooxxooxxoooxxoxoxoxoxox  ooxxoxooxxoxoxoxoxooxxxooxxooxxooxxooxxooxoxoxooxxxooxooxxooxxxooxooxxxooxxooxoxoxooxxxooxooxxxooxooxxoox
 26 -->  95	xxooxoxxooxxoooxxoxxoooxxo  xoxoxooxxoxoxooxxoxoxooxxoxoxooxxooxxoxoxoxxooxxooxxoooxxoxoxoxoxoxxoooxxoxooxxoxoxoxoxooxxxooxxooxxooxxooxxooxoxoxooxxxooxooxxooxxxooxooxxxooxxooxoxoxooxxxooxooxxxooxooxxoox
107 -->  26	xxooxoxxooxxoooxxoxxoooxxooxxoxoxooxxoxoxooxxoxoxooxxoxoxooxxooxxoxoxoxxooxxooxxoooxxoxoxoxoxoxxoooxxoxooxx  oxoxoxooxxxooxxooxxooxxooxxooxoxoxooxxxooxooxxooxxxooxooxxxooxxooxoxoxooxxxooxooxxxooxooxxoox
 38 --> 107	xxooxoxxooxxoooxxoxxoooxxooxxoxoxooxxo  xooxxoxoxooxxoxoxooxxooxxoxoxoxxooxxooxxoooxxoxoxoxoxoxxoooxxoxooxxxooxoxoxooxxxooxxooxxooxxooxxooxoxoxooxxxooxooxxooxxxooxooxxxooxxooxoxoxooxxxooxooxxxooxooxxoox
 67 -->  38	xxooxoxxooxxoooxxoxxoooxxooxxoxoxooxxooxxooxxoxoxooxxoxoxooxxooxxox  oxxooxxooxxoooxxoxoxoxoxoxxoooxxoxooxxxooxoxoxooxxxooxxooxxooxxooxxooxoxoxooxxxooxooxxooxxxooxooxxxooxxooxoxoxooxxxooxooxxxooxooxxoox
 90 -->  67	xxooxoxxooxxoooxxoxxoooxxooxxoxoxooxxooxxooxxoxoxooxxoxoxooxxooxxoxxooxxooxxooxxoooxxoxoxo  xoxxoooxxoxooxxxooxoxoxooxxxooxxooxxooxxooxxooxoxoxooxxxooxooxxooxxxooxooxxxooxxooxoxoxooxxxooxooxxxooxooxxoox
 55 -->  90	xxooxoxxooxxoooxxoxxoooxxooxxoxoxooxxooxxooxxoxoxooxxox  ooxxooxxoxxooxxooxxooxxoooxxoxoxooxxoxxoooxxoxooxxxooxoxoxooxxxooxxooxxooxxooxxooxoxoxooxxxooxooxxooxxxooxooxxxooxxooxoxoxooxxxooxooxxxooxooxxoox
 46 -->  55	xxooxoxxooxxoooxxoxxoooxxooxxoxoxooxxooxxooxxo  xooxxoxxoooxxooxxoxxooxxooxxooxxoooxxoxoxooxxoxxoooxxoxooxxxooxoxoxooxxxooxxooxxooxxooxxooxoxoxooxxxooxooxxooxxxooxooxxxooxxooxoxoxooxxxooxooxxxooxooxxoox
175 -->  46	xxooxoxxooxxoooxxoxxoooxxooxxoxoxooxxooxxooxxooxxooxxoxxoooxxooxxoxxooxxooxxooxxoooxxoxoxooxxoxxoooxxoxooxxxooxoxoxooxxxooxxooxxooxxooxxooxoxoxooxxxooxooxxooxxxooxooxxxooxxoox  oxooxxxooxooxxxooxooxxoox
 30 --> 175	xxooxoxxooxxoooxxoxxoooxxooxxo  xooxxooxxooxxooxxooxxoxxoooxxooxxoxxooxxooxxooxxoooxxoxoxooxxoxxoooxxoxooxxxooxoxoxooxxxooxxooxxooxxooxxooxoxoxooxxxooxooxxooxxxooxooxxxooxxooxxooxooxxxooxooxxxooxooxxoox
139 -->  30	xxooxoxxooxxoooxxoxxoooxxooxxooxxooxxooxxooxxooxxooxxoxxoooxxooxxoxxooxxooxxooxxoooxxoxoxooxxoxxoooxxoxooxxxooxoxoxooxxxooxxooxxooxxooxxoox  oxooxxxooxooxxooxxxooxooxxxooxxooxxooxooxxxooxooxxxooxooxxoox
 86 --> 139	xxooxoxxooxxoooxxoxxoooxxooxxooxxooxxooxxooxxooxxooxxoxxoooxxooxxoxxooxxooxxooxxoooxxo  xooxxoxxoooxxoxooxxxooxoxoxooxxxooxxooxxooxxooxxooxxooxooxxxooxooxxooxxxooxooxxxooxxooxxooxooxxxooxooxxxooxooxxoox
111 -->  86	xxooxoxxooxxoooxxoxxoooxxooxxooxxooxxooxxooxxooxxooxxoxxoooxxooxxoxxooxxooxxooxxoooxxooxxooxxoxxoooxxoxooxxxoox  oxooxxxooxxooxxooxxooxxooxxooxooxxxooxooxxooxxxooxooxxxooxxooxxooxooxxxooxooxxxooxooxxoox
  4 --> 111	xxoo  xxooxxoooxxoxxoooxxooxxooxxooxxooxxooxxooxxooxxoxxoooxxooxxoxxooxxooxxooxxoooxxooxxooxxoxxoooxxoxooxxxooxxooxooxxxooxxooxxooxxooxxooxxooxooxxxooxooxxooxxxooxooxxxooxxooxxooxooxxxooxooxxxooxooxxoox
163 -->   4	xxooooxxooxxoooxxoxxoooxxooxxooxxooxxooxxooxxooxxooxxoxxoooxxooxxoxxooxxooxxooxxoooxxooxxooxxoxxoooxxoxooxxxooxxooxooxxxooxxooxxooxxooxxooxxooxooxxxooxooxxooxxxoox  xxxooxxooxxooxooxxxooxooxxxooxooxxoox
 15 --> 163	xxooooxxooxxooo  oxxoooxxooxxooxxooxxooxxooxxooxxooxxoxxoooxxooxxoxxooxxooxxooxxoooxxooxxooxxoxxoooxxoxooxxxooxxooxooxxxooxxooxxooxxooxxooxxooxooxxxooxooxxooxxxooxxxxxxooxxooxxooxooxxxooxooxxxooxooxxoox
108 -->  15	xxooooxxooxxooooooxxoooxxooxxooxxooxxooxxooxxooxxooxxoxxoooxxooxxoxxooxxooxxooxxoooxxooxxooxxoxxoooxxoxooxxx  xxooxooxxxooxxooxxooxxooxxooxxooxooxxxooxooxxooxxxooxxxxxxooxxooxxooxooxxxooxooxxxooxooxxoox
 23 --> 108	xxooooxxooxxooooooxxooo  ooxxooxxooxxooxxooxxooxxooxxoxxoooxxooxxoxxooxxooxxooxxoooxxooxxooxxoxxoooxxoxooxxxxxxxooxooxxxooxxooxxooxxooxxooxxooxooxxxooxooxxooxxxooxxxxxxooxxooxxooxooxxxooxooxxxooxooxxoox
140 -->  23	xxooooxxooxxooooooxxoooooooxxooxxooxxooxxooxxooxxooxxoxxoooxxooxxoxxooxxooxxooxxoooxxooxxooxxoxxoooxxoxooxxxxxxxooxooxxxooxxooxxooxxooxxooxx  xooxxxooxooxxooxxxooxxxxxxooxxooxxooxooxxxooxooxxxooxooxxoox
 70 --> 140	xxooooxxooxxooooooxxoooooooxxooxxooxxooxxooxxooxxooxxoxxoooxxooxxoxxoo  ooxxooxxoooxxooxxooxxoxxoooxxoxooxxxxxxxooxooxxxooxxooxxooxxooxxooxxxxxooxxxooxooxxooxxxooxxxxxxooxxooxxooxooxxxooxooxxxooxooxxoox
112 -->  70	xxooooxxooxxooooooxxoooooooxxooxxooxxooxxooxxooxxooxxoxxoooxxooxxoxxooooooxxooxxoooxxooxxooxxoxxoooxxoxooxxxxxxx  xooxxxooxxooxxooxxooxxooxxxxxooxxxooxooxxooxxxooxxxxxxooxxooxxooxooxxxooxooxxxooxooxxoox
 74 --> 112	xxooooxxooxxooooooxxoooooooxxooxxooxxooxxooxxooxxooxxoxxoooxxooxxoxxoooooo  ooxxoooxxooxxooxxoxxoooxxoxooxxxxxxxxxxooxxxooxxooxxooxxooxxooxxxxxooxxxooxooxxooxxxooxxxxxxooxxooxxooxooxxxooxooxxxooxooxxoox
176 -->  74	xxooooxxooxxooooooxxoooooooxxooxxooxxooxxooxxooxxooxxoxxoooxxooxxoxxooooooooooxxoooxxooxxooxxoxxoooxxoxooxxxxxxxxxxooxxxooxxooxxooxxooxxooxxxxxooxxxooxooxxooxxxooxxxxxxooxxooxx  xooxxxooxooxxxooxooxxoox
 87 --> 176	xxooooxxooxxooooooxxoooooooxxooxxooxxooxxooxxooxxooxxoxxoooxxooxxoxxooooooooooxxoooxxoo  ooxxoxxoooxxoxooxxxxxxxxxxooxxxooxxooxxooxxooxxooxxxxxooxxxooxooxxooxxxooxxxxxxooxxooxxxxxooxxxooxooxxxooxooxxoox
148 -->  87	xxooooxxooxxooooooxxoooooooxxooxxooxxooxxooxxooxxooxxoxxoooxxooxxoxxooooooooooxxoooxxooooooxxoxxoooxxoxooxxxxxxxxxxooxxxooxxooxxooxxooxxooxxxxxooxxx  xooxxooxxxooxxxxxxooxxooxxxxxooxxxooxooxxxooxooxxoox
 66 --> 148	xxooooxxooxxooooooxxoooooooxxooxxooxxooxxooxxooxxooxxoxxoooxxooxxo  ooooooooooxxoooxxooooooxxoxxoooxxoxooxxxxxxxxxxooxxxooxxooxxooxxooxxooxxxxxooxxxxxxooxxooxxxooxxxxxxooxxooxxxxxooxxxooxooxxxooxooxxoox
155 -->  66	xxooooxxooxxooooooxxoooooooxxooxxooxxooxxooxxooxxooxxoxxoooxxooxxoooooooooooooxxoooxxooooooxxoxxoooxxoxooxxxxxxxxxxooxxxooxxooxxooxxooxxooxxxxxooxxxxxxooxx  xxxooxxxxxxooxxooxxxxxooxxxooxooxxxooxooxxoox
  6 --> 155	xxoooo  ooxxooooooxxoooooooxxooxxooxxooxxooxxooxxooxxoxxoooxxooxxoooooooooooooxxoooxxooooooxxoxxoooxxoxooxxxxxxxxxxooxxxooxxooxxooxxooxxooxxxxxooxxxxxxooxxxxxxxooxxxxxxooxxooxxxxxooxxxooxooxxxooxooxxoox
120 -->   6	xxooooooooxxooooooxxoooooooxxooxxooxxooxxooxxooxxooxxoxxoooxxooxxoooooooooooooxxoooxxooooooxxoxxoooxxoxooxxxxxxxxxxooxxx  xxooxxooxxooxxooxxxxxooxxxxxxooxxxxxxxooxxxxxxooxxooxxxxxooxxxooxooxxxooxooxxoox
 43 --> 120	xxooooooooxxooooooxxoooooooxxooxxooxxooxxoo  ooxxooxxoxxoooxxooxxoooooooooooooxxoooxxooooooxxoxxoooxxoxooxxxxxxxxxxooxxxxxxxooxxooxxooxxooxxxxxooxxxxxxooxxxxxxxooxxxxxxooxxooxxxxxooxxxooxooxxxooxooxxoox
195 -->  43	xxooooooooxxooooooxxoooooooxxooxxooxxooxxooooooxxooxxoxxoooxxooxxoooooooooooooxxoooxxooooooxxoxxoooxxoxooxxxxxxxxxxooxxxxxxxooxxooxxooxxooxxxxxooxxxxxxooxxxxxxxooxxxxxxooxxooxxxxxooxxxooxooxxxoox  xxoox
 39 --> 195	xxooooooooxxooooooxxoooooooxxooxxooxxoo  ooooooxxooxxoxxoooxxooxxoooooooooooooxxoooxxooooooxxoxxoooxxoxooxxxxxxxxxxooxxxxxxxooxxooxxooxxooxxxxxooxxxxxxooxxxxxxxooxxxxxxooxxooxxxxxooxxxooxooxxxooxxxxxoox
115 -->  39	xxooooooooxxooooooxxoooooooxxooxxooxxooooooooooxxooxxoxxoooxxooxxoooooooooooooxxoooxxooooooxxoxxoooxxoxooxxxxxxxxxx  xxxxxxxooxxooxxooxxooxxxxxooxxxxxxooxxxxxxxooxxxxxxooxxooxxxxxooxxxooxooxxxooxxxxxoox
 10 --> 115	xxoooooooo  ooooooxxoooooooxxooxxooxxooooooooooxxooxxoxxoooxxooxxoooooooooooooxxoooxxooooooxxoxxoooxxoxooxxxxxxxxxxxxxxxxxxxooxxooxxooxxooxxxxxooxxxxxxooxxxxxxxooxxxxxxooxxooxxxxxooxxxooxooxxxooxxxxxoox
172 -->  10	xxooooooooooooooooxxoooooooxxooxxooxxooooooooooxxooxxoxxoooxxooxxoooooooooooooxxoooxxooooooxxoxxoooxxoxooxxxxxxxxxxxxxxxxxxxooxxooxxooxxooxxxxxooxxxxxxooxxxxxxxooxxxxxxooxx  xxxxxooxxxooxooxxxooxxxxxoox
 78 --> 172	xxooooooooooooooooxxoooooooxxooxxooxxooooooooooxxooxxoxxoooxxooxxooooooooooooo  oooxxooooooxxoxxoooxxoxooxxxxxxxxxxxxxxxxxxxooxxooxxooxxooxxxxxooxxxxxxooxxxxxxxooxxxxxxooxxxxxxxxxooxxxooxooxxxooxxxxxoox
192 -->  78	xxooooooooooooooooxxoooooooxxooxxooxxooooooooooxxooxxoxxoooxxooxxooooooooooooooooooxxooooooxxoxxoooxxoxooxxxxxxxxxxxxxxxxxxxooxxooxxooxxooxxxxxooxxxxxxooxxxxxxxooxxxxxxooxxxxxxxxxooxxxooxooxxx  xxxxxoox
 94 --> 192	xxooooooooooooooooxxoooooooxxooxxooxxooooooooooxxooxxoxxoooxxooxxooooooooooooooooooxxooooooxxo  oooxxoxooxxxxxxxxxxxxxxxxxxxooxxooxxooxxooxxxxxooxxxxxxooxxxxxxxooxxxxxxooxxxxxxxxxooxxxooxooxxxxxxxxxxoox
103 -->  94	xxooooooooooooooooxxoooooooxxooxxooxxooooooooooxxooxxoxxoooxxooxxooooooooooooooooooxxooooooxxooooooxxox  xxxxxxxxxxxxxxxxxxxooxxooxxooxxooxxxxxooxxxxxxooxxxxxxxooxxxxxxooxxxxxxxxxooxxxooxooxxxxxxxxxxoox
 35 --> 103	xxooooooooooooooooxxoooooooxxooxxoo  ooooooooooxxooxxoxxoooxxooxxooooooooooooooooooxxooooooxxooooooxxoxxxxxxxxxxxxxxxxxxxxxxooxxooxxooxxooxxxxxooxxxxxxooxxxxxxxooxxxxxxooxxxxxxxxxooxxxooxooxxxxxxxxxxoox
187 -->  35	xxooooooooooooooooxxoooooooxxooxxooooooooooooooxxooxxoxxoooxxooxxooooooooooooooooooxxooooooxxooooooxxoxxxxxxxxxxxxxxxxxxxxxxooxxooxxooxxooxxxxxooxxxxxxooxxxxxxxooxxxxxxooxxxxxxxxxooxxxoox  xxxxxxxxxxoox
 91 --> 187	xxooooooooooooooooxxoooooooxxooxxooooooooooooooxxooxxoxxoooxxooxxooooooooooooooooooxxoooooo  ooooooxxoxxxxxxxxxxxxxxxxxxxxxxooxxooxxooxxooxxxxxooxxxxxxooxxxxxxxooxxxxxxooxxxxxxxxxooxxxooxxxxxxxxxxxxxoox
136 -->  91	xxooooooooooooooooxxoooooooxxooxxooooooooooooooxxooxxoxxoooxxooxxooooooooooooooooooxxooooooooooooooxxoxxxxxxxxxxxxxxxxxxxxxxooxxooxxooxx  xxxxxooxxxxxxooxxxxxxxooxxxxxxooxxxxxxxxxooxxxooxxxxxxxxxxxxxoox
 99 --> 136	xxooooooooooooooooxxoooooooxxooxxooooooooooooooxxooxxoxxoooxxooxxooooooooooooooooooxxoooooooooooooo  oxxxxxxxxxxxxxxxxxxxxxxooxxooxxooxxxxxxxxxooxxxxxxooxxxxxxxooxxxxxxooxxxxxxxxxooxxxooxxxxxxxxxxxxxoox
160 -->  99	xxooooooooooooooooxxoooooooxxooxxooooooooooooooxxooxxoxxoooxxooxxooooooooooooooooooxxoooooooooooooooooxxxxxxxxxxxxxxxxxxxxxxooxxooxxooxxxxxxxxxooxxxxxxooxxxxxxx  xxxxxxooxxxxxxxxxooxxxooxxxxxxxxxxxxxoox
 83 --> 160	xxooooooooooooooooxxoooooooxxooxxooooooooooooooxxooxxoxxoooxxooxxoooooooooooooooooo  oooooooooooooooooxxxxxxxxxxxxxxxxxxxxxxooxxooxxooxxxxxxxxxooxxxxxxooxxxxxxxxxxxxxxxooxxxxxxxxxooxxxooxxxxxxxxxxxxxoox
128 -->  83	xxooooooooooooooooxxoooooooxxooxxooooooooooooooxxooxxoxxoooxxooxxoooooooooooooooooooooooooooooooooooooxxxxxxxxxxxxxxxxxxxxxxooxx  xxooxxxxxxxxxooxxxxxxooxxxxxxxxxxxxxxxooxxxxxxxxxooxxxooxxxxxxxxxxxxxoox
 31 --> 128	xxooooooooooooooooxxoooooooxxoo  ooooooooooooooxxooxxoxxoooxxooxxoooooooooooooooooooooooooooooooooooooxxxxxxxxxxxxxxxxxxxxxxooxxxxxxooxxxxxxxxxooxxxxxxooxxxxxxxxxxxxxxxooxxxxxxxxxooxxxooxxxxxxxxxxxxxoox
151 -->  31	xxooooooooooooooooxxoooooooxxooooooooooooooooooxxooxxoxxoooxxooxxoooooooooooooooooooooooooooooooooooooxxxxxxxxxxxxxxxxxxxxxxooxxxxxxooxxxxxxxxxooxxxxxx  xxxxxxxxxxxxxxxooxxxxxxxxxooxxxooxxxxxxxxxxxxxoox
 51 --> 151	xxooooooooooooooooxxoooooooxxooooooooooooooooooxxoo  oxxoooxxooxxoooooooooooooooooooooooooooooooooooooxxxxxxxxxxxxxxxxxxxxxxooxxxxxxooxxxxxxxxxooxxxxxxxxxxxxxxxxxxxxxxxooxxxxxxxxxooxxxooxxxxxxxxxxxxxoox
184 -->  51	xxooooooooooooooooxxoooooooxxooooooooooooooooooxxoooooxxoooxxooxxoooooooooooooooooooooooooooooooooooooxxxxxxxxxxxxxxxxxxxxxxooxxxxxxooxxxxxxxxxooxxxxxxxxxxxxxxxxxxxxxxxooxxxxxxxxxooxxx  xxxxxxxxxxxxxoox
 63 --> 184	xxooooooooooooooooxxoooooooxxooooooooooooooooooxxoooooxxoooxxoo  oooooooooooooooooooooooooooooooooooooxxxxxxxxxxxxxxxxxxxxxxooxxxxxxooxxxxxxxxxooxxxxxxxxxxxxxxxxxxxxxxxooxxxxxxxxxooxxxxxxxxxxxxxxxxxxoox
132 -->  63	xxooooooooooooooooxxoooooooxxooooooooooooooooooxxoooooxxoooxxoooooooooooooooooooooooooooooooooooooooooxxxxxxxxxxxxxxxxxxxxxxooxxxxxx  xxxxxxxxxooxxxxxxxxxxxxxxxxxxxxxxxooxxxxxxxxxooxxxxxxxxxxxxxxxxxxoox
 27 --> 132	xxooooooooooooooooxxooooooo  ooooooooooooooooooxxoooooxxoooxxoooooooooooooooooooooooooooooooooooooooooxxxxxxxxxxxxxxxxxxxxxxooxxxxxxxxxxxxxxxxxooxxxxxxxxxxxxxxxxxxxxxxxooxxxxxxxxxooxxxxxxxxxxxxxxxxxxoox
124 -->  27	xxooooooooooooooooxxoooooooooooooooooooooooooooxxoooooxxoooxxoooooooooooooooooooooooooooooooooooooooooxxxxxxxxxxxxxxxxxxxxxx  xxxxxxxxxxxxxxxxxooxxxxxxxxxxxxxxxxxxxxxxxooxxxxxxxxxooxxxxxxxxxxxxxxxxxxoox
 47 --> 124	xxooooooooooooooooxxooooooooooooooooooooooooooo  oooooxxoooxxoooooooooooooooooooooooooooooooooooooooooxxxxxxxxxxxxxxxxxxxxxxxxxxxxxxxxxxxxxxxxxooxxxxxxxxxxxxxxxxxxxxxxxooxxxxxxxxxooxxxxxxxxxxxxxxxxxxoox
143 -->  47	xxooooooooooooooooxxooooooooooooooooooooooooooooooooooxxoooxxoooooooooooooooooooooooooooooooooooooooooxxxxxxxxxxxxxxxxxxxxxxxxxxxxxxxxxxxxxxxxx  xxxxxxxxxxxxxxxxxxxxxxxooxxxxxxxxxooxxxxxxxxxxxxxxxxxxoox
 59 --> 143	xxooooooooooooooooxxooooooooooooooooooooooooooooooooooxxooo  oooooooooooooooooooooooooooooooooooooooooxxxxxxxxxxxxxxxxxxxxxxxxxxxxxxxxxxxxxxxxxxxxxxxxxxxxxxxxxxxxxxxxxxooxxxxxxxxxooxxxxxxxxxxxxxxxxxxoox
168 -->  59	xxooooooooooooooooxxooooooooooooooooooooooooooooooooooxxooooooooooooooooooooooooooooooooooooooooooooooxxxxxxxxxxxxxxxxxxxxxxxxxxxxxxxxxxxxxxxxxxxxxxxxxxxxxxxxxxxxxxxxxx  xxxxxxxxxooxxxxxxxxxxxxxxxxxxoox
 18 --> 168	xxoooooooooooooooo  ooooooooooooooooooooooooooooooooooxxooooooooooooooooooooooooooooooooooooooooooooooxxxxxxxxxxxxxxxxxxxxxxxxxxxxxxxxxxxxxxxxxxxxxxxxxxxxxxxxxxxxxxxxxxxxxxxxxxxxxooxxxxxxxxxxxxxxxxxxoox
179 -->  18	xxooooooooooooooooooooooooooooooooooooooooooooooooooooxxooooooooooooooooooooooooooooooooooooooooooooooxxxxxxxxxxxxxxxxxxxxxxxxxxxxxxxxxxxxxxxxxxxxxxxxxxxxxxxxxxxxxxxxxxxxxxxxxxxxx  xxxxxxxxxxxxxxxxxxoox
 54 --> 179	xxoooooooooooooooooooooooooooooooooooooooooooooooooooo  ooooooooooooooooooooooooooooooooooooooooooooooxxxxxxxxxxxxxxxxxxxxxxxxxxxxxxxxxxxxxxxxxxxxxxxxxxxxxxxxxxxxxxxxxxxxxxxxxxxxxxxxxxxxxxxxxxxxxxxxxoox
199 -->  54	xxooooooooooooooooooooooooooooooooooooooooooooooooooooooooooooooooooooooooooooooooooooooooooooooooooooxxxxxxxxxxxxxxxxxxxxxxxxxxxxxxxxxxxxxxxxxxxxxxxxxxxxxxxxxxxxxxxxxxxxxxxxxxxxxxxxxxxxxxxxxxxxxxxxx  x
  0 --> 199	  ooooooooooooooooooooooooooooooooooooooooooooooooooooooooooooooooooooooooooooooooooooooooooooooooooooxxxxxxxxxxxxxxxxxxxxxxxxxxxxxxxxxxxxxxxxxxxxxxxxxxxxxxxxxxxxxxxxxxxxxxxxxxxxxxxxxxxxxxxxxxxxxxxxxxxx

======================
