==============================[MINISAT]===============================
| Conflicts |     ORIGINAL     |          LEARNT          | Progress |
|           | Clauses Literals | Clauses Literals  Lit/Cl |          |
======================================================================
|         0 | 5120430 10952902 |       0        0    -nan |  0.000 % |
======================================================================
SAT
==============================[MINISAT]===============================
| Conflicts |     ORIGINAL     |          LEARNT          | Progress |
|           | Clauses Literals | Clauses Literals  Lit/Cl |          |
======================================================================
|   1645897 | 3707453  7958951 | 1571206 296156516   188.5 | 21.597 % |
======================================================================


           	xoxoxoxoxoxoxoxoxoxoxoxoxoxoxoxoxoxoxoxoxoxoxoxoxoxoxoxoxoxoxoxoxoxoxoxoxoxoxoxoxoxoxoxoxoxoxoxoxoxoxoxoxoxoxoxoxoxoxoxoxoxoxoxoxoxoxoxoxoxoxoxoxoxoxoxoxoxoxoxoxoxoxoxoxoxoxoxoxoxoxoxoxoxoxoxoxoxoxoxoxoxoxoxoxoxoxoxoxoxo
143 --> 220	xoxoxoxoxoxoxoxoxoxoxoxoxoxoxoxoxoxoxoxoxoxoxoxoxoxoxoxoxoxoxoxoxoxoxoxoxoxoxoxoxoxoxoxoxoxoxoxoxoxoxoxoxoxoxoxoxoxoxoxoxoxoxoxoxoxoxoxoxoxoxox  oxoxoxoxoxoxoxoxoxoxoxoxoxoxoxoxoxoxoxoxoxoxoxoxoxoxoxoxoxoxoxoxoxoxoxoxoxoox
 32 --> 143	xoxoxoxoxoxoxoxoxoxoxoxoxoxoxoxo  xoxoxoxoxoxoxoxoxoxoxoxoxoxoxoxoxoxoxoxoxoxoxoxoxoxoxoxoxoxoxoxoxoxoxoxoxoxoxoxoxoxoxoxoxoxoxoxoxoxoxoxoxoxoxxooxoxoxoxoxoxoxoxoxoxoxoxoxoxoxoxoxoxoxoxoxoxoxoxoxoxoxoxoxoxoxoxoxoxoxoxoxoox
 25 -->  32	xoxoxoxoxoxoxoxoxoxoxoxox  oxoxooxxoxoxoxoxoxoxoxoxoxoxoxoxoxoxoxoxoxoxoxoxoxoxoxoxoxoxoxoxoxoxoxoxoxoxoxoxoxoxoxoxoxoxoxoxoxoxoxoxoxoxoxoxoxoxxooxoxoxoxoxoxoxoxoxoxoxoxoxoxoxoxoxoxoxoxoxoxoxoxoxoxoxoxoxoxoxoxoxoxoxoxoxoox
176 -->  25	xoxoxoxoxoxoxoxoxoxoxoxoxxooxoxooxxoxoxoxoxoxoxoxoxoxoxoxoxoxoxoxoxoxoxoxoxoxoxoxoxoxoxoxoxoxoxoxoxoxoxoxoxoxoxoxoxoxoxoxoxoxoxoxoxoxoxoxoxoxoxxooxoxoxoxoxoxoxoxoxoxoxoxoxoxoxo  xoxoxoxoxoxoxoxoxoxoxoxoxoxoxoxoxoxoxoxoxoox
171 --> 176	xoxoxoxoxoxoxoxoxoxoxoxoxxooxoxooxxoxoxoxoxoxoxoxoxoxoxoxoxoxoxoxoxoxoxoxoxoxoxoxoxoxoxoxoxoxoxoxoxoxoxoxoxoxoxoxoxoxoxoxoxoxoxoxoxoxoxoxoxoxoxxooxoxoxoxoxoxoxoxoxoxoxoxox  oxooxxoxoxoxoxoxoxoxoxoxoxoxoxoxoxoxoxoxoxoxoxoox
188 --> 171	xoxoxoxoxoxoxoxoxoxoxoxoxxooxoxooxxoxoxoxoxoxoxoxoxoxoxoxoxoxoxoxoxoxoxoxoxoxoxoxoxoxoxoxoxoxoxoxoxoxoxoxoxoxoxoxoxoxoxoxoxoxoxoxoxoxoxoxoxoxoxxooxoxoxoxoxoxoxoxoxoxoxoxoxxooxooxxoxoxoxoxo  xoxoxoxoxoxoxoxoxoxoxoxoxoxoxoox
 29 --> 188	xoxoxoxoxoxoxoxoxoxoxoxoxxoox  ooxxoxoxoxoxoxoxoxoxoxoxoxoxoxoxoxoxoxoxoxoxoxoxoxoxoxoxoxoxoxoxoxoxoxoxoxoxoxoxoxoxoxoxoxoxoxoxoxoxoxoxoxoxoxoxxooxoxoxoxoxoxoxoxoxoxoxoxoxxooxooxxoxoxoxoxooxxoxoxoxoxoxoxoxoxoxoxoxoxoxoxoox
124 -->  29	xoxoxoxoxoxoxoxoxoxoxoxoxxooxxoooxxoxoxoxoxoxoxoxoxoxoxoxoxoxoxoxoxoxoxoxoxoxoxoxoxoxoxoxoxoxoxoxoxoxoxoxoxoxoxoxoxoxoxoxoxo  xoxoxoxoxoxoxoxoxxooxoxoxoxoxoxoxoxoxoxoxoxoxxooxooxxoxoxoxoxooxxoxoxoxoxoxoxoxoxoxoxoxoxoxoxoox
195 --> 124	xoxoxoxoxoxoxoxoxoxoxoxoxxooxxoooxxoxoxoxoxoxoxoxoxoxoxoxoxoxoxoxoxoxoxoxoxoxoxoxoxoxoxoxoxoxoxoxoxoxoxoxoxoxoxoxoxoxoxoxoxooxxoxoxoxoxoxoxoxoxxooxoxoxoxoxoxoxoxoxoxoxoxoxxooxooxxoxoxoxoxooxxoxox  oxoxoxoxoxoxoxoxoxoxoxoox
136 --> 195	xoxoxoxoxoxoxoxoxoxoxoxoxxooxxoooxxoxoxoxoxoxoxoxoxoxoxoxoxoxoxoxoxoxoxoxoxoxoxoxoxoxoxoxoxoxoxoxoxoxoxoxoxoxoxoxoxoxoxoxoxooxxoxoxoxoxo  xoxoxxooxoxoxoxoxoxoxoxoxoxoxoxoxxooxooxxoxoxoxoxooxxoxoxxooxoxoxoxoxoxoxoxoxoxoxoox
191 --> 136	xoxoxoxoxoxoxoxoxoxoxoxoxxooxxoooxxoxoxoxoxoxoxoxoxoxoxoxoxoxoxoxoxoxoxoxoxoxoxoxoxoxoxoxoxoxoxoxoxoxoxoxoxoxoxoxoxoxoxoxoxooxxoxoxoxoxooxxoxoxxooxoxoxoxoxoxoxoxoxoxoxoxoxxooxooxxoxoxoxoxooxx  oxxooxoxoxoxoxoxoxoxoxoxoxoox
 16 --> 191	xoxoxoxoxoxoxoxo  xoxoxoxxooxxoooxxoxoxoxoxoxoxoxoxoxoxoxoxoxoxoxoxoxoxoxoxoxoxoxoxoxoxoxoxoxoxoxoxoxoxoxoxoxoxoxoxoxoxoxoxooxxoxoxoxoxooxxoxoxxooxoxoxoxoxoxoxoxoxoxoxoxoxxooxooxxoxoxoxoxooxxxooxxooxoxoxoxoxoxoxoxoxoxoxoox
 57 -->  16	xoxoxoxoxoxoxoxooxxoxoxoxxooxxoooxxoxoxoxoxoxoxoxoxoxoxox  oxoxoxoxoxoxoxoxoxoxoxoxoxoxoxoxoxoxoxoxoxoxoxoxoxoxoxoxoxoxoxoxooxxoxoxoxoxooxxoxoxxooxoxoxoxoxoxoxoxoxoxoxoxoxxooxooxxoxoxoxoxooxxxooxxooxoxoxoxoxoxoxoxoxoxoxoox
128 -->  57	xoxoxoxoxoxoxoxooxxoxoxoxxooxxoooxxoxoxoxoxoxoxoxoxoxoxoxxooxoxoxoxoxoxoxoxoxoxoxoxoxoxoxoxoxoxoxoxoxoxoxoxoxoxoxoxoxoxoxoxooxxo  xoxoxooxxoxoxxooxoxoxoxoxoxoxoxoxoxoxoxoxxooxooxxoxoxoxoxooxxxooxxooxoxoxoxoxoxoxoxoxoxoxoox
 81 --> 128	xoxoxoxoxoxoxoxooxxoxoxoxxooxxoooxxoxoxoxoxoxoxoxoxoxoxoxxooxoxoxoxoxoxoxoxoxoxox  oxoxoxoxoxoxoxoxoxoxoxoxoxoxoxoxoxoxoxoxooxxooxxoxoxooxxoxoxxooxoxoxoxoxoxoxoxoxoxoxoxoxxooxooxxoxoxoxoxooxxxooxxooxoxoxoxoxoxoxoxoxoxoxoox
 48 -->  81	xoxoxoxoxoxoxoxooxxoxoxoxxooxxoooxxoxoxoxoxoxoxo  xoxoxoxxooxoxoxoxoxoxoxoxoxoxoxxooxoxoxoxoxoxoxoxoxoxoxoxoxoxoxoxoxoxoxoxooxxooxxoxoxooxxoxoxxooxoxoxoxoxoxoxoxoxoxoxoxoxxooxooxxoxoxoxoxooxxxooxxooxoxoxoxoxoxoxoxoxoxoxoox
 85 -->  48	xoxoxoxoxoxoxoxooxxoxoxoxxooxxoooxxoxoxoxoxoxoxooxxoxoxoxxooxoxoxoxoxoxoxoxoxoxoxxoox  oxoxoxoxoxoxoxoxoxoxoxoxoxoxoxoxoxoxooxxooxxoxoxooxxoxoxxooxoxoxoxoxoxoxoxoxoxoxoxoxxooxooxxoxoxoxoxooxxxooxxooxoxoxoxoxoxoxoxoxoxoxoox
208 -->  85	xoxoxoxoxoxoxoxooxxoxoxoxxooxxoooxxoxoxoxoxoxoxooxxoxoxoxxooxoxoxoxoxoxoxoxoxoxoxxooxxooxoxoxoxoxoxoxoxoxoxoxoxoxoxoxoxoxoxooxxooxxoxoxooxxoxoxxooxoxoxoxoxoxoxoxoxoxoxoxoxxooxooxxoxoxoxoxooxxxooxxooxoxoxoxoxo  xoxoxoxoxoox
 21 --> 208	xoxoxoxoxoxoxoxooxxox  oxxooxxoooxxoxoxoxoxoxoxooxxoxoxoxxooxoxoxoxoxoxoxoxoxoxoxxooxxooxoxoxoxoxoxoxoxoxoxoxoxoxoxoxoxoxoxooxxooxxoxoxooxxoxoxxooxoxoxoxoxoxoxoxoxoxoxoxoxxooxooxxoxoxoxoxooxxxooxxooxoxoxoxoxooxxoxoxoxoxoox
104 -->  21	xoxoxoxoxoxoxoxooxxoxxooxxooxxoooxxoxoxoxoxoxoxooxxoxoxoxxooxoxoxoxoxoxoxoxoxoxoxxooxxooxoxoxoxoxoxoxoxo  xoxoxoxoxoxoxoxoxooxxooxxoxoxooxxoxoxxooxoxoxoxoxoxoxoxoxoxoxoxoxxooxooxxoxoxoxoxooxxxooxxooxoxoxoxoxooxxoxoxoxoxoox
179 --> 104	xoxoxoxoxoxoxoxooxxoxxooxxooxxoooxxoxoxoxoxoxoxooxxoxoxoxxooxoxoxoxoxoxoxoxoxoxoxxooxxooxoxoxoxoxoxoxoxooxxoxoxoxoxoxoxoxoxooxxooxxoxoxooxxoxoxxooxoxoxoxoxoxoxoxoxoxoxoxoxxooxooxx  oxoxoxooxxxooxxooxoxoxoxoxooxxoxoxoxoxoox
  4 --> 179	xoxo  xoxoxoxoxooxxoxxooxxooxxoooxxoxoxoxoxoxoxooxxoxoxoxxooxoxoxoxoxoxoxoxoxoxoxxooxxooxoxoxoxoxoxoxoxooxxoxoxoxoxoxoxoxoxooxxooxxoxoxooxxoxoxxooxoxoxoxoxoxoxoxoxoxoxoxoxxooxooxxxooxoxoxooxxxooxxooxoxoxoxoxooxxoxoxoxoxoox
 61 -->   4	xoxooxxoxoxoxoxooxxoxxooxxooxxoooxxoxoxoxoxoxoxooxxoxoxoxxoox  oxoxoxoxoxoxoxoxoxxooxxooxoxoxoxoxoxoxoxooxxoxoxoxoxoxoxoxoxooxxooxxoxoxooxxoxoxxooxoxoxoxoxoxoxoxoxoxoxoxoxxooxooxxxooxoxoxooxxxooxxooxoxoxoxoxooxxoxoxoxoxoox
114 -->  61	xoxooxxoxoxoxoxooxxoxxooxxooxxoooxxoxoxoxoxoxoxooxxoxoxoxxooxxooxoxoxoxoxoxoxoxoxxooxxooxoxoxoxoxoxoxoxooxxoxoxoxo  xoxoxoxooxxooxxoxoxooxxoxoxxooxoxoxoxoxoxoxoxoxoxoxoxoxxooxooxxxooxoxoxooxxxooxxooxoxoxoxoxooxxoxoxoxoxoox
203 --> 114	xoxooxxoxoxoxoxooxxoxxooxxooxxoooxxoxoxoxoxoxoxooxxoxoxoxxooxxooxoxoxoxoxoxoxoxoxxooxxooxoxoxoxoxoxoxoxooxxoxoxoxooxxoxoxoxooxxooxxoxoxooxxoxoxxooxoxoxoxoxoxoxoxoxoxoxoxoxxooxooxxxooxoxoxooxxxooxxooxoxox  oxooxxoxoxoxoxoox
 64 --> 203	xoxooxxoxoxoxoxooxxoxxooxxooxxoooxxoxoxoxoxoxoxooxxoxoxoxxooxxoo  xoxoxoxoxoxoxoxxooxxooxoxoxoxoxoxoxoxooxxoxoxoxooxxoxoxoxooxxooxxoxoxooxxoxoxxooxoxoxoxoxoxoxoxoxoxoxoxoxxooxooxxxooxoxoxooxxxooxxooxoxoxxooxooxxoxoxoxoxoox
163 -->  64	xoxooxxoxoxoxoxooxxoxxooxxooxxoooxxoxoxoxoxoxoxooxxoxoxoxxooxxoooxxoxoxoxoxoxoxoxxooxxooxoxoxoxoxoxoxoxooxxoxoxoxooxxoxoxoxooxxooxxoxoxooxxoxoxxooxoxoxoxoxoxoxoxox  oxoxoxxooxooxxxooxoxoxooxxxooxxooxoxoxxooxooxxoxoxoxoxoox
 72 --> 163	xoxooxxoxoxoxoxooxxoxxooxxooxxoooxxoxoxoxoxoxoxooxxoxoxoxxooxxoooxxoxoxo  xoxoxoxxooxxooxoxoxoxoxoxoxoxooxxoxoxoxooxxoxoxoxooxxooxxoxoxooxxoxoxxooxoxoxoxoxoxoxoxoxxooxoxoxxooxooxxxooxoxoxooxxxooxxooxoxoxxooxooxxoxoxoxoxoox
 89 -->  72	xoxooxxoxoxoxoxooxxoxxooxxooxxoooxxoxoxoxoxoxoxooxxoxoxoxxooxxoooxxoxoxooxxoxoxoxxooxxoox  oxoxoxoxoxoxooxxoxoxoxooxxoxoxoxooxxooxxoxoxooxxoxoxxooxoxoxoxoxoxoxoxoxxooxoxoxxooxooxxxooxoxoxooxxxooxxooxoxoxxooxooxxoxoxoxoxoox
 76 -->  89	xoxooxxoxoxoxoxooxxoxxooxxooxxoooxxoxoxoxoxoxoxooxxoxoxoxxooxxoooxxoxoxooxxo  xoxxooxxooxxooxoxoxoxoxoxooxxoxoxoxooxxoxoxoxooxxooxxoxoxooxxoxoxxooxoxoxoxoxoxoxoxoxxooxoxoxxooxooxxxooxoxoxooxxxooxxooxoxoxxooxooxxoxoxoxoxoox
 41 -->  76	xoxooxxoxoxoxoxooxxoxxooxxooxxoooxxoxoxox  oxoxooxxoxoxoxxooxxoooxxoxoxooxxooxxoxxooxxooxxooxoxoxoxoxoxooxxoxoxoxooxxoxoxoxooxxooxxoxoxooxxoxoxxooxoxoxoxoxoxoxoxoxxooxoxoxxooxooxxxooxoxoxooxxxooxxooxoxoxxooxooxxoxoxoxoxoox
 92 -->  41	xoxooxxoxoxoxoxooxxoxxooxxooxxoooxxoxoxoxxooxoxooxxoxoxoxxooxxoooxxoxoxooxxooxxoxxooxxooxxoo  xoxoxoxoxooxxoxoxoxooxxoxoxoxooxxooxxoxoxooxxoxoxxooxoxoxoxoxoxoxoxoxxooxoxoxxooxooxxxooxoxoxooxxxooxxooxoxoxxooxooxxoxoxoxoxoox
 45 -->  92	xoxooxxoxoxoxoxooxxoxxooxxooxxoooxxoxoxoxxoox  ooxxoxoxoxxooxxoooxxoxoxooxxooxxoxxooxxooxxoooxxoxoxoxoxooxxoxoxoxooxxoxoxoxooxxooxxoxoxooxxoxoxxooxoxoxoxoxoxoxoxoxxooxoxoxxooxooxxxooxoxoxooxxxooxxooxoxoxxooxooxxoxoxoxoxoox
140 -->  45	xoxooxxoxoxoxoxooxxoxxooxxooxxoooxxoxoxoxxooxxoooxxoxoxoxxooxxoooxxoxoxooxxooxxoxxooxxooxxoooxxoxoxoxoxooxxoxoxoxooxxoxoxoxooxxooxxoxoxooxxo  xxooxoxoxoxoxoxoxoxoxxooxoxoxxooxooxxxooxoxoxooxxxooxxooxoxoxxooxooxxoxoxoxoxoox
159 --> 140	xoxooxxoxoxoxoxooxxoxxooxxooxxoooxxoxoxoxxooxxoooxxoxoxoxxooxxoooxxoxoxooxxooxxoxxooxxooxxoooxxoxoxoxoxooxxoxoxoxooxxoxoxoxooxxooxxoxoxooxxooxxxooxoxoxoxoxoxox  oxxooxoxoxxooxooxxxooxoxoxooxxxooxxooxoxoxxooxooxxoxoxoxoxoox
148 --> 159	xoxooxxoxoxoxoxooxxoxxooxxooxxoooxxoxoxoxxooxxoooxxoxoxoxxooxxoooxxoxoxooxxooxxoxxooxxooxxoooxxoxoxoxoxooxxoxoxoxooxxoxoxoxooxxooxxoxoxooxxooxxxooxo  xoxoxoxoxxooxxooxoxoxxooxooxxxooxoxoxooxxxooxxooxoxoxxooxooxxoxoxoxoxoox
  1 --> 148	x  ooxxoxoxoxoxooxxoxxooxxooxxoooxxoxoxoxxooxxoooxxoxoxoxxooxxoooxxoxoxooxxooxxoxxooxxooxxoooxxoxoxoxoxooxxoxoxoxooxxoxoxoxooxxooxxoxoxooxxooxxxooxooxxoxoxoxoxxooxxooxoxoxxooxooxxxooxoxoxooxxxooxxooxoxoxxooxooxxoxoxoxoxoox
 96 -->   1	xxoooxxoxoxoxoxooxxoxxooxxooxxoooxxoxoxoxxooxxoooxxoxoxoxxooxxoooxxoxoxooxxooxxoxxooxxooxxoooxxo  xoxoxooxxoxoxoxooxxoxoxoxooxxooxxoxoxooxxooxxxooxooxxoxoxoxoxxooxxooxoxoxxooxooxxxooxoxoxooxxxooxxooxoxoxxooxooxxoxoxoxoxoox
215 -->  96	xxoooxxoxoxoxoxooxxoxxooxxooxxoooxxoxoxoxxooxxoooxxoxoxoxxooxxoooxxoxoxooxxooxxoxxooxxooxxoooxxooxxoxoxooxxoxoxoxooxxoxoxoxooxxooxxoxoxooxxooxxxooxooxxoxoxoxoxxooxxooxoxoxxooxooxxxooxoxoxooxxxooxxooxoxoxxooxooxxoxox  oxoox
 52 --> 215	xxoooxxoxoxoxoxooxxoxxooxxooxxoooxxoxoxoxxooxxoooxxo  xoxxooxxoooxxoxoxooxxooxxoxxooxxooxxoooxxooxxoxoxooxxoxoxoxooxxoxoxoxooxxooxxoxoxooxxooxxxooxooxxoxoxoxoxxooxxooxoxoxxooxooxxxooxoxoxooxxxooxxooxoxoxxooxooxxoxoxxooxoox
 37 -->  52	xxoooxxoxoxoxoxooxxoxxooxxooxxoooxxox  oxxooxxoooxxooxxoxxooxxoooxxoxoxooxxooxxoxxooxxooxxoooxxooxxoxoxooxxoxoxoxooxxoxoxoxooxxooxxoxoxooxxooxxxooxooxxoxoxoxoxxooxxooxoxoxxooxooxxxooxoxoxooxxxooxxooxoxoxxooxooxxoxoxxooxoox
  8 -->  37	xxoooxxo  xoxoxooxxoxxooxxooxxoooxxoxxooxxooxxoooxxooxxoxxooxxoooxxoxoxooxxooxxoxxooxxooxxoooxxooxxoxoxooxxoxoxoxooxxoxoxoxooxxooxxoxoxooxxooxxxooxooxxoxoxoxoxxooxxooxoxoxxooxooxxxooxoxoxooxxxooxxooxoxoxxooxooxxoxoxxooxoox
151 -->   8	xxoooxxooxxoxoxooxxoxxooxxooxxoooxxoxxooxxooxxoooxxooxxoxxooxxoooxxoxoxooxxooxxoxxooxxooxxoooxxooxxoxoxooxxoxoxoxooxxoxoxoxooxxooxxoxoxooxxooxxxooxooxx  oxoxoxxooxxooxoxoxxooxooxxxooxoxoxooxxxooxxooxoxoxxooxooxxoxoxxooxoox
156 --> 151	xxoooxxooxxoxoxooxxoxxooxxooxxoooxxoxxooxxooxxoooxxooxxoxxooxxoooxxoxoxooxxooxxoxxooxxooxxoooxxooxxoxoxooxxoxoxoxooxxoxoxoxooxxooxxoxoxooxxooxxxooxooxxxooxo  xxooxxooxoxoxxooxooxxxooxoxoxooxxxooxxooxoxoxxooxooxxoxoxxooxoox
101 --> 156	xxoooxxooxxoxoxooxxoxxooxxooxxoooxxoxxooxxooxxoooxxooxxoxxooxxoooxxoxoxooxxooxxoxxooxxooxxoooxxooxxox  ooxxoxoxoxooxxoxoxoxooxxooxxoxoxooxxooxxxooxooxxxooxooxxxooxxooxoxoxxooxooxxxooxoxoxooxxxooxxooxoxoxxooxooxxoxoxxooxoox
 12 --> 101	xxoooxxooxxo  xooxxoxxooxxooxxoooxxoxxooxxooxxoooxxooxxoxxooxxoooxxoxoxooxxooxxoxxooxxooxxoooxxooxxoxxoooxxoxoxoxooxxoxoxoxooxxooxxoxoxooxxooxxxooxooxxxooxooxxxooxxooxoxoxxooxooxxxooxoxoxooxxxooxxooxoxoxxooxooxxoxoxxooxoox
211 -->  12	xxoooxxooxxooxxooxxoxxooxxooxxoooxxoxxooxxooxxoooxxooxxoxxooxxoooxxoxoxooxxooxxoxxooxxooxxoooxxooxxoxxoooxxoxoxoxooxxoxoxoxooxxooxxoxoxooxxooxxxooxooxxxooxooxxxooxxooxoxoxxooxooxxxooxoxoxooxxxooxxooxoxoxxooxooxx  oxxooxoox
108 --> 211	xxoooxxooxxooxxooxxoxxooxxooxxoooxxoxxooxxooxxoooxxooxxoxxooxxoooxxoxoxooxxooxxoxxooxxooxxoooxxooxxoxxoooxxo  xoxooxxoxoxoxooxxooxxoxoxooxxooxxxooxooxxxooxooxxxooxxooxoxoxxooxooxxxooxoxoxooxxxooxxooxoxoxxooxooxxxooxxooxoox
183 --> 108	xxoooxxooxxooxxooxxoxxooxxooxxoooxxoxxooxxooxxoooxxooxxoxxooxxoooxxoxoxooxxooxxoxxooxxooxxoooxxooxxoxxoooxxooxxoxooxxoxoxoxooxxooxxoxoxooxxooxxxooxooxxxooxooxxxooxxooxoxoxxooxooxxxoox  oxooxxxooxxooxoxoxxooxooxxxooxxooxoox
168 --> 183	xxoooxxooxxooxxooxxoxxooxxooxxoooxxoxxooxxooxxoooxxooxxoxxooxxoooxxoxoxooxxooxxoxxooxxooxxoooxxooxxoxxoooxxooxxoxooxxoxoxoxooxxooxxoxoxooxxooxxxooxooxxxooxooxxxooxxooxo  xxooxooxxxooxxooxooxxxooxxooxoxoxxooxooxxxooxxooxoox
 69 --> 168	xxoooxxooxxooxxooxxoxxooxxooxxoooxxoxxooxxooxxoooxxooxxoxxooxxoooxxox  ooxxooxxoxxooxxooxxoooxxooxxoxxoooxxooxxoxooxxoxoxoxooxxooxxoxoxooxxooxxxooxooxxxooxooxxxooxxooxooxxxooxooxxxooxxooxooxxxooxxooxoxoxxooxooxxxooxxooxoox
120 -->  69	xxoooxxooxxooxxooxxoxxooxxooxxoooxxoxxooxxooxxoooxxooxxoxxooxxoooxxoxxoooxxooxxoxxooxxooxxoooxxooxxoxxoooxxooxxoxooxxoxo  xooxxooxxoxoxooxxooxxxooxooxxxooxooxxxooxxooxooxxxooxooxxxooxxooxooxxxooxxooxoxoxxooxooxxxooxxooxoox
131 --> 120	xxoooxxooxxooxxooxxoxxooxxooxxoooxxoxxooxxooxxoooxxooxxoxxooxxoooxxoxxoooxxooxxoxxooxxooxxoooxxooxxoxxoooxxooxxoxooxxoxooxxooxxooxx  oxooxxooxxxooxooxxxooxooxxxooxxooxooxxxooxooxxxooxxooxooxxxooxxooxoxoxxooxooxxxooxxooxoox
200 --> 131	xxoooxxooxxooxxooxxoxxooxxooxxoooxxoxxooxxooxxoooxxooxxoxxooxxoooxxoxxoooxxooxxoxxooxxooxxoooxxooxxoxxoooxxooxxoxooxxoxooxxooxxooxxxooxooxxooxxxooxooxxxooxooxxxooxxooxooxxxooxooxxxooxxooxooxxxooxxooxo  xxooxooxxxooxxooxoox
117 --> 200	xxoooxxooxxooxxooxxoxxooxxooxxoooxxoxxooxxooxxoooxxooxxoxxooxxoooxxoxxoooxxooxxoxxooxxooxxoooxxooxxoxxoooxxooxxoxooxx  ooxxooxxooxxxooxooxxooxxxooxooxxxooxooxxxooxxooxooxxxooxooxxxooxxooxooxxxooxxooxooxxxooxooxxxooxxooxoox
 24 --> 117	xxoooxxooxxooxxooxxoxxoo  ooxxoooxxoxxooxxooxxoooxxooxxoxxooxxoooxxoxxoooxxooxxoxxooxxooxxoooxxooxxoxxoooxxooxxoxooxxxxooxxooxxooxxxooxooxxooxxxooxooxxxooxooxxxooxxooxooxxxooxooxxxooxxooxooxxxooxxooxooxxxooxooxxxooxxooxoox
187 -->  24	xxoooxxooxxooxxooxxoxxooooooxxoooxxoxxooxxooxxoooxxooxxoxxooxxoooxxoxxoooxxooxxoxxooxxooxxoooxxooxxoxxoooxxooxxoxooxxxxooxxooxxooxxxooxooxxooxxxooxooxxxooxooxxxooxxooxooxxxooxooxxxooxxoox  xxxooxxooxooxxxooxooxxxooxxooxoox
 20 --> 187	xxoooxxooxxooxxooxxo  ooooooxxoooxxoxxooxxooxxoooxxooxxoxxooxxoooxxoxxoooxxooxxoxxooxxooxxoooxxooxxoxxoooxxooxxoxooxxxxooxxooxxooxxxooxooxxooxxxooxooxxxooxooxxxooxxooxooxxxooxooxxxooxxooxxxxxxooxxooxooxxxooxooxxxooxxooxoox
127 -->  20	xxoooxxooxxooxxooxxoooooooooxxoooxxoxxooxxooxxoooxxooxxoxxooxxoooxxoxxoooxxooxxoxxooxxooxxoooxxooxxoxxoooxxooxxoxooxxxxooxxooxx  xxxooxooxxooxxxooxooxxxooxooxxxooxxooxooxxxooxooxxxooxxooxxxxxxooxxooxooxxxooxooxxxooxxooxoox
105 --> 127	xxoooxxooxxooxxooxxoooooooooxxoooxxoxxooxxooxxoooxxooxxoxxooxxoooxxoxxoooxxooxxoxxooxxooxxoooxxooxxoxxooo  ooxxoxooxxxxooxxooxxxxxxxooxooxxooxxxooxooxxxooxooxxxooxxooxooxxxooxooxxxooxxooxxxxxxooxxooxooxxxooxooxxxooxxooxoox
196 --> 105	xxoooxxooxxooxxooxxoooooooooxxoooxxoxxooxxooxxoooxxooxxoxxooxxoooxxoxxoooxxooxxoxxooxxooxxoooxxooxxoxxoooooooxxoxooxxxxooxxooxxxxxxxooxooxxooxxxooxooxxxooxooxxxooxxooxooxxxooxooxxxooxxooxxxxxxooxx  xooxxxooxooxxxooxxooxoox
 97 --> 196	xxoooxxooxxooxxooxxoooooooooxxoooxxoxxooxxooxxoooxxooxxoxxooxxoooxxoxxoooxxooxxoxxooxxooxxoooxxoo  oxxoooooooxxoxooxxxxooxxooxxxxxxxooxooxxooxxxooxooxxxooxooxxxooxxooxooxxxooxooxxxooxxooxxxxxxooxxxxxooxxxooxooxxxooxxooxoox
164 -->  97	xxoooxxooxxooxxooxxoooooooooxxoooxxoxxooxxooxxoooxxooxxoxxooxxoooxxoxxoooxxooxxoxxooxxooxxoooxxoooooxxoooooooxxoxooxxxxooxxooxxxxxxxooxooxxooxxxooxooxxxooxooxxxooxx  xooxxxooxooxxxooxxooxxxxxxooxxxxxooxxxooxooxxxooxxooxoox
 49 --> 164	xxoooxxooxxooxxooxxoooooooooxxoooxxoxxooxxooxxooo  ooxxoxxooxxoooxxoxxoooxxooxxoxxooxxooxxoooxxoooooxxoooooooxxoxooxxxxooxxooxxxxxxxooxooxxooxxxooxooxxxooxooxxxooxxxxxooxxxooxooxxxooxxooxxxxxxooxxxxxooxxxooxooxxxooxxooxoox
144 -->  49	xxoooxxooxxooxxooxxoooooooooxxoooxxoxxooxxooxxoooooooxxoxxooxxoooxxoxxoooxxooxxoxxooxxooxxoooxxoooooxxoooooooxxoxooxxxxooxxooxxxxxxxooxooxxooxxx  xooxxxooxooxxxooxxxxxooxxxooxooxxxooxxooxxxxxxooxxxxxooxxxooxooxxxooxxooxoox
  9 --> 144	xxoooxxoo  ooxxooxxoooooooooxxoooxxoxxooxxooxxoooooooxxoxxooxxoooxxoxxoooxxooxxoxxooxxooxxoooxxoooooxxoooooooxxoxooxxxxooxxooxxxxxxxooxooxxooxxxxxxooxxxooxooxxxooxxxxxooxxxooxooxxxooxxooxxxxxxooxxxxxooxxxooxooxxxooxxooxoox
207 -->   9	xxoooxxooooooxxooxxoooooooooxxoooxxoxxooxxooxxoooooooxxoxxooxxoooxxoxxoooxxooxxoxxooxxooxxoooxxoooooxxoooooooxxoxooxxxxooxxooxxxxxxxooxooxxooxxxxxxooxxxooxooxxxooxxxxxooxxxooxooxxxooxxooxxxxxxooxxxxxooxxxoox  xxxooxxooxoox
 77 --> 207	xxoooxxooooooxxooxxoooooooooxxoooxxoxxooxxooxxoooooooxxoxxooxxoooxxoxxoooxxoo  oxxooxxooxxoooxxoooooxxoooooooxxoxooxxxxooxxooxxxxxxxooxooxxooxxxxxxooxxxooxooxxxooxxxxxooxxxooxooxxxooxxooxxxxxxooxxxxxooxxxooxxxxxxooxxooxoox
204 -->  77	xxoooxxooooooxxooxxoooooooooxxoooxxoxxooxxooxxoooooooxxoxxooxxoooxxoxxoooxxoooooxxooxxooxxoooxxoooooxxoooooooxxoxooxxxxooxxooxxxxxxxooxooxxooxxxxxxooxxxooxooxxxooxxxxxooxxxooxooxxxooxxooxxxxxxooxxxxxooxxx  xxxxxxooxxooxoox
 36 --> 204	xxoooxxooooooxxooxxoooooooooxxoooxxo  ooxxooxxoooooooxxoxxooxxoooxxoxxoooxxoooooxxooxxooxxoooxxoooooxxoooooooxxoxooxxxxooxxooxxxxxxxooxooxxooxxxxxxooxxxooxooxxxooxxxxxooxxxooxooxxxooxxooxxxxxxooxxxxxooxxxxxxxxxxxooxxooxoox
152 -->  36	xxoooxxooooooxxooxxoooooooooxxoooxxoooooxxooxxoooooooxxoxxooxxoooxxoxxoooxxoooooxxooxxooxxoooxxoooooxxoooooooxxoxooxxxxooxxooxxxxxxxooxooxxooxxxxxxooxxx  xooxxxooxxxxxooxxxooxooxxxooxxooxxxxxxooxxxxxooxxxxxxxxxxxooxxooxoox
 44 --> 152	xxoooxxooooooxxooxxoooooooooxxoooxxoooooxxoo  oooooooxxoxxooxxoooxxoxxoooxxoooooxxooxxooxxoooxxoooooxxoooooooxxoxooxxxxooxxooxxxxxxxooxooxxooxxxxxxooxxxxxxooxxxooxxxxxooxxxooxooxxxooxxooxxxxxxooxxxxxooxxxxxxxxxxxooxxooxoox
160 -->  44	xxoooxxooooooxxooxxoooooooooxxoooxxoooooxxoooooooooooxxoxxooxxoooxxoxxoooxxoooooxxooxxooxxoooxxoooooxxoooooooxxoxooxxxxooxxooxxxxxxxooxooxxooxxxxxxooxxxxxxooxxx  xxxxxooxxxooxooxxxooxxooxxxxxxooxxxxxooxxxxxxxxxxxooxxooxoox
 93 --> 160	xxoooxxooooooxxooxxoooooooooxxoooxxoooooxxoooooooooooxxoxxooxxoooxxoxxoooxxoooooxxooxxooxxooo  oooooxxoooooooxxoxooxxxxooxxooxxxxxxxooxooxxooxxxxxxooxxxxxxooxxxxxxxxxxooxxxooxooxxxooxxooxxxxxxooxxxxxooxxxxxxxxxxxooxxooxoox
216 -->  93	xxoooxxooooooxxooxxoooooooooxxoooxxoooooxxoooooooooooxxoxxooxxoooxxoxxoooxxoooooxxooxxooxxooooooooooxxoooooooxxoxooxxxxooxxooxxxxxxxooxooxxooxxxxxxooxxxxxxooxxxxxxxxxxooxxxooxooxxxooxxooxxxxxxooxxxxxooxxxxxxxxxxxooxx  xoox
109 --> 216	xxoooxxooooooxxooxxoooooooooxxoooxxoooooxxoooooooooooxxoxxooxxoooxxoxxoooxxoooooxxooxxooxxooooooooooxxooooooo  oxooxxxxooxxooxxxxxxxooxooxxooxxxxxxooxxxxxxooxxxxxxxxxxooxxxooxooxxxooxxooxxxxxxooxxxxxooxxxxxxxxxxxooxxxxxoox
147 --> 109	xxoooxxooooooxxooxxoooooooooxxoooxxoooooxxoooooooooooxxoxxooxxoooxxoxxoooxxoooooxxooxxooxxooooooooooxxooooooooooxooxxxxooxxooxxxxxxxooxooxxooxxxxxx  xxxxxxooxxxxxxxxxxooxxxooxooxxxooxxooxxxxxxooxxxxxooxxxxxxxxxxxooxxxxxoox
  5 --> 147	xxooo  ooooooxxooxxoooooooooxxoooxxoooooxxoooooooooooxxoxxooxxoooxxoxxoooxxoooooxxooxxooxxooooooooooxxooooooooooxooxxxxooxxooxxxxxxxooxooxxooxxxxxxxxxxxxxxooxxxxxxxxxxooxxxooxooxxxooxxooxxxxxxooxxxxxooxxxxxxxxxxxooxxxxxoox
139 -->   5	xxoooooooooooxxooxxoooooooooxxoooxxoooooxxoooooooooooxxoxxooxxoooxxoxxoooxxoooooxxooxxooxxooooooooooxxooooooooooxooxxxxooxxooxxxxxxxooxooxx  xxxxxxxxxxxxxxooxxxxxxxxxxooxxxooxooxxxooxxooxxxxxxooxxxxxooxxxxxxxxxxxooxxxxxoox
 88 --> 139	xxoooooooooooxxooxxoooooooooxxoooxxoooooxxoooooooooooxxoxxooxxoooxxoxxoooxxoooooxxooxxoo  ooooooooooxxooooooooooxooxxxxooxxooxxxxxxxooxooxxxxxxxxxxxxxxxxxxooxxxxxxxxxxooxxxooxooxxxooxxooxxxxxxooxxxxxooxxxxxxxxxxxooxxxxxoox
113 -->  88	xxoooooooooooxxooxxoooooooooxxoooxxoooooxxoooooooooooxxoxxooxxoooxxoxxoooxxoooooxxooxxooooooooooooooxxoooooooooox  xxxxooxxooxxxxxxxooxooxxxxxxxxxxxxxxxxxxooxxxxxxxxxxooxxxooxooxxxooxxooxxxxxxooxxxxxooxxxxxxxxxxxooxxxxxoox
 80 --> 113	xxoooooooooooxxooxxoooooooooxxoooxxoooooxxoooooooooooxxoxxooxxoooxxoxxoooxxooooo  ooxxooooooooooooooxxooooooooooxxxxxxxooxxooxxxxxxxooxooxxxxxxxxxxxxxxxxxxooxxxxxxxxxxooxxxooxooxxxooxxooxxxxxxooxxxxxooxxxxxxxxxxxooxxxxxoox
212 -->  80	xxoooooooooooxxooxxoooooooooxxoooxxoooooxxoooooooooooxxoxxooxxoooxxoxxoooxxoooooooooxxooooooooooooooxxooooooooooxxxxxxxooxxooxxxxxxxooxooxxxxxxxxxxxxxxxxxxooxxxxxxxxxxooxxxooxooxxxooxxooxxxxxxooxxxxxooxxxxxxxxxxx  xxxxxoox
 56 --> 212	xxoooooooooooxxooxxoooooooooxxoooxxoooooxxoooooooooooxxo  ooxxoooxxoxxoooxxoooooooooxxooooooooooooooxxooooooooooxxxxxxxooxxooxxxxxxxooxooxxxxxxxxxxxxxxxxxxooxxxxxxxxxxooxxxooxooxxxooxxooxxxxxxooxxxxxooxxxxxxxxxxxxxxxxxxoox
180 -->  56	xxoooooooooooxxooxxoooooooooxxoooxxoooooxxoooooooooooxxoooooxxoooxxoxxoooxxoooooooooxxooooooooooooooxxooooooooooxxxxxxxooxxooxxxxxxxooxooxxxxxxxxxxxxxxxxxxooxxxxxxxxxxooxxxooxooxxx  xxooxxxxxxooxxxxxooxxxxxxxxxxxxxxxxxxoox
100 --> 180	xxoooooooooooxxooxxoooooooooxxoooxxoooooxxoooooooooooxxoooooxxoooxxoxxoooxxoooooooooxxoooooooooooooo  ooooooooooxxxxxxxooxxooxxxxxxxooxooxxxxxxxxxxxxxxxxxxooxxxxxxxxxxooxxxooxooxxxxxxxooxxxxxxooxxxxxooxxxxxxxxxxxxxxxxxxoox
192 --> 100	xxoooooooooooxxooxxoooooooooxxoooxxoooooxxoooooooooooxxoooooxxoooxxoxxoooxxoooooooooxxooooooooooooooooooooooooooxxxxxxxooxxooxxxxxxxooxooxxxxxxxxxxxxxxxxxxooxxxxxxxxxxooxxxooxooxxxxxxxooxxxxxx  xxxxxooxxxxxxxxxxxxxxxxxxoox
 65 --> 192	xxoooooooooooxxooxxoooooooooxxoooxxoooooxxoooooooooooxxoooooxxooo  oxxoooxxoooooooooxxooooooooooooooooooooooooooxxxxxxxooxxooxxxxxxxooxooxxxxxxxxxxxxxxxxxxooxxxxxxxxxxooxxxooxooxxxxxxxooxxxxxxxxxxxxxooxxxxxxxxxxxxxxxxxxoox
132 -->  65	xxoooooooooooxxooxxoooooooooxxoooxxoooooxxoooooooooooxxoooooxxooooooxxoooxxoooooooooxxooooooooooooooooooooooooooxxxxxxxooxxooxxxxxxx  xooxxxxxxxxxxxxxxxxxxooxxxxxxxxxxooxxxooxooxxxxxxxooxxxxxxxxxxxxxooxxxxxxxxxxxxxxxxxxoox
 84 --> 132	xxoooooooooooxxooxxoooooooooxxoooxxoooooxxoooooooooooxxoooooxxooooooxxoooxxooooooooo  ooooooooooooooooooooooooooxxxxxxxooxxooxxxxxxxxxxooxxxxxxxxxxxxxxxxxxooxxxxxxxxxxooxxxooxooxxxxxxxooxxxxxxxxxxxxxooxxxxxxxxxxxxxxxxxxoox
167 -->  84	xxoooooooooooxxooxxoooooooooxxoooxxoooooxxoooooooooooxxoooooxxooooooxxoooxxoooooooooooooooooooooooooooooooooooooxxxxxxxooxxooxxxxxxxxxxooxxxxxxxxxxxxxxxxxxooxxxxxxxxxx  xxxooxooxxxxxxxooxxxxxxxxxxxxxooxxxxxxxxxxxxxxxxxxoox
 17 --> 167	xxoooooooooooxxoo  oooooooooxxoooxxoooooxxoooooooooooxxoooooxxooooooxxoooxxoooooooooooooooooooooooooooooooooooooxxxxxxxooxxooxxxxxxxxxxooxxxxxxxxxxxxxxxxxxooxxxxxxxxxxxxxxxooxooxxxxxxxooxxxxxxxxxxxxxooxxxxxxxxxxxxxxxxxxoox
135 -->  17	xxoooooooooooxxoooooooooooooxxoooxxoooooxxoooooooooooxxoooooxxooooooxxoooxxoooooooooooooooooooooooooooooooooooooxxxxxxxooxxooxxxxxxxxxx  xxxxxxxxxxxxxxxxxxooxxxxxxxxxxxxxxxooxooxxxxxxxooxxxxxxxxxxxxxooxxxxxxxxxxxxxxxxxxoox
 33 --> 135	xxoooooooooooxxoooooooooooooxxooo  oooooxxoooooooooooxxoooooxxooooooxxoooxxoooooooooooooooooooooooooooooooooooooxxxxxxxooxxooxxxxxxxxxxxxxxxxxxxxxxxxxxxxxxooxxxxxxxxxxxxxxxooxooxxxxxxxooxxxxxxxxxxxxxooxxxxxxxxxxxxxxxxxxoox
155 -->  33	xxoooooooooooxxoooooooooooooxxooooooooooxxoooooooooooxxoooooxxooooooxxoooxxoooooooooooooooooooooooooooooooooooooxxxxxxxooxxooxxxxxxxxxxxxxxxxxxxxxxxxxxxxxx  xxxxxxxxxxxxxxxooxooxxxxxxxooxxxxxxxxxxxxxooxxxxxxxxxxxxxxxxxxoox
 13 --> 155	xxooooooooooo  oooooooooooooxxooooooooooxxoooooooooooxxoooooxxooooooxxoooxxoooooooooooooooooooooooooooooooooooooxxxxxxxooxxooxxxxxxxxxxxxxxxxxxxxxxxxxxxxxxxxxxxxxxxxxxxxxxxooxooxxxxxxxooxxxxxxxxxxxxxooxxxxxxxxxxxxxxxxxxoox
175 -->  13	xxooooooooooooooooooooooooooxxooooooooooxxoooooooooooxxoooooxxooooooxxoooxxoooooooooooooooooooooooooooooooooooooxxxxxxxooxxooxxxxxxxxxxxxxxxxxxxxxxxxxxxxxxxxxxxxxxxxxxxxxxxoox  xxxxxxxooxxxxxxxxxxxxxooxxxxxxxxxxxxxxxxxxoox
 40 --> 175	xxooooooooooooooooooooooooooxxoooooooooo  oooooooooooxxoooooxxooooooxxoooxxoooooooooooooooooooooooooooooooooooooxxxxxxxooxxooxxxxxxxxxxxxxxxxxxxxxxxxxxxxxxxxxxxxxxxxxxxxxxxooxxxxxxxxxxooxxxxxxxxxxxxxooxxxxxxxxxxxxxxxxxxoox
119 -->  40	xxooooooooooooooooooooooooooxxoooooooooooooooooooooooxxoooooxxooooooxxoooxxoooooooooooooooooooooooooooooooooooooxxxxxxx  xxooxxxxxxxxxxxxxxxxxxxxxxxxxxxxxxxxxxxxxxxxxxxxxxxooxxxxxxxxxxooxxxxxxxxxxxxxooxxxxxxxxxxxxxxxxxxoox
 53 --> 119	xxooooooooooooooooooooooooooxxooooooooooooooooooooooo  oooooxxooooooxxoooxxoooooooooooooooooooooooooooooooooooooxxxxxxxxxxxooxxxxxxxxxxxxxxxxxxxxxxxxxxxxxxxxxxxxxxxxxxxxxxxooxxxxxxxxxxooxxxxxxxxxxxxxooxxxxxxxxxxxxxxxxxxoox
199 -->  53	xxooooooooooooooooooooooooooxxooooooooooooooooooooooooooooooxxooooooxxoooxxoooooooooooooooooooooooooooooooooooooxxxxxxxxxxxooxxxxxxxxxxxxxxxxxxxxxxxxxxxxxxxxxxxxxxxxxxxxxxxooxxxxxxxxxxooxxxxxxxxxxxxx  xxxxxxxxxxxxxxxxxxoox
 73 --> 199	xxooooooooooooooooooooooooooxxooooooooooooooooooooooooooooooxxooooooxxooo  oooooooooooooooooooooooooooooooooooooxxxxxxxxxxxooxxxxxxxxxxxxxxxxxxxxxxxxxxxxxxxxxxxxxxxxxxxxxxxooxxxxxxxxxxooxxxxxxxxxxxxxxxxxxxxxxxxxxxxxxxxxoox
172 -->  73	xxooooooooooooooooooooooooooxxooooooooooooooooooooooooooooooxxooooooxxooooooooooooooooooooooooooooooooooooooooooxxxxxxxxxxxooxxxxxxxxxxxxxxxxxxxxxxxxxxxxxxxxxxxxxxxxxxxxxxx  xxxxxxxxxxooxxxxxxxxxxxxxxxxxxxxxxxxxxxxxxxxxoox
 60 --> 172	xxooooooooooooooooooooooooooxxoooooooooooooooooooooooooooooo  ooooooxxooooooooooooooooooooooooooooooooooooooooooxxxxxxxxxxxooxxxxxxxxxxxxxxxxxxxxxxxxxxxxxxxxxxxxxxxxxxxxxxxxxxxxxxxxxxxooxxxxxxxxxxxxxxxxxxxxxxxxxxxxxxxxxoox
184 -->  60	xxooooooooooooooooooooooooooxxooooooooooooooooooooooooooooooooooooooxxooooooooooooooooooooooooooooooooooooooooooxxxxxxxxxxxooxxxxxxxxxxxxxxxxxxxxxxxxxxxxxxxxxxxxxxxxxxxxxxxxxxxxxxxxxxx  xxxxxxxxxxxxxxxxxxxxxxxxxxxxxxxxxoox
 28 --> 184	xxoooooooooooooooooooooooooo  ooooooooooooooooooooooooooooooooooooooxxooooooooooooooooooooooooooooooooooooooooooxxxxxxxxxxxooxxxxxxxxxxxxxxxxxxxxxxxxxxxxxxxxxxxxxxxxxxxxxxxxxxxxxxxxxxxxxxxxxxxxxxxxxxxxxxxxxxxxxxxxxxxxxxoox
123 -->  28	xxooooooooooooooooooooooooooooooooooooooooooooooooooooooooooooooooooxxooooooooooooooooooooooooooooooooooooooooooxxxxxxxxxxx  xxxxxxxxxxxxxxxxxxxxxxxxxxxxxxxxxxxxxxxxxxxxxxxxxxxxxxxxxxxxxxxxxxxxxxxxxxxxxxxxxxxxxxxxxxxxxxoox
 68 --> 123	xxoooooooooooooooooooooooooooooooooooooooooooooooooooooooooooooooooo  ooooooooooooooooooooooooooooooooooooooooooxxxxxxxxxxxxxxxxxxxxxxxxxxxxxxxxxxxxxxxxxxxxxxxxxxxxxxxxxxxxxxxxxxxxxxxxxxxxxxxxxxxxxxxxxxxxxxxxxxxxxxxxxxxoox
219 -->  68	xxooooooooooooooooooooooooooooooooooooooooooooooooooooooooooooooooooooooooooooooooooooooooooooooooooooooooooooooxxxxxxxxxxxxxxxxxxxxxxxxxxxxxxxxxxxxxxxxxxxxxxxxxxxxxxxxxxxxxxxxxxxxxxxxxxxxxxxxxxxxxxxxxxxxxxxxxxxxxxxxxxx  x
  0 --> 219	  ooooooooooooooooooooooooooooooooooooooooooooooooooooooooooooooooooooooooooooooooooooooooooooooooooooooooooooooxxxxxxxxxxxxxxxxxxxxxxxxxxxxxxxxxxxxxxxxxxxxxxxxxxxxxxxxxxxxxxxxxxxxxxxxxxxxxxxxxxxxxxxxxxxxxxxxxxxxxxxxxxxxxx

======================
