==============================[MINISAT]===============================
| Conflicts |     ORIGINAL     |          LEARNT          | Progress |
|           | Clauses Literals | Clauses Literals  Lit/Cl |          |
======================================================================
|         0 | 11433045 24193648 |       0        0    -nan |  0.000 % |
======================================================================
SAT
==============================[MINISAT]===============================
| Conflicts |     ORIGINAL     |          LEARNT          | Progress |
|           | Clauses Literals | Clauses Literals  Lit/Cl |          |
======================================================================
|   2640470 | 7425940 15740304 | 2441872 463504138   189.8 |  9.842 % |
======================================================================


           	xoxoxoxoxoxoxoxoxoxoxoxoxoxoxoxoxoxoxoxoxoxoxoxoxoxoxoxoxoxoxoxoxoxoxoxoxoxoxoxoxoxoxoxoxoxoxoxoxoxoxoxoxoxoxoxoxoxoxoxoxoxoxoxoxoxoxoxoxoxoxoxoxoxoxoxoxoxoxoxoxoxoxoxoxoxoxoxoxoxoxoxoxoxoxoxoxoxoxoxoxoxoxoxoxoxoxoxoxoxoxoxoxoxoxoxoxoxoxoxoxoxoxoxoxoxoxoxoxoxoxoxoxoxoxoxoxoxoxoxoxoxoxoxoxoxoxoxoxoxo
219 --> 300	xoxoxoxoxoxoxoxoxoxoxoxoxoxoxoxoxoxoxoxoxoxoxoxoxoxoxoxoxoxoxoxoxoxoxoxoxoxoxoxoxoxoxoxoxoxoxoxoxoxoxoxoxoxoxoxoxoxoxoxoxoxoxoxoxoxoxoxoxoxoxoxoxoxoxoxoxoxoxoxoxoxoxoxoxoxoxoxoxoxoxoxoxoxoxoxoxoxoxoxoxoxoxoxoxoxoxoxoxox  oxoxoxoxoxoxoxoxoxoxoxoxoxoxoxoxoxoxoxoxoxoxoxoxoxoxoxoxoxoxoxoxoxoxoxoxoxoxoxoox
174 --> 219	xoxoxoxoxoxoxoxoxoxoxoxoxoxoxoxoxoxoxoxoxoxoxoxoxoxoxoxoxoxoxoxoxoxoxoxoxoxoxoxoxoxoxoxoxoxoxoxoxoxoxoxoxoxoxoxoxoxoxoxoxoxoxoxoxoxoxoxoxoxoxoxoxoxoxoxoxoxoxoxoxoxoxoxoxoxoxo  xoxoxoxoxoxoxoxoxoxoxoxoxoxoxoxoxoxoxoxoxoxxooxoxoxoxoxoxoxoxoxoxoxoxoxoxoxoxoxoxoxoxoxoxoxoxoxoxoxoxoxoxoxoxoxoxoxoxoxoxoxoox
251 --> 174	xoxoxoxoxoxoxoxoxoxoxoxoxoxoxoxoxoxoxoxoxoxoxoxoxoxoxoxoxoxoxoxoxoxoxoxoxoxoxoxoxoxoxoxoxoxoxoxoxoxoxoxoxoxoxoxoxoxoxoxoxoxoxoxoxoxoxoxoxoxoxoxoxoxoxoxoxoxoxoxoxoxoxoxoxoxoxooxxoxoxoxoxoxoxoxoxoxoxoxoxoxoxoxoxoxoxoxoxoxxooxoxoxoxoxoxoxoxoxoxoxoxoxoxox  oxoxoxoxoxoxoxoxoxoxoxoxoxoxoxoxoxoxoxoxoxoxoxoox
194 --> 251	xoxoxoxoxoxoxoxoxoxoxoxoxoxoxoxoxoxoxoxoxoxoxoxoxoxoxoxoxoxoxoxoxoxoxoxoxoxoxoxoxoxoxoxoxoxoxoxoxoxoxoxoxoxoxoxoxoxoxoxoxoxoxoxoxoxoxoxoxoxoxoxoxoxoxoxoxoxoxoxoxoxoxoxoxoxoxooxxoxoxoxoxoxoxoxoxo  xoxoxoxoxoxoxoxoxoxoxoxxooxoxoxoxoxoxoxoxoxoxoxoxoxoxoxxooxoxoxoxoxoxoxoxoxoxoxoxoxoxoxoxoxoxoxoxoxoxoxoox
 25 --> 194	xoxoxoxoxoxoxoxoxoxoxoxox  oxoxoxoxoxoxoxoxoxoxoxoxoxoxoxoxoxoxoxoxoxoxoxoxoxoxoxoxoxoxoxoxoxoxoxoxoxoxoxoxoxoxoxoxoxoxoxoxoxoxoxoxoxoxoxoxoxoxoxoxoxoxoxoxoxoxoxoxoxoxoxoxoxooxxoxoxoxoxoxoxoxoxooxxoxoxoxoxoxoxoxoxoxoxoxxooxoxoxoxoxoxoxoxoxoxoxoxoxoxoxxooxoxoxoxoxoxoxoxoxoxoxoxoxoxoxoxoxoxoxoxoxoxoxoox
208 -->  25	xoxoxoxoxoxoxoxoxoxoxoxoxxooxoxoxoxoxoxoxoxoxoxoxoxoxoxoxoxoxoxoxoxoxoxoxoxoxoxoxoxoxoxoxoxoxoxoxoxoxoxoxoxoxoxoxoxoxoxoxoxoxoxoxoxoxoxoxoxoxoxoxoxoxoxoxoxoxoxoxoxoxoxoxoxoxooxxoxoxoxoxoxoxoxoxooxxoxoxoxoxoxo  xoxoxoxoxxooxoxoxoxoxoxoxoxoxoxoxoxoxoxoxxooxoxoxoxoxoxoxoxoxoxoxoxoxoxoxoxoxoxoxoxoxoxoxoox
263 --> 208	xoxoxoxoxoxoxoxoxoxoxoxoxxooxoxoxoxoxoxoxoxoxoxoxoxoxoxoxoxoxoxoxoxoxoxoxoxoxoxoxoxoxoxoxoxoxoxoxoxoxoxoxoxoxoxoxoxoxoxoxoxoxoxoxoxoxoxoxoxoxoxoxoxoxoxoxoxoxoxoxoxoxoxoxoxoxooxxoxoxoxoxoxoxoxoxooxxoxoxoxoxoxooxxoxoxoxoxxooxoxoxoxoxoxoxoxoxoxoxoxoxoxoxxooxoxoxoxox  oxoxoxoxoxoxoxoxoxoxoxoxoxoxoxoxoxoox
 56 --> 263	xoxoxoxoxoxoxoxoxoxoxoxoxxooxoxoxoxoxoxoxoxoxoxoxoxoxoxo  xoxoxoxoxoxoxoxoxoxoxoxoxoxoxoxoxoxoxoxoxoxoxoxoxoxoxoxoxoxoxoxoxoxoxoxoxoxoxoxoxoxoxoxoxoxoxoxoxoxoxoxoxoxoxoxoxoxooxxoxoxoxoxoxoxoxoxooxxoxoxoxoxoxooxxoxoxoxoxxooxoxoxoxoxoxoxoxoxoxoxoxoxoxoxxooxoxoxoxoxxooxoxoxoxoxoxoxoxoxoxoxoxoxoxoxoxoxoox
109 -->  56	xoxoxoxoxoxoxoxoxoxoxoxoxxooxoxoxoxoxoxoxoxoxoxoxoxoxoxooxxoxoxoxoxoxoxoxoxoxoxoxoxoxoxoxoxoxoxoxoxoxoxoxoxox  oxoxoxoxoxoxoxoxoxoxoxoxoxoxoxoxoxoxoxoxoxoxoxoxoxoxoxoxoxoxoxooxxoxoxoxoxoxoxoxoxooxxoxoxoxoxoxooxxoxoxoxoxxooxoxoxoxoxoxoxoxoxoxoxoxoxoxoxxooxoxoxoxoxxooxoxoxoxoxoxoxoxoxoxoxoxoxoxoxoxoxoox
 20 --> 109	xoxoxoxoxoxoxoxoxoxo  xoxxooxoxoxoxoxoxoxoxoxoxoxoxoxoxooxxoxoxoxoxoxoxoxoxoxoxoxoxoxoxoxoxoxoxoxoxoxoxoxoxoxxooxoxoxoxoxoxoxoxoxoxoxoxoxoxoxoxoxoxoxoxoxoxoxoxoxoxoxoxoxoxoxooxxoxoxoxoxoxoxoxoxooxxoxoxoxoxoxooxxoxoxoxoxxooxoxoxoxoxoxoxoxoxoxoxoxoxoxoxxooxoxoxoxoxxooxoxoxoxoxoxoxoxoxoxoxoxoxoxoxoxoxoox
 69 -->  20	xoxoxoxoxoxoxoxoxoxooxxoxxooxoxoxoxoxoxoxoxoxoxoxoxoxoxooxxoxoxoxoxox  oxoxoxoxoxoxoxoxoxoxoxoxoxoxoxoxoxoxoxxooxoxoxoxoxoxoxoxoxoxoxoxoxoxoxoxoxoxoxoxoxoxoxoxoxoxoxoxoxoxoxooxxoxoxoxoxoxoxoxoxooxxoxoxoxoxoxooxxoxoxoxoxxooxoxoxoxoxoxoxoxoxoxoxoxoxoxoxxooxoxoxoxoxxooxoxoxoxoxoxoxoxoxoxoxoxoxoxoxoxoxoox
198 -->  69	xoxoxoxoxoxoxoxoxoxooxxoxxooxoxoxoxoxoxoxoxoxoxoxoxoxoxooxxoxoxoxoxoxxooxoxoxoxoxoxoxoxoxoxoxoxoxoxoxoxoxoxoxxooxoxoxoxoxoxoxoxoxoxoxoxoxoxoxoxoxoxoxoxoxoxoxoxoxoxoxoxoxoxoxooxxoxoxoxoxoxoxoxoxooxxo  xoxoxoxooxxoxoxoxoxxooxoxoxoxoxoxoxoxoxoxoxoxoxoxoxxooxoxoxoxoxxooxoxoxoxoxoxoxoxoxoxoxoxoxoxoxoxoxoox
 61 --> 198	xoxoxoxoxoxoxoxoxoxooxxoxxooxoxoxoxoxoxoxoxoxoxoxoxoxoxooxxox  oxoxoxxooxoxoxoxoxoxoxoxoxoxoxoxoxoxoxoxoxoxoxxooxoxoxoxoxoxoxoxoxoxoxoxoxoxoxoxoxoxoxoxoxoxoxoxoxoxoxoxoxoxoxooxxoxoxoxoxoxoxoxoxooxxooxxoxoxoxooxxoxoxoxoxxooxoxoxoxoxoxoxoxoxoxoxoxoxoxoxxooxoxoxoxoxxooxoxoxoxoxoxoxoxoxoxoxoxoxoxoxoxoxoox
170 -->  61	xoxoxoxoxoxoxoxoxoxooxxoxxooxoxoxoxoxoxoxoxoxoxoxoxoxoxooxxoxxooxoxoxxooxoxoxoxoxoxoxoxoxoxoxoxoxoxoxoxoxoxoxxooxoxoxoxoxoxoxoxoxoxoxoxoxoxoxoxoxoxoxoxoxoxoxoxoxoxoxoxoxo  xooxxoxoxoxoxoxoxoxoxooxxooxxoxoxoxooxxoxoxoxoxxooxoxoxoxoxoxoxoxoxoxoxoxoxoxoxxooxoxoxoxoxxooxoxoxoxoxoxoxoxoxoxoxoxoxoxoxoxoxoox
189 --> 170	xoxoxoxoxoxoxoxoxoxooxxoxxooxoxoxoxoxoxoxoxoxoxoxoxoxoxooxxoxxooxoxoxxooxoxoxoxoxoxoxoxoxoxoxoxoxoxoxoxoxoxoxxooxoxoxoxoxoxoxoxoxoxoxoxoxoxoxoxoxoxoxoxoxoxoxoxoxoxoxoxoxooxxooxxoxoxoxoxoxox  oxooxxooxxoxoxoxooxxoxoxoxoxxooxoxoxoxoxoxoxoxoxoxoxoxoxoxoxxooxoxoxoxoxxooxoxoxoxoxoxoxoxoxoxoxoxoxoxoxoxoxoox
 52 --> 189	xoxoxoxoxoxoxoxoxoxooxxoxxooxoxoxoxoxoxoxoxoxoxoxoxo  xooxxoxxooxoxoxxooxoxoxoxoxoxoxoxoxoxoxoxoxoxoxoxoxoxoxxooxoxoxoxoxoxoxoxoxoxoxoxoxoxoxoxoxoxoxoxoxoxoxoxoxoxoxoxoxooxxooxxoxoxoxoxoxoxxooxooxxooxxoxoxoxooxxoxoxoxoxxooxoxoxoxoxoxoxoxoxoxoxoxoxoxoxxooxoxoxoxoxxooxoxoxoxoxoxoxoxoxoxoxoxoxoxoxoxoxoox
 77 -->  52	xoxoxoxoxoxoxoxoxoxooxxoxxooxoxoxoxoxoxoxoxoxoxoxoxooxxooxxoxxooxoxoxxooxoxox  oxoxoxoxoxoxoxoxoxoxoxoxoxoxoxxooxoxoxoxoxoxoxoxoxoxoxoxoxoxoxoxoxoxoxoxoxoxoxoxoxoxoxoxoxooxxooxxoxoxoxoxoxoxxooxooxxooxxoxoxoxooxxoxoxoxoxxooxoxoxoxoxoxoxoxoxoxoxoxoxoxoxxooxoxoxoxoxxooxoxoxoxoxoxoxoxoxoxoxoxoxoxoxoxoxoox
178 -->  77	xoxoxoxoxoxoxoxoxoxooxxoxxooxoxoxoxoxoxoxoxoxoxoxoxooxxooxxoxxooxoxoxxooxoxoxxooxoxoxoxoxoxoxoxoxoxoxoxoxoxoxxooxoxoxoxoxoxoxoxoxoxoxoxoxoxoxoxoxoxoxoxoxoxoxoxoxoxoxoxoxooxxooxxo  xoxoxoxoxxooxooxxooxxoxoxoxooxxoxoxoxoxxooxoxoxoxoxoxoxoxoxoxoxoxoxoxoxxooxoxoxoxoxxooxoxoxoxoxoxoxoxoxoxoxoxoxoxoxoxoxoox
125 --> 178	xoxoxoxoxoxoxoxoxoxooxxoxxooxoxoxoxoxoxoxoxoxoxoxoxooxxooxxoxxooxoxoxxooxoxoxxooxoxoxoxoxoxoxoxoxoxoxoxoxoxoxxooxoxoxoxoxoxox  oxoxoxoxoxoxoxoxoxoxoxoxoxoxoxoxoxoxoxoxoxooxxooxxooxxoxoxoxoxxooxooxxooxxoxoxoxooxxoxoxoxoxxooxoxoxoxoxoxoxoxoxoxoxoxoxoxoxxooxoxoxoxoxxooxoxoxoxoxoxoxoxoxoxoxoxoxoxoxoxoxoox
186 --> 125	xoxoxoxoxoxoxoxoxoxooxxoxxooxoxoxoxoxoxoxoxoxoxoxoxooxxooxxoxxooxoxoxxooxoxoxxooxoxoxoxoxoxoxoxoxoxoxoxoxoxoxxooxoxoxoxoxoxoxxooxoxoxoxoxoxoxoxoxoxoxoxoxoxoxoxoxoxoxoxoxooxxooxxooxxoxoxo  xxooxooxxooxxoxoxoxooxxoxoxoxoxxooxoxoxoxoxoxoxoxoxoxoxoxoxoxoxxooxoxoxoxoxxooxoxoxoxoxoxoxoxoxoxoxoxoxoxoxoxoxoox
101 --> 186	xoxoxoxoxoxoxoxoxoxooxxoxxooxoxoxoxoxoxoxoxoxoxoxoxooxxooxxoxxooxoxoxxooxoxoxxooxoxoxoxoxoxoxoxoxoxox  oxoxoxxooxoxoxoxoxoxoxxooxoxoxoxoxoxoxoxoxoxoxoxoxoxoxoxoxoxoxoxoxooxxooxxooxxoxoxooxxxooxooxxooxxoxoxoxooxxoxoxoxoxxooxoxoxoxoxoxoxoxoxoxoxoxoxoxoxxooxoxoxoxoxxooxoxoxoxoxoxoxoxoxoxoxoxoxoxoxoxoxoox
256 --> 101	xoxoxoxoxoxoxoxoxoxooxxoxxooxoxoxoxoxoxoxoxoxoxoxoxooxxooxxoxxooxoxoxxooxoxoxxooxoxoxoxoxoxoxoxoxoxoxxooxoxoxxooxoxoxoxoxoxoxxooxoxoxoxoxoxoxoxoxoxoxoxoxoxoxoxoxoxoxoxoxooxxooxxooxxoxoxooxxxooxooxxooxxoxoxoxooxxoxoxoxoxxooxoxoxoxoxoxoxoxoxoxoxoxoxoxoxxooxo  xoxoxxooxoxoxoxoxoxoxoxoxoxoxoxoxoxoxoxoxoox
271 --> 256	xoxoxoxoxoxoxoxoxoxooxxoxxooxoxoxoxoxoxoxoxoxoxoxoxooxxooxxoxxooxoxoxxooxoxoxxooxoxoxoxoxoxoxoxoxoxoxxooxoxoxxooxoxoxoxoxoxoxxooxoxoxoxoxoxoxoxoxoxoxoxoxoxoxoxoxoxoxoxoxooxxooxxooxxoxoxooxxxooxooxxooxxoxoxoxooxxoxoxoxoxxooxoxoxoxoxoxoxoxoxoxoxoxoxoxoxxooxooxxoxoxxooxoxox  oxoxoxoxoxoxoxoxoxoxoxoxoxoox
244 --> 271	xoxoxoxoxoxoxoxoxoxooxxoxxooxoxoxoxoxoxoxoxoxoxoxoxooxxooxxoxxooxoxoxxooxoxoxxooxoxoxoxoxoxoxoxoxoxoxxooxoxoxxooxoxoxoxoxoxoxxooxoxoxoxoxoxoxoxoxoxoxoxoxoxoxoxoxoxoxoxoxooxxooxxooxxoxoxooxxxooxooxxooxxoxoxoxooxxoxoxoxoxxooxoxoxoxoxoxoxoxoxoxoxo  xoxoxxooxooxxoxoxxooxoxoxxooxoxoxoxoxoxoxoxoxoxoxoxoxoox
105 --> 244	xoxoxoxoxoxoxoxoxoxooxxoxxooxoxoxoxoxoxoxoxoxoxoxoxooxxooxxoxxooxoxoxxooxoxoxxooxoxoxoxoxoxoxoxoxoxoxxoox  oxxooxoxoxoxoxoxoxxooxoxoxoxoxoxoxoxoxoxoxoxoxoxoxoxoxoxoxoxoxooxxooxxooxxoxoxooxxxooxooxxooxxoxoxoxooxxoxoxoxoxxooxoxoxoxoxoxoxoxoxoxoxooxxoxoxxooxooxxoxoxxooxoxoxxooxoxoxoxoxoxoxoxoxoxoxoxoxoox
 64 --> 105	xoxoxoxoxoxoxoxoxoxooxxoxxooxoxoxoxoxoxoxoxoxoxoxoxooxxooxxoxxoo  xoxxooxoxoxxooxoxoxoxoxoxoxoxoxoxoxxooxxooxxooxoxoxoxoxoxoxxooxoxoxoxoxoxoxoxoxoxoxoxoxoxoxoxoxoxoxoxoxooxxooxxooxxoxoxooxxxooxooxxooxxoxoxoxooxxoxoxoxoxxooxoxoxoxoxoxoxoxoxoxoxooxxoxoxxooxooxxoxoxxooxoxoxxooxoxoxoxoxoxoxoxoxoxoxoxoxoox
211 -->  64	xoxoxoxoxoxoxoxoxoxooxxoxxooxoxoxoxoxoxoxoxoxoxoxoxooxxooxxoxxoooxxoxxooxoxoxxooxoxoxoxoxoxoxoxoxoxoxxooxxooxxooxoxoxoxoxoxoxxooxoxoxoxoxoxoxoxoxoxoxoxoxoxoxoxoxoxoxoxoxooxxooxxooxxoxoxooxxxooxooxxooxxoxoxoxooxx  oxoxoxxooxoxoxoxoxoxoxoxoxoxoxooxxoxoxxooxooxxoxoxxooxoxoxxooxoxoxoxoxoxoxoxoxoxoxoxoxoox
116 --> 211	xoxoxoxoxoxoxoxoxoxooxxoxxooxoxoxoxoxoxoxoxoxoxoxoxooxxooxxoxxoooxxoxxooxoxoxxooxoxoxoxoxoxoxoxoxoxoxxooxxooxxooxoxo  xoxoxoxxooxoxoxoxoxoxoxoxoxoxoxoxoxoxoxoxoxoxoxoxoxooxxooxxooxxoxoxooxxxooxooxxooxxoxoxoxooxxxooxoxoxxooxoxoxoxoxoxoxoxoxoxoxooxxoxoxxooxooxxoxoxxooxoxoxxooxoxoxoxoxoxoxoxoxoxoxoxoxoox
161 --> 116	xoxoxoxoxoxoxoxoxoxooxxoxxooxoxoxoxoxoxoxoxoxoxoxoxooxxooxxoxxoooxxoxxooxoxoxxooxoxoxoxoxoxoxoxoxoxoxxooxxooxxooxoxooxxoxoxoxxooxoxoxoxoxoxoxoxoxoxoxoxoxoxoxoxox  oxoxoxooxxooxxooxxoxoxooxxxooxooxxooxxoxoxoxooxxxooxoxoxxooxoxoxoxoxoxoxoxoxoxoxooxxoxoxxooxooxxoxoxxooxoxoxxooxoxoxoxoxoxoxoxoxoxoxoxoxoox
240 --> 161	xoxoxoxoxoxoxoxoxoxooxxoxxooxoxoxoxoxoxoxoxoxoxoxoxooxxooxxoxxoooxxoxxooxoxoxxooxoxoxoxoxoxoxoxoxoxoxxooxxooxxooxoxooxxoxoxoxxooxoxoxoxoxoxoxoxoxoxoxoxoxoxoxoxoxxooxoxoxooxxooxxooxxoxoxooxxxooxooxxooxxoxoxoxooxxxooxoxoxxooxoxoxoxoxoxoxoxoxo  xooxxoxoxxooxooxxoxoxxooxoxoxxooxoxoxoxoxoxoxoxoxoxoxoxoxoox
259 --> 240	xoxoxoxoxoxoxoxoxoxooxxoxxooxoxoxoxoxoxoxoxoxoxoxoxooxxooxxoxxoooxxoxxooxoxoxxooxoxoxoxoxoxoxoxoxoxoxxooxxooxxooxoxooxxoxoxoxxooxoxoxoxoxoxoxoxoxoxoxoxoxoxoxoxoxxooxoxoxooxxooxxooxxoxoxooxxxooxooxxooxxoxoxoxooxxxooxoxoxxooxoxoxoxoxoxoxoxoxooxxooxxoxoxxooxooxx  oxxooxoxoxxooxoxoxoxoxoxoxoxoxoxoxoxoxoox
128 --> 259	xoxoxoxoxoxoxoxoxoxooxxoxxooxoxoxoxoxoxoxoxoxoxoxoxooxxooxxoxxoooxxoxxooxoxoxxooxoxoxoxoxoxoxoxoxoxoxxooxxooxxooxoxooxxoxoxoxxoo  xoxoxoxoxoxoxoxoxoxoxoxoxoxoxoxxooxoxoxooxxooxxooxxoxoxooxxxooxooxxooxxoxoxoxooxxxooxoxoxxooxoxoxoxoxoxoxoxoxooxxooxxoxoxxooxooxxxooxxooxoxoxxooxoxoxoxoxoxoxoxoxoxoxoxoxoox
 85 --> 128	xoxoxoxoxoxoxoxoxoxooxxoxxooxoxoxoxoxoxoxoxoxoxoxoxooxxooxxoxxoooxxoxxooxoxoxxooxoxox  oxoxoxoxoxoxoxxooxxooxxooxoxooxxoxoxoxxoooxxoxoxoxoxoxoxoxoxoxoxoxoxoxoxoxxooxoxoxooxxooxxooxxoxoxooxxxooxooxxooxxoxoxoxooxxxooxoxoxxooxoxoxoxoxoxoxoxoxooxxooxxoxoxxooxooxxxooxxooxoxoxxooxoxoxoxoxoxoxoxoxoxoxoxoxoox
276 -->  85	xoxoxoxoxoxoxoxoxoxooxxoxxooxoxoxoxoxoxoxoxoxoxoxoxooxxooxxoxxoooxxoxxooxoxoxxooxoxoxxooxoxoxoxoxoxoxxooxxooxxooxoxooxxoxoxoxxoooxxoxoxoxoxoxoxoxoxoxoxoxoxoxoxoxxooxoxoxooxxooxxooxxoxoxooxxxooxooxxooxxoxoxoxooxxxooxoxoxxooxoxoxoxoxoxoxoxoxooxxooxxoxoxxooxooxxxooxxooxoxoxxooxo  xoxoxoxoxoxoxoxoxoxoxoox
  1 --> 276	x  oxoxoxoxoxoxoxoxooxxoxxooxoxoxoxoxoxoxoxoxoxoxoxooxxooxxoxxoooxxoxxooxoxoxxooxoxoxxooxoxoxoxoxoxoxxooxxooxxooxoxooxxoxoxoxxoooxxoxoxoxoxoxoxoxoxoxoxoxoxoxoxoxxooxoxoxooxxooxxooxxoxoxooxxxooxooxxooxxoxoxoxooxxxooxoxoxxooxoxoxoxoxoxoxoxoxooxxooxxoxoxxooxooxxxooxxooxoxoxxooxooxxoxoxoxoxoxoxoxoxoxoxoox
 12 -->   1	xxooxoxoxoxo  xoxoxooxxoxxooxoxoxoxoxoxoxoxoxoxoxoxooxxooxxoxxoooxxoxxooxoxoxxooxoxoxxooxoxoxoxoxoxoxxooxxooxxooxoxooxxoxoxoxxoooxxoxoxoxoxoxoxoxoxoxoxoxoxoxoxoxxooxoxoxooxxooxxooxxoxoxooxxxooxooxxooxxoxoxoxooxxxooxoxoxxooxoxoxoxoxoxoxoxoxooxxooxxoxoxxooxooxxxooxxooxoxoxxooxooxxoxoxoxoxoxoxoxoxoxoxoox
227 -->  12	xxooxoxoxoxooxxoxoxooxxoxxooxoxoxoxoxoxoxoxoxoxoxoxooxxooxxoxxoooxxoxxooxoxoxxooxoxoxxooxoxoxoxoxoxoxxooxxooxxooxoxooxxoxoxoxxoooxxoxoxoxoxoxoxoxoxoxoxoxoxoxoxoxxooxoxoxooxxooxxooxxoxoxooxxxooxooxxooxxoxoxoxooxxxooxoxoxxooxoxox  oxoxoxoxoxooxxooxxoxoxxooxooxxxooxxooxoxoxxooxooxxoxoxoxoxoxoxoxoxoxoxoox
 40 --> 227	xxooxoxoxoxooxxoxoxooxxoxxooxoxoxoxoxoxo  xoxoxoxoxooxxooxxoxxoooxxoxxooxoxoxxooxoxoxxooxoxoxoxoxoxoxxooxxooxxooxoxooxxoxoxoxxoooxxoxoxoxoxoxoxoxoxoxoxoxoxoxoxoxxooxoxoxooxxooxxooxxoxoxooxxxooxooxxooxxoxoxoxooxxxooxoxoxxooxoxoxxooxoxoxoxoxooxxooxxoxoxxooxooxxxooxxooxoxoxxooxooxxoxoxoxoxoxoxoxoxoxoxoox
 33 -->  40	xxooxoxoxoxooxxoxoxooxxoxxooxoxox  oxoxooxxoxoxoxoxooxxooxxoxxoooxxoxxooxoxoxxooxoxoxxooxoxoxoxoxoxoxxooxxooxxooxoxooxxoxoxoxxoooxxoxoxoxoxoxoxoxoxoxoxoxoxoxoxoxxooxoxoxooxxooxxooxxoxoxooxxxooxooxxooxxoxoxoxooxxxooxoxoxxooxoxoxxooxoxoxoxoxooxxooxxoxoxxooxooxxxooxxooxoxoxxooxooxxoxoxoxoxoxoxoxoxoxoxoox
144 -->  33	xxooxoxoxoxooxxoxoxooxxoxxooxoxoxxooxoxooxxoxoxoxoxooxxooxxoxxoooxxoxxooxoxoxxooxoxoxxooxoxoxoxoxoxoxxooxxooxxooxoxooxxoxoxoxxoooxxoxoxoxoxoxoxo  xoxoxoxoxoxoxoxxooxoxoxooxxooxxooxxoxoxooxxxooxooxxooxxoxoxoxooxxxooxoxoxxooxoxoxxooxoxoxoxoxooxxooxxoxoxxooxooxxxooxxooxoxoxxooxooxxoxoxoxoxoxoxoxoxoxoxoox
235 --> 144	xxooxoxoxoxooxxoxoxooxxoxxooxoxoxxooxoxooxxoxoxoxoxooxxooxxoxxoooxxoxxooxoxoxxooxoxoxxooxoxoxoxoxoxoxxooxxooxxooxoxooxxoxoxoxxoooxxoxoxoxoxoxoxooxxoxoxoxoxoxoxoxxooxoxoxooxxooxxooxxoxoxooxxxooxooxxooxxoxoxoxooxxxooxoxoxxooxoxoxxooxoxox  oxooxxooxxoxoxxooxooxxxooxxooxoxoxxooxooxxoxoxoxoxoxoxoxoxoxoxoox
 16 --> 235	xxooxoxoxoxooxxo  xooxxoxxooxoxoxxooxoxooxxoxoxoxoxooxxooxxoxxoooxxoxxooxoxoxxooxoxoxxooxoxoxoxoxoxoxxooxxooxxooxoxooxxoxoxoxxoooxxoxoxoxoxoxoxooxxoxoxoxoxoxoxoxxooxoxoxooxxooxxooxxoxoxooxxxooxooxxooxxoxoxoxooxxxooxoxoxxooxoxoxxooxoxoxxooxooxxooxxoxoxxooxooxxxooxxooxoxoxxooxooxxoxoxoxoxoxoxoxoxoxoxoox
 97 -->  16	xxooxoxoxoxooxxooxxooxxoxxooxoxoxxooxoxooxxoxoxoxoxooxxooxxoxxoooxxoxxooxoxoxxooxoxoxxooxoxoxoxox  oxxooxxooxxooxoxooxxoxoxoxxoooxxoxoxoxoxoxoxooxxoxoxoxoxoxoxoxxooxoxoxooxxooxxooxxoxoxooxxxooxooxxooxxoxoxoxooxxxooxoxoxxooxoxoxxooxoxoxxooxooxxooxxoxoxxooxooxxxooxxooxoxoxxooxooxxoxoxoxoxoxoxoxoxoxoxoox
284 -->  97	xxooxoxoxoxooxxooxxooxxoxxooxoxoxxooxoxooxxoxoxoxoxooxxooxxoxxoooxxoxxooxoxoxxooxoxoxxooxoxoxoxoxxooxxooxxooxxooxoxooxxoxoxoxxoooxxoxoxoxoxoxoxooxxoxoxoxoxoxoxoxxooxoxoxooxxooxxooxxoxoxooxxxooxooxxooxxoxoxoxooxxxooxoxoxxooxoxoxxooxoxoxxooxooxxooxxoxoxxooxooxxxooxxooxoxoxxooxooxxoxoxo  xoxoxoxoxoxoxoox
 45 --> 284	xxooxoxoxoxooxxooxxooxxoxxooxoxoxxooxoxooxxox  oxoxooxxooxxoxxoooxxoxxooxoxoxxooxoxoxxooxoxoxoxoxxooxxooxxooxxooxoxooxxoxoxoxxoooxxoxoxoxoxoxoxooxxoxoxoxoxoxoxoxxooxoxoxooxxooxxooxxoxoxooxxxooxooxxooxxoxoxoxooxxxooxoxoxxooxoxoxxooxoxoxxooxooxxooxxoxoxxooxooxxxooxxooxoxoxxooxooxxoxoxooxxoxoxoxoxoxoxoox
248 -->  45	xxooxoxoxoxooxxooxxooxxoxxooxoxoxxooxoxooxxoxxooxoxooxxooxxoxxoooxxoxxooxoxoxxooxoxoxxooxoxoxoxoxxooxxooxxooxxooxoxooxxoxoxoxxoooxxoxoxoxoxoxoxooxxoxoxoxoxoxoxoxxooxoxoxooxxooxxooxxoxoxooxxxooxooxxooxxoxoxoxooxxxooxoxoxxooxoxoxxooxoxoxxooxooxxooxxo  xxooxooxxxooxxooxoxoxxooxooxxoxoxooxxoxoxoxoxoxoxoox
 93 --> 248	xxooxoxoxoxooxxooxxooxxoxxooxoxoxxooxoxooxxoxxooxoxooxxooxxoxxoooxxoxxooxoxoxxooxoxoxxooxoxox  oxxooxxooxxooxxooxoxooxxoxoxoxxoooxxoxoxoxoxoxoxooxxoxoxoxoxoxoxoxxooxoxoxooxxooxxooxxoxoxooxxxooxooxxooxxoxoxoxooxxxooxoxoxxooxoxoxxooxoxoxxooxooxxooxxooxxxooxooxxxooxxooxoxoxxooxooxxoxoxooxxoxoxoxoxoxoxoox
280 -->  93	xxooxoxoxoxooxxooxxooxxoxxooxoxoxxooxoxooxxoxxooxoxooxxooxxoxxoooxxoxxooxoxoxxooxoxoxxooxoxoxxooxxooxxooxxooxxooxoxooxxoxoxoxxoooxxoxoxoxoxoxoxooxxoxoxoxoxoxoxoxxooxoxoxooxxooxxooxxoxoxooxxxooxooxxooxxoxoxoxooxxxooxoxoxxooxoxoxxooxoxoxxooxooxxooxxooxxxooxooxxxooxxooxoxoxxooxooxxo  xooxxoxoxoxoxoxoxoox
153 --> 280	xxooxoxoxoxooxxooxxooxxoxxooxoxoxxooxoxooxxoxxooxoxooxxooxxoxxoooxxoxxooxoxoxxooxoxoxxooxoxoxxooxxooxxooxxooxxooxoxooxxoxoxoxxoooxxoxoxoxoxoxoxooxxoxoxox  oxoxoxxooxoxoxooxxooxxooxxoxoxooxxxooxooxxooxxoxoxoxooxxxooxoxoxxooxoxoxxooxoxoxxooxooxxooxxooxxxooxooxxxooxxooxoxoxxooxooxxooxxooxxoxoxoxoxoxoxoox
  4 --> 153	xxoo  xoxoxooxxooxxooxxoxxooxoxoxxooxoxooxxoxxooxoxooxxooxxoxxoooxxoxxooxoxoxxooxoxoxxooxoxoxxooxxooxxooxxooxxooxoxooxxoxoxoxxoooxxoxoxoxoxoxoxooxxoxoxoxxooxoxoxxooxoxoxooxxooxxooxxoxoxooxxxooxooxxooxxoxoxoxooxxxooxoxoxxooxoxoxxooxoxoxxooxooxxooxxooxxxooxooxxxooxxooxoxoxxooxooxxooxxooxxoxoxoxoxoxoxoox
 49 -->   4	xxoooxxoxoxooxxooxxooxxoxxooxoxoxxooxoxooxxoxxoox  ooxxooxxoxxoooxxoxxooxoxoxxooxoxoxxooxoxoxxooxxooxxooxxooxxooxoxooxxoxoxoxxoooxxoxoxoxoxoxoxooxxoxoxoxxooxoxoxxooxoxoxooxxooxxooxxoxoxooxxxooxooxxooxxoxoxoxooxxxooxoxoxxooxoxoxxooxoxoxxooxooxxooxxooxxxooxooxxxooxxooxoxoxxooxooxxooxxooxxoxoxoxoxoxoxoox
120 -->  49	xxoooxxoxoxooxxooxxooxxoxxooxoxoxxooxoxooxxoxxooxxoooxxooxxoxxoooxxoxxooxoxoxxooxoxoxxooxoxoxxooxxooxxooxxooxxooxoxooxxo  xoxxoooxxoxoxoxoxoxoxooxxoxoxoxxooxoxoxxooxoxoxooxxooxxooxxoxoxooxxxooxooxxooxxoxoxoxooxxxooxoxoxxooxoxoxxooxoxoxxooxooxxooxxooxxxooxooxxxooxxooxoxoxxooxooxxooxxooxxoxoxoxoxoxoxoox
 89 --> 120	xxoooxxoxoxooxxooxxooxxoxxooxoxoxxooxoxooxxoxxooxxoooxxooxxoxxoooxxoxxooxoxoxxooxoxoxxoox  oxxooxxooxxooxxooxxooxoxooxxooxxoxxoooxxoxoxoxoxoxoxooxxoxoxoxxooxoxoxxooxoxoxooxxooxxooxxoxoxooxxxooxooxxooxxoxoxoxooxxxooxoxoxxooxoxoxxooxoxoxxooxooxxooxxooxxxooxooxxxooxxooxoxoxxooxooxxooxxooxxoxoxoxoxoxoxoox
2j24 -->  89	xxoooxxoxoxooxxooxxooxxoxxooxoxoxxooxoxooxxoxxooxxoooxxooxxoxxoooxxoxxooxoxoxxooxoxoxxooxxooxxooxxooxxooxxooxxooxoxooxxooxxoxxoooxxoxoxoxoxoxoxooxxoxoxoxxooxoxoxxooxoxoxooxxooxxooxxoxoxooxxxooxooxxooxxoxoxoxooxxxooxoxoxxooxo  xxooxoxoxxooxooxxooxxooxxxooxooxxxooxxooxoxoxxooxooxxooxxooxxoxoxoxoxoxoxoox
113 --> 224	xxoooxxoxoxooxxooxxooxxoxxooxoxoxxooxoxooxxoxxooxxoooxxooxxoxxoooxxoxxooxoxoxxooxoxoxxooxxooxxooxxooxxooxxooxxoox  ooxxooxxoxxoooxxoxoxoxoxoxoxooxxoxoxoxxooxoxoxxooxoxoxooxxooxxooxxoxoxooxxxooxooxxooxxoxoxoxooxxxooxoxoxxooxooxxxooxoxoxxooxooxxooxxooxxxooxooxxxooxxooxoxoxxooxooxxooxxooxxoxoxoxoxoxoxoox
148 --> 113	xxoooxxoxoxooxxooxxooxxoxxooxoxoxxooxoxooxxoxxooxxoooxxooxxoxxoooxxoxxooxoxoxxooxoxoxxooxxooxxooxxooxxooxxooxxooxxoooxxooxxoxxoooxxoxoxoxoxoxoxooxxo  xoxxooxoxoxxooxoxoxooxxooxxooxxoxoxooxxxooxooxxooxxoxoxoxooxxxooxoxoxxooxooxxxooxoxoxxooxooxxooxxooxxxooxooxxxooxxooxoxoxxooxooxxooxxooxxoxoxoxoxoxoxoox
  9 --> 148	xxoooxxox  ooxxooxxooxxoxxooxoxoxxooxoxooxxoxxooxxoooxxooxxoxxoooxxoxxooxoxoxxooxoxoxxooxxooxxooxxooxxooxxooxxooxxoooxxooxxoxxoooxxoxoxoxoxoxoxooxxooxxoxxooxoxoxxooxoxoxooxxooxxooxxoxoxooxxxooxooxxooxxoxoxoxooxxxooxoxoxxooxooxxxooxoxoxxooxooxxooxxooxxxooxooxxxooxxooxoxoxxooxooxxooxxooxxoxoxoxoxoxoxoox
216 -->   9	xxoooxxoxxoooxxooxxooxxoxxooxoxoxxooxoxooxxoxxooxxoooxxooxxoxxoooxxoxxooxoxoxxooxoxoxxooxxooxxooxxooxxooxxooxxooxxoooxxooxxoxxoooxxoxoxoxoxoxoxooxxooxxoxxooxoxoxxooxoxoxooxxooxxooxxoxoxooxxxooxooxxooxxoxoxoxooxxxooxo  xxooxooxxxooxoxoxxooxooxxooxxooxxxooxooxxxooxxooxoxoxxooxooxxooxxooxxoxoxoxoxoxoxoox
287 --> 216	xxoooxxoxxoooxxooxxooxxoxxooxoxoxxooxoxooxxoxxooxxoooxxooxxoxxoooxxoxxooxoxoxxooxoxoxxooxxooxxooxxooxxooxxooxxooxxoooxxooxxoxxoooxxoxoxoxoxoxoxooxxooxxoxxooxoxoxxooxoxoxooxxooxxooxxoxoxooxxxooxooxxooxxoxoxoxooxxxooxooxxxooxooxxxooxoxoxxooxooxxooxxooxxxooxooxxxooxxooxoxoxxooxooxxooxxooxx  oxoxoxoxoxoox
 28 --> 287	xxoooxxoxxoooxxooxxooxxoxxoo  xoxxooxoxooxxoxxooxxoooxxooxxoxxoooxxoxxooxoxoxxooxoxoxxooxxooxxooxxooxxooxxooxxooxxoooxxooxxoxxoooxxoxoxoxoxoxoxooxxooxxoxxooxoxoxxooxoxoxooxxooxxooxxoxoxooxxxooxooxxooxxoxoxoxooxxxooxooxxxooxooxxxooxoxoxxooxooxxooxxooxxxooxooxxxooxxooxoxoxxooxooxxooxxooxxxooxoxoxoxoxoox
 37 -->  28	xxoooxxoxxoooxxooxxooxxoxxoooxxoxxoox  ooxxoxxooxxoooxxooxxoxxoooxxoxxooxoxoxxooxoxoxxooxxooxxooxxooxxooxxooxxooxxoooxxooxxoxxoooxxoxoxoxoxoxoxooxxooxxoxxooxoxoxxooxoxoxooxxooxxooxxoxoxooxxxooxooxxooxxoxoxoxooxxxooxooxxxooxooxxxooxoxoxxooxooxxooxxooxxxooxooxxxooxxooxoxoxxooxooxxooxxooxxxooxoxoxoxoxoox
166 -->  37	xxoooxxoxxoooxxooxxooxxoxxoooxxoxxooxxoooxxoxxooxxoooxxooxxoxxoooxxoxxooxoxoxxooxoxoxxooxxooxxooxxooxxooxxooxxooxxoooxxooxxoxxoooxxoxoxoxoxoxoxooxxooxxoxxooxoxoxxooxo  xooxxooxxooxxoxoxooxxxooxooxxooxxoxoxoxooxxxooxooxxxooxooxxxooxoxoxxooxooxxooxxooxxxooxooxxxooxxooxoxoxxooxooxxooxxooxxxooxoxoxoxoxoox
267 --> 166	xxoooxxoxxoooxxooxxooxxoxxoooxxoxxooxxoooxxoxxooxxoooxxooxxoxxoooxxoxxooxoxoxxooxoxoxxooxxooxxooxxooxxooxxooxxooxxoooxxooxxoxxoooxxoxoxoxoxoxoxooxxooxxoxxooxoxoxxooxooxxooxxooxxooxxoxoxooxxxooxooxxooxxoxoxoxooxxxooxooxxxooxooxxxooxoxoxxooxooxxooxxooxxxooxooxxxooxxoox  oxxooxooxxooxxooxxxooxoxoxoxoxoox
232 --> 267	xxoooxxoxxoooxxooxxooxxoxxoooxxoxxooxxoooxxoxxooxxoooxxooxxoxxoooxxoxxooxoxoxxooxoxoxxooxxooxxooxxooxxooxxooxxooxxoooxxooxxoxxoooxxoxoxoxoxoxoxooxxooxxoxxooxoxoxxooxooxxooxxooxxooxxoxoxooxxxooxooxxooxxoxoxoxooxxxooxooxxxooxooxxxooxo  xxooxooxxooxxooxxxooxooxxxooxxooxxooxxooxooxxooxxooxxxooxoxoxoxoxoox
133 --> 232	xxoooxxoxxoooxxooxxooxxoxxoooxxoxxooxxoooxxoxxooxxoooxxooxxoxxoooxxoxxooxoxoxxooxoxoxxooxxooxxooxxooxxooxxooxxooxxoooxxooxxoxxoooxxox  oxoxoxoxooxxooxxoxxooxoxoxxooxooxxooxxooxxooxxoxoxooxxxooxooxxooxxoxoxoxooxxxooxooxxxooxooxxxooxooxxxooxooxxooxxooxxxooxooxxxooxxooxxooxxooxooxxooxxooxxxooxoxoxoxoxoox
296 --> 133	xxoooxxoxxoooxxooxxooxxoxxoooxxoxxooxxoooxxoxxooxxoooxxooxxoxxoooxxoxxooxoxoxxooxoxoxxooxxooxxooxxooxxooxxooxxooxxoooxxooxxoxxoooxxoxxooxoxoxoxooxxooxxoxxooxoxoxxooxooxxooxxooxxooxxoxoxooxxxooxooxxooxxoxoxoxooxxxooxooxxxooxooxxxooxooxxxooxooxxooxxooxxxooxooxxxooxxooxxooxxooxooxxooxxooxxxooxoxoxo  xoox
137 --> 296	xxoooxxoxxoooxxooxxooxxoxxoooxxoxxooxxoooxxoxxooxxoooxxooxxoxxoooxxoxxooxoxoxxooxoxoxxooxxooxxooxxooxxooxxooxxooxxoooxxooxxoxxoooxxoxxoox  oxoxooxxooxxoxxooxoxoxxooxooxxooxxooxxooxxoxoxooxxxooxooxxooxxoxoxoxooxxxooxooxxxooxooxxxooxooxxxooxooxxooxxooxxxooxooxxxooxxooxxooxxooxooxxooxxooxxxooxoxoxooxxoox
158 --> 137	xxoooxxoxxoooxxooxxooxxoxxoooxxoxxooxxoooxxoxxooxxoooxxooxxoxxoooxxoxxooxoxoxxooxoxoxxooxxooxxooxxooxxooxxooxxooxxoooxxooxxoxxoooxxoxxooxxooxoxooxxooxxoxxooxo  xxooxooxxooxxooxxooxxoxoxooxxxooxooxxooxxoxoxoxooxxxooxooxxxooxooxxxooxooxxxooxooxxooxxooxxxooxooxxxooxxooxxooxxooxooxxooxxooxxxooxoxoxooxxoox
291 --> 158	xxoooxxoxxoooxxooxxooxxoxxoooxxoxxooxxoooxxoxxooxxoooxxooxxoxxoooxxoxxooxoxoxxooxoxoxxooxxooxxooxxooxxooxxooxxooxxoooxxooxxoxxoooxxoxxooxxooxoxooxxooxxoxxooxooxxxooxooxxooxxooxxooxxoxoxooxxxooxooxxooxxoxoxoxooxxxooxooxxxooxooxxxooxooxxxooxooxxooxxooxxxooxooxxxooxxooxxooxxooxooxxooxxooxxxoox  oxooxxoox
182 --> 291	xxoooxxoxxoooxxooxxooxxoxxoooxxoxxooxxoooxxoxxooxxoooxxooxxoxxoooxxoxxooxoxoxxooxoxoxxooxxooxxooxxooxxooxxooxxooxxoooxxooxxoxxoooxxoxxooxxooxoxooxxooxxoxxooxooxxxooxooxxooxxooxxooxxo  xooxxxooxooxxooxxoxoxoxooxxxooxooxxxooxooxxxooxooxxxooxooxxooxxooxxxooxooxxxooxxooxxooxxooxooxxooxxooxxxooxxooxooxxoox
201 --> 182	xxoooxxoxxoooxxooxxooxxoxxoooxxoxxooxxoooxxoxxooxxoooxxooxxoxxoooxxoxxooxoxoxxooxoxoxxooxxooxxooxxooxxooxxooxxooxxoooxxooxxoxxoooxxoxxooxxooxoxooxxooxxoxxooxooxxxooxooxxooxxooxxooxxooxxooxxxooxooxxooxx  oxoxooxxxooxooxxxooxooxxxooxooxxxooxooxxooxxooxxxooxooxxxooxxooxxooxxooxooxxooxxooxxxooxxooxooxxoox
140 --> 201	xxoooxxoxxoooxxooxxooxxoxxoooxxoxxooxxoooxxoxxooxxoooxxooxxoxxoooxxoxxooxoxoxxooxoxoxxooxxooxxooxxooxxooxxooxxooxxoooxxooxxoxxoooxxoxxooxxoo  xooxxooxxoxxooxooxxxooxooxxooxxooxxooxxooxxooxxxooxooxxooxxxooxoxooxxxooxooxxxooxooxxxooxooxxxooxooxxooxxooxxxooxooxxxooxxooxxooxxooxooxxooxxooxxxooxxooxooxxoox
 81 --> 140	xxoooxxoxxoooxxooxxooxxoxxoooxxoxxooxxoooxxoxxooxxoooxxooxxoxxoooxxoxxooxoxoxxoox  oxxooxxooxxooxxooxxooxxooxxooxxoooxxooxxoxxoooxxoxxooxxoooxxooxxooxxoxxooxooxxxooxooxxooxxooxxooxxooxxooxxxooxooxxooxxxooxoxooxxxooxooxxxooxooxxxooxooxxxooxooxxooxxooxxxooxooxxxooxxooxxooxxooxooxxooxxooxxxooxxooxooxxoox
 72 -->  81	xxoooxxoxxoooxxooxxooxxoxxoooxxoxxooxxoooxxoxxooxxoooxxooxxoxxoooxxoxxoo  xoxxooxxooxxooxxooxxooxxooxxooxxooxxooxxoooxxooxxoxxoooxxoxxooxxoooxxooxxooxxoxxooxooxxxooxooxxooxxooxxooxxooxxooxxxooxooxxooxxxooxoxooxxxooxooxxxooxooxxxooxooxxxooxooxxooxxooxxxooxooxxxooxxooxxooxxooxooxxooxxooxxxooxxooxooxxoox
205 -->  72	xxoooxxoxxoooxxooxxooxxoxxoooxxoxxooxxoooxxoxxooxxoooxxooxxoxxoooxxoxxoooxxoxxooxxooxxooxxooxxooxxooxxooxxooxxooxxoooxxooxxoxxoooxxoxxooxxoooxxooxxooxxoxxooxooxxxooxooxxooxxooxxooxxooxxooxxxooxooxxooxxxoox  ooxxxooxooxxxooxooxxxooxooxxxooxooxxooxxooxxxooxooxxxooxxooxxooxxooxooxxooxxooxxxooxxooxooxxoox
 32 --> 205	xxoooxxoxxoooxxooxxooxxoxxoooxxo  ooxxoooxxoxxooxxoooxxooxxoxxoooxxoxxoooxxoxxooxxooxxooxxooxxooxxooxxooxxooxxooxxoooxxooxxoxxoooxxoxxooxxoooxxooxxooxxoxxooxooxxxooxooxxooxxooxxooxxooxxooxxxooxooxxooxxxooxxxooxxxooxooxxxooxooxxxooxooxxxooxooxxooxxooxxxooxooxxxooxxooxxooxxooxooxxooxxooxxxooxxooxooxxoox
169 -->  32	xxoooxxoxxoooxxooxxooxxoxxoooxxoooooxxoooxxoxxooxxoooxxooxxoxxoooxxoxxoooxxoxxooxxooxxooxxooxxooxxooxxooxxooxxooxxoooxxooxxoxxoooxxoxxooxxoooxxooxxooxxoxxooxooxxxooxooxx  xxooxxooxxooxxooxxxooxooxxooxxxooxxxooxxxooxooxxxooxooxxxooxooxxxooxooxxooxxooxxxooxooxxxooxxooxxooxxooxooxxooxxooxxxooxxooxooxxoox
 60 --> 169	xxoooxxoxxoooxxooxxooxxoxxoooxxoooooxxoooxxoxxooxxoooxxooxxo  oooxxoxxoooxxoxxooxxooxxooxxooxxooxxooxxooxxooxxooxxoooxxooxxoxxoooxxoxxooxxoooxxooxxooxxoxxooxooxxxooxooxxxxxxooxxooxxooxxooxxxooxooxxooxxxooxxxooxxxooxooxxxooxooxxxooxooxxxooxooxxooxxooxxxooxooxxxooxxooxxooxxooxooxxooxxooxxxooxxooxooxxoox
162 -->  60	xxoooxxoxxoooxxooxxooxxoxxoooxxoooooxxoooxxoxxooxxoooxxooxxooooooxxoxxoooxxoxxooxxooxxooxxooxxooxxooxxooxxooxxooxxoooxxooxxoxxoooxxoxxooxxoooxxooxxooxxoxxooxooxxx  xooxxxxxxooxxooxxooxxooxxxooxooxxooxxxooxxxooxxxooxooxxxooxooxxxooxooxxxooxooxxooxxooxxxooxooxxxooxxooxxooxxooxooxxooxxooxxxooxxooxooxxoox
124 --> 162	xxoooxxoxxoooxxooxxooxxoxxoooxxoooooxxoooxxoxxooxxoooxxooxxooooooxxoxxoooxxoxxooxxooxxooxxooxxooxxooxxooxxooxxooxxoooxxooxxo  oooxxoxxooxxoooxxooxxooxxoxxooxooxxxxxxooxxxxxxooxxooxxooxxooxxxooxooxxooxxxooxxxooxxxooxooxxxooxooxxxooxooxxxooxooxxooxxooxxxooxooxxxooxxooxxooxxooxooxxooxxooxxxooxxooxooxxoox
173 --> 124	xxoooxxoxxoooxxooxxooxxoxxoooxxoooooxxoooxxoxxooxxoooxxooxxooooooxxoxxoooxxoxxooxxooxxooxxooxxooxxooxxooxxooxxooxxoooxxooxxooooooxxoxxooxxoooxxooxxooxxoxxooxooxxxxxxooxxxxxx  xxooxxooxxooxxxooxooxxooxxxooxxxooxxxooxooxxxooxooxxxooxooxxxooxooxxooxxooxxxooxooxxxooxxooxxooxxooxooxxooxxooxxxooxxooxooxxoox
 73 --> 173	xxoooxxoxxoooxxooxxooxxoxxoooxxoooooxxoooxxoxxooxxoooxxooxxooooooxxoxxooo  oxxooxxooxxooxxooxxooxxooxxooxxooxxooxxoooxxooxxooooooxxoxxooxxoooxxooxxooxxoxxooxooxxxxxxooxxxxxxxxxxooxxooxxooxxxooxooxxooxxxooxxxooxxxooxooxxxooxooxxxooxooxxxooxooxxooxxooxxxooxooxxxooxxooxxooxxooxooxxooxxooxxxooxxooxooxxoox
272 -->  73	xxoooxxoxxoooxxooxxooxxoxxoooxxoooooxxoooxxoxxooxxoooxxooxxooooooxxoxxooooooxxooxxooxxooxxooxxooxxooxxooxxooxxooxxoooxxooxxooooooxxoxxooxxoooxxooxxooxxoxxooxooxxxxxxooxxxxxxxxxxooxxooxxooxxxooxooxxooxxxooxxxooxxxooxooxxxooxooxxxooxooxxxooxooxxooxxooxxxooxooxxxooxxooxxooxx  xooxxooxxooxxxooxxooxooxxoox
 41 --> 272	xxoooxxoxxoooxxooxxooxxoxxoooxxoooooxxooo  oxxooxxoooxxooxxooooooxxoxxooooooxxooxxooxxooxxooxxooxxooxxooxxooxxooxxoooxxooxxooooooxxoxxooxxoooxxooxxooxxoxxooxooxxxxxxooxxxxxxxxxxooxxooxxooxxxooxooxxooxxxooxxxooxxxooxooxxxooxooxxxooxooxxxooxooxxooxxooxxxooxooxxxooxxooxxooxxxxxooxxooxxooxxxooxxooxooxxoox
243 -->  41	xxoooxxoxxoooxxooxxooxxoxxoooxxoooooxxooooooxxooxxoooxxooxxooooooxxoxxooooooxxooxxooxxooxxooxxooxxooxxooxxooxxooxxoooxxooxxooooooxxoxxooxxoooxxooxxooxxoxxooxooxxxxxxooxxxxxxxxxxooxxooxxooxxxooxooxxooxxxooxxxooxxxooxooxxxooxooxxxooxooxxxooxooxx  xxooxxxooxooxxxooxxooxxooxxxxxooxxooxxooxxxooxxooxooxxoox
136 --> 243	xxoooxxoxxoooxxooxxooxxoxxoooxxoooooxxooooooxxooxxoooxxooxxooooooxxoxxooooooxxooxxooxxooxxooxxooxxooxxooxxooxxooxxoooxxooxxooooooxxoxxoo  oooxxooxxooxxoxxooxooxxxxxxooxxxxxxxxxxooxxooxxooxxxooxooxxooxxxooxxxooxxxooxooxxxooxooxxxooxooxxxooxooxxxxxxooxxxooxooxxxooxxooxxooxxxxxooxxooxxooxxxooxxooxooxxoox
236 --> 136	xxoooxxoxxoooxxooxxooxxoxxoooxxoooooxxooooooxxooxxoooxxooxxooooooxxoxxooooooxxooxxooxxooxxooxxooxxooxxooxxooxxooxxoooxxooxxooooooxxoxxoooooooxxooxxooxxoxxooxooxxxxxxooxxxxxxxxxxooxxooxxooxxxooxooxxooxxxooxxxooxxxooxooxxxooxooxxxooxooxxx  xooxxxxxxooxxxooxooxxxooxxooxxooxxxxxooxxooxxooxxxooxxooxooxxoox
121 --> 236	xxoooxxoxxoooxxooxxooxxoxxoooxxoooooxxooooooxxooxxoooxxooxxooooooxxoxxooooooxxooxxooxxooxxooxxooxxooxxooxxooxxooxxoooxxoo  ooooooxxoxxoooooooxxooxxooxxoxxooxooxxxxxxooxxxxxxxxxxooxxooxxooxxxooxooxxooxxxooxxxooxxxooxooxxxooxooxxxooxooxxxxxxooxxxxxxooxxxooxooxxxooxxooxxooxxxxxooxxooxxooxxxooxxooxooxxoox
283 --> 121	xxoooxxoxxoooxxooxxooxxoxxoooxxoooooxxooooooxxooxxoooxxooxxooooooxxoxxooooooxxooxxooxxooxxooxxooxxooxxooxxooxxooxxoooxxooooooooooxxoxxoooooooxxooxxooxxoxxooxooxxxxxxooxxxxxxxxxxooxxooxxooxxxooxooxxooxxxooxxxooxxxooxooxxxooxooxxxooxooxxxxxxooxxxxxxooxxxooxooxxxooxxooxxooxxxxxooxxooxx  xxxooxxooxooxxoox
108 --> 283	xxoooxxoxxoooxxooxxooxxoxxoooxxoooooxxooooooxxooxxoooxxooxxooooooxxoxxooooooxxooxxooxxooxxooxxooxxooxxooxxoo  ooxxoooxxooooooooooxxoxxoooooooxxooxxooxxoxxooxooxxxxxxooxxxxxxxxxxooxxooxxooxxxooxooxxooxxxooxxxooxxxooxooxxxooxooxxxooxooxxxxxxooxxxxxxooxxxooxooxxxooxxooxxooxxxxxooxxooxxxxxxxooxxooxooxxoox
252 --> 108	xxoooxxoxxoooxxooxxooxxoxxoooxxoooooxxooooooxxooxxoooxxooxxooooooxxoxxooooooxxooxxooxxooxxooxxooxxooxxooxxooooooxxoooxxooooooooooxxoxxoooooooxxooxxooxxoxxooxooxxxxxxooxxxxxxxxxxooxxooxxooxxxooxooxxooxxxooxxxooxxxooxooxxxooxooxxxooxooxxxxxxooxxxxxxooxxx  xooxxxooxxooxxooxxxxxooxxooxxxxxxxooxxooxooxxoox
 84 --> 252	xxoooxxoxxoooxxooxxooxxoxxoooxxoooooxxooooooxxooxxoooxxooxxooooooxxoxxooooooxxooxxoo  ooxxooxxooxxooxxooxxooooooxxoooxxooooooooooxxoxxoooooooxxooxxooxxoxxooxooxxxxxxooxxxxxxxxxxooxxooxxooxxxooxooxxooxxxooxxxooxxxooxooxxxooxooxxxooxooxxxxxxooxxxxxxooxxxxxxooxxxooxxooxxooxxxxxooxxooxxxxxxxooxxooxooxxoox
279 -->  84	xxoooxxoxxoooxxooxxooxxoxxoooxxoooooxxooooooxxooxxoooxxooxxooooooxxoxxooooooxxooxxooooooxxooxxooxxooxxooxxooooooxxoooxxooooooooooxxoxxoooooooxxooxxooxxoxxooxooxxxxxxooxxxxxxxxxxooxxooxxooxxxooxooxxooxxxooxxxooxxxooxooxxxooxooxxxooxooxxxxxxooxxxxxxooxxxxxxooxxxooxxooxxooxxxxxooxx  xxxxxxxooxxooxooxxoox
100 --> 279	xxoooxxoxxoooxxooxxooxxoxxoooxxoooooxxooooooxxooxxoooxxooxxooooooxxoxxooooooxxooxxooooooxxooxxooxxoo  ooxxooooooxxoooxxooooooooooxxoxxoooooooxxooxxooxxoxxooxooxxxxxxooxxxxxxxxxxooxxooxxooxxxooxooxxooxxxooxxxooxxxooxooxxxooxooxxxooxooxxxxxxooxxxxxxooxxxxxxooxxxooxxooxxooxxxxxooxxxxxxxxxxxooxxooxooxxoox
231 --> 100	xxoooxxoxxoooxxooxxooxxoxxoooxxoooooxxooooooxxooxxoooxxooxxooooooxxoxxooooooxxooxxooooooxxooxxooxxooooooxxooooooxxoooxxooooooooooxxoxxoooooooxxooxxooxxoxxooxooxxxxxxooxxxxxxxxxxooxxooxxooxxxooxooxxooxxxooxxxooxxxooxooxxxooxooxxxoox  xxxxxxooxxxxxxooxxxxxxooxxxooxxooxxooxxxxxooxxxxxxxxxxxooxxooxooxxoox
112 --> 231	xxoooxxoxxoooxxooxxooxxoxxoooxxoooooxxooooooxxooxxoooxxooxxooooooxxoxxooooooxxooxxooooooxxooxxooxxooooooxxoooooo  oooxxooooooooooxxoxxoooooooxxooxxooxxoxxooxooxxxxxxooxxxxxxxxxxooxxooxxooxxxooxooxxooxxxooxxxooxxxooxooxxxooxooxxxooxxxxxxxxxooxxxxxxooxxxxxxooxxxooxxooxxooxxxxxooxxxxxxxxxxxooxxooxooxxoox
264 --> 112	xxoooxxoxxoooxxooxxooxxoxxoooxxoooooxxooooooxxooxxoooxxooxxooooooxxoxxooooooxxooxxooooooxxooxxooxxooooooxxoooooooooooxxooooooooooxxoxxoooooooxxooxxooxxoxxooxooxxxxxxooxxxxxxxxxxooxxooxxooxxxooxooxxooxxxooxxxooxxxooxooxxxooxooxxxooxxxxxxxxxooxxxxxxooxxxxxxooxxxooxx  xxooxxxxxooxxxxxxxxxxxooxxooxooxxoox
 80 --> 264	xxoooxxoxxoooxxooxxooxxoxxoooxxoooooxxooooooxxooxxoooxxooxxooooooxxoxxooooooxxoo  ooooooxxooxxooxxooooooxxoooooooooooxxooooooooooxxoxxoooooooxxooxxooxxoxxooxooxxxxxxooxxxxxxxxxxooxxooxxooxxxooxooxxooxxxooxxxooxxxooxooxxxooxooxxxooxxxxxxxxxooxxxxxxooxxxxxxooxxxooxxxxxxooxxxxxooxxxxxxxxxxxooxxooxooxxoox
177 -->  80	xxoooxxoxxoooxxooxxooxxoxxoooxxoooooxxooooooxxooxxoooxxooxxooooooxxoxxooooooxxooooooooooxxooxxooxxooooooxxoooooooooooxxooooooooooxxoxxoooooooxxooxxooxxoxxooxooxxxxxxooxxxxxxxxxx  xxooxxooxxxooxooxxooxxxooxxxooxxxooxooxxxooxooxxxooxxxxxxxxxooxxxxxxooxxxxxxooxxxooxxxxxxooxxxxxooxxxxxxxxxxxooxxooxooxxoox
104 --> 177	xxoooxxoxxoooxxooxxooxxoxxoooxxoooooxxooooooxxooxxoooxxooxxooooooxxoxxooooooxxooooooooooxxooxxooxxoooooo  oooooooooooxxooooooooooxxoxxoooooooxxooxxooxxoxxooxooxxxxxxooxxxxxxxxxxxxxxooxxooxxxooxooxxooxxxooxxxooxxxooxooxxxooxooxxxooxxxxxxxxxooxxxxxxooxxxxxxooxxxooxxxxxxooxxxxxooxxxxxxxxxxxooxxooxooxxoox
228 --> 104	xxoooxxoxxoooxxooxxooxxoxxoooxxoooooxxooooooxxooxxoooxxooxxooooooxxoxxooooooxxooooooooooxxooxxooxxoooooooooooooooooooxxooooooooooxxoxxoooooooxxooxxooxxoxxooxooxxxxxxooxxxxxxxxxxxxxxooxxooxxxooxooxxooxxxooxxxooxxxooxooxxxooxooxxx  xxxxxxxxxooxxxxxxooxxxxxxooxxxooxxxxxxooxxxxxooxxxxxxxxxxxooxxooxooxxoox
 68 --> 228	xxoooxxoxxoooxxooxxooxxoxxoooxxoooooxxooooooxxooxxoooxxooxxooooooxxo  ooooooxxooooooooooxxooxxooxxoooooooooooooooooooxxooooooooooxxoxxoooooooxxooxxooxxoxxooxooxxxxxxooxxxxxxxxxxxxxxooxxooxxxooxooxxooxxxooxxxooxxxooxooxxxooxooxxxxxxxxxxxxxxooxxxxxxooxxxxxxooxxxooxxxxxxooxxxxxooxxxxxxxxxxxooxxooxooxxoox
255 -->  68	xxoooxxoxxoooxxooxxooxxoxxoooxxoooooxxooooooxxooxxoooxxooxxooooooxxoooooooooxxooooooooooxxooxxooxxoooooooooooooooooooxxooooooooooxxoxxoooooooxxooxxooxxoxxooxooxxxxxxooxxxxxxxxxxxxxxooxxooxxxooxooxxooxxxooxxxooxxxooxooxxxooxooxxxxxxxxxxxxxxooxxxxxxooxxxxxx  xxxooxxxxxxooxxxxxooxxxxxxxxxxxooxxooxooxxoox
 65 --> 255	xxoooxxoxxoooxxooxxooxxoxxoooxxoooooxxooooooxxooxxoooxxooxxoooooo  oooooooooxxooooooooooxxooxxooxxoooooooooooooooooooxxooooooooooxxoxxoooooooxxooxxooxxoxxooxooxxxxxxooxxxxxxxxxxxxxxooxxooxxxooxooxxooxxxooxxxooxxxooxooxxxooxooxxxxxxxxxxxxxxooxxxxxxooxxxxxxxxxxxooxxxxxxooxxxxxooxxxxxxxxxxxooxxooxooxxoox
247 -->  65	xxoooxxoxxoooxxooxxooxxoxxoooxxoooooxxooooooxxooxxoooxxooxxoooooooooooooooooxxooooooooooxxooxxooxxoooooooooooooooooooxxooooooooooxxoxxoooooooxxooxxooxxoxxooxooxxxxxxooxxxxxxxxxxxxxxooxxooxxxooxooxxooxxxooxxxooxxxooxooxxxooxooxxxxxxxxxxxxxxooxxxxxx  xxxxxxxxxxxooxxxxxxooxxxxxooxxxxxxxxxxxooxxooxooxxoox
 24 --> 247	xxoooxxoxxoooxxooxxooxxo  oooxxoooooxxooooooxxooxxoooxxooxxoooooooooooooooooxxooooooooooxxooxxooxxoooooooooooooooooooxxooooooooooxxoxxoooooooxxooxxooxxoxxooxooxxxxxxooxxxxxxxxxxxxxxooxxooxxxooxooxxooxxxooxxxooxxxooxooxxxooxooxxxxxxxxxxxxxxooxxxxxxxxxxxxxxxxxxxooxxxxxxooxxxxxooxxxxxxxxxxxooxxooxooxxoox
154 -->  24	xxoooxxoxxoooxxooxxooxxooooooxxoooooxxooooooxxooxxoooxxooxxoooooooooooooooooxxooooooooooxxooxxooxxoooooooooooooooooooxxooooooooooxxoxxoooooooxxooxxooxxoxx  xooxxxxxxooxxxxxxxxxxxxxxooxxooxxxooxooxxooxxxooxxxooxxxooxooxxxooxooxxxxxxxxxxxxxxooxxxxxxxxxxxxxxxxxxxooxxxxxxooxxxxxooxxxxxxxxxxxooxxooxooxxoox
 21 --> 154	xxoooxxoxxoooxxooxxoo  ooooooxxoooooxxooooooxxooxxoooxxooxxoooooooooooooooooxxooooooooooxxooxxooxxoooooooooooooooooooxxooooooooooxxoxxoooooooxxooxxooxxoxxxxxooxxxxxxooxxxxxxxxxxxxxxooxxooxxxooxooxxooxxxooxxxooxxxooxooxxxooxooxxxxxxxxxxxxxxooxxxxxxxxxxxxxxxxxxxooxxxxxxooxxxxxooxxxxxxxxxxxooxxooxooxxoox
295 -->  21	xxoooxxoxxoooxxooxxooooooooooxxoooooxxooooooxxooxxoooxxooxxoooooooooooooooooxxooooooooooxxooxxooxxoooooooooooooooooooxxooooooooooxxoxxoooooooxxooxxooxxoxxxxxooxxxxxxooxxxxxxxxxxxxxxooxxooxxxooxooxxooxxxooxxxooxxxooxooxxxooxooxxxxxxxxxxxxxxooxxxxxxxxxxxxxxxxxxxooxxxxxxooxxxxxooxxxxxxxxxxxooxxoox  xxoox
 76 --> 295	xxoooxxoxxoooxxooxxooooooooooxxoooooxxooooooxxooxxoooxxooxxooooooooooooooooo  ooooooooooxxooxxooxxoooooooooooooooooooxxooooooooooxxoxxoooooooxxooxxooxxoxxxxxooxxxxxxooxxxxxxxxxxxxxxooxxooxxxooxooxxooxxxooxxxooxxxooxooxxxooxooxxxxxxxxxxxxxxooxxxxxxxxxxxxxxxxxxxooxxxxxxooxxxxxooxxxxxxxxxxxooxxooxxxxxoox
193 -->  76	xxoooxxoxxoooxxooxxooooooooooxxoooooxxooooooxxooxxoooxxooxxoooooooooooooooooooooooooooooxxooxxooxxoooooooooooooooooooxxooooooooooxxoxxoooooooxxooxxooxxoxxxxxooxxxxxxooxxxxxxxxxxxxxxooxxooxxxoox  xxooxxxooxxxooxxxooxooxxxooxooxxxxxxxxxxxxxxooxxxxxxxxxxxxxxxxxxxooxxxxxxooxxxxxooxxxxxxxxxxxooxxooxxxxxoox
 48 --> 193	xxoooxxoxxoooxxooxxooooooooooxxoooooxxooooooxxoo  oooxxooxxoooooooooooooooooooooooooooooxxooxxooxxoooooooooooooooooooxxooooooooooxxoxxoooooooxxooxxooxxoxxxxxooxxxxxxooxxxxxxxxxxxxxxooxxooxxxooxxxxxooxxxooxxxooxxxooxooxxxooxooxxxxxxxxxxxxxxooxxxxxxxxxxxxxxxxxxxooxxxxxxooxxxxxooxxxxxxxxxxxooxxooxxxxxoox
190 -->  48	xxoooxxoxxoooxxooxxooooooooooxxoooooxxooooooxxoooooooxxooxxoooooooooooooooooooooooooooooxxooxxooxxoooooooooooooooooooxxooooooooooxxoxxoooooooxxooxxooxxoxxxxxooxxxxxxooxxxxxxxxxxxxxxooxxooxxx  xxxxxooxxxooxxxooxxxooxooxxxooxooxxxxxxxxxxxxxxooxxxxxxxxxxxxxxxxxxxooxxxxxxooxxxxxooxxxxxxxxxxxooxxooxxxxxoox
 92 --> 190	xxoooxxoxxoooxxooxxooooooooooxxoooooxxooooooxxoooooooxxooxxoooooooooooooooooooooooooooooxxoo  ooxxoooooooooooooooooooxxooooooooooxxoxxoooooooxxooxxooxxoxxxxxooxxxxxxooxxxxxxxxxxxxxxooxxooxxxxxxxxxxooxxxooxxxooxxxooxooxxxooxooxxxxxxxxxxxxxxooxxxxxxxxxxxxxxxxxxxooxxxxxxooxxxxxooxxxxxxxxxxxooxxooxxxxxoox
239 -->  92	xxoooxxoxxoooxxooxxooooooooooxxoooooxxooooooxxoooooooxxooxxoooooooooooooooooooooooooooooxxooooooxxoooooooooooooooooooxxooooooooooxxoxxoooooooxxooxxooxxoxxxxxooxxxxxxooxxxxxxxxxxxxxxooxxooxxxxxxxxxxooxxxooxxxooxxxooxooxxxooxooxxxxxxxxxxxxxx  xxxxxxxxxxxxxxxxxxxooxxxxxxooxxxxxooxxxxxxxxxxxooxxooxxxxxoox
129 --> 239	xxoooxxoxxoooxxooxxooooooooooxxoooooxxooooooxxoooooooxxooxxoooooooooooooooooooooooooooooxxooooooxxoooooooooooooooooooxxoooooooooo  oxxoooooooxxooxxooxxoxxxxxooxxxxxxooxxxxxxxxxxxxxxooxxooxxxxxxxxxxooxxxooxxxooxxxooxooxxxooxooxxxxxxxxxxxxxxxxxxxxxxxxxxxxxxxxxxxooxxxxxxooxxxxxooxxxxxxxxxxxooxxooxxxxxoox
260 --> 129	xxoooxxoxxoooxxooxxooooooooooxxoooooxxooooooxxoooooooxxooxxoooooooooooooooooooooooooooooxxooooooxxoooooooooooooooooooxxoooooooooooooxxoooooooxxooxxooxxoxxxxxooxxxxxxooxxxxxxxxxxxxxxooxxooxxxxxxxxxxooxxxooxxxooxxxooxooxxxooxooxxxxxxxxxxxxxxxxxxxxxxxxxxxxxxxxxxx  xxxxxxooxxxxxooxxxxxxxxxxxooxxooxxxxxoox
 88 --> 260	xxoooxxoxxoooxxooxxooooooooooxxoooooxxooooooxxoooooooxxooxxooooooooooooooooooooooooooooo  ooooooxxoooooooooooooooooooxxoooooooooooooxxoooooooxxooxxooxxoxxxxxooxxxxxxooxxxxxxxxxxxxxxooxxooxxxxxxxxxxooxxxooxxxooxxxooxooxxxooxooxxxxxxxxxxxxxxxxxxxxxxxxxxxxxxxxxxxxxxxxxxxooxxxxxooxxxxxxxxxxxooxxooxxxxxoox
207 -->  88	xxoooxxoxxoooxxooxxooooooooooxxoooooxxooooooxxoooooooxxooxxoooooooooooooooooooooooooooooooooooooxxoooooooooooooooooooxxoooooooooooooxxoooooooxxooxxooxxoxxxxxooxxxxxxooxxxxxxxxxxxxxxooxxooxxxxxxxxxxooxxxooxxx  xxxooxooxxxooxooxxxxxxxxxxxxxxxxxxxxxxxxxxxxxxxxxxxxxxxxxxxooxxxxxooxxxxxxxxxxxooxxooxxxxxoox
 29 --> 207	xxoooxxoxxoooxxooxxoooooooooo  oooooxxooooooxxoooooooxxooxxoooooooooooooooooooooooooooooooooooooxxoooooooooooooooooooxxoooooooooooooxxoooooooxxooxxooxxoxxxxxooxxxxxxooxxxxxxxxxxxxxxooxxooxxxxxxxxxxooxxxooxxxxxxxxooxooxxxooxooxxxxxxxxxxxxxxxxxxxxxxxxxxxxxxxxxxxxxxxxxxxooxxxxxooxxxxxxxxxxxooxxooxxxxxoox
157 -->  29	xxoooxxoxxoooxxooxxoooooooooooooooooxxooooooxxoooooooxxooxxoooooooooooooooooooooooooooooooooooooxxoooooooooooooooooooxxoooooooooooooxxoooooooxxooxxooxxoxxxxx  xxxxxxooxxxxxxxxxxxxxxooxxooxxxxxxxxxxooxxxooxxxxxxxxooxooxxxooxooxxxxxxxxxxxxxxxxxxxxxxxxxxxxxxxxxxxxxxxxxxxooxxxxxooxxxxxxxxxxxooxxooxxxxxoox
117 --> 157	xxoooxxoxxoooxxooxxoooooooooooooooooxxooooooxxoooooooxxooxxoooooooooooooooooooooooooooooooooooooxxooooooooooooooooooo  oooooooooooooxxoooooooxxooxxooxxoxxxxxxxxxxxxxooxxxxxxxxxxxxxxooxxooxxxxxxxxxxooxxxooxxxxxxxxooxooxxxooxooxxxxxxxxxxxxxxxxxxxxxxxxxxxxxxxxxxxxxxxxxxxooxxxxxooxxxxxxxxxxxooxxooxxxxxoox
268 --> 117	xxoooxxoxxoooxxooxxoooooooooooooooooxxooooooxxoooooooxxooxxoooooooooooooooooooooooooooooooooooooxxooooooooooooooooooooooooooooooooooxxoooooooxxooxxooxxoxxxxxxxxxxxxxooxxxxxxxxxxxxxxooxxooxxxxxxxxxxooxxxooxxxxxxxxooxooxxxooxooxxxxxxxxxxxxxxxxxxxxxxxxxxxxxxxxxxxxxxxxxxx  xxxxxooxxxxxxxxxxxooxxooxxxxxoox
149 --> 268	xxoooxxoxxoooxxooxxoooooooooooooooooxxooooooxxoooooooxxooxxoooooooooooooooooooooooooooooooooooooxxooooooooooooooooooooooooooooooooooxxoooooooxxooxxoo  oxxxxxxxxxxxxxooxxxxxxxxxxxxxxooxxooxxxxxxxxxxooxxxooxxxxxxxxooxooxxxooxooxxxxxxxxxxxxxxxxxxxxxxxxxxxxxxxxxxxxxxxxxxxxxxxxxxooxxxxxxxxxxxooxxooxxxxxoox
202 --> 149	xxoooxxoxxoooxxooxxoooooooooooooooooxxooooooxxoooooooxxooxxoooooooooooooooooooooooooooooooooooooxxooooooooooooooooooooooooooooooooooxxoooooooxxooxxoooooxxxxxxxxxxxxxooxxxxxxxxxxxxxxooxxooxxxxxxxxxxooxxx  xxxxxxxxooxooxxxooxooxxxxxxxxxxxxxxxxxxxxxxxxxxxxxxxxxxxxxxxxxxxxxxxxxxooxxxxxxxxxxxooxxooxxxxxoox
 53 --> 202	xxoooxxoxxoooxxooxxoooooooooooooooooxxooooooxxooooooo  ooxxoooooooooooooooooooooooooooooooooooooxxooooooooooooooooooooooooooooooooooxxoooooooxxooxxoooooxxxxxxxxxxxxxooxxxxxxxxxxxxxxooxxooxxxxxxxxxxooxxxxxxxxxxxxxooxooxxxooxooxxxxxxxxxxxxxxxxxxxxxxxxxxxxxxxxxxxxxxxxxxxxxxxxxxooxxxxxxxxxxxooxxooxxxxxoox
292 -->  53	xxoooxxoxxoooxxooxxoooooooooooooooooxxooooooxxoooooooooooxxoooooooooooooooooooooooooooooooooooooxxooooooooooooooooooooooooooooooooooxxoooooooxxooxxoooooxxxxxxxxxxxxxooxxxxxxxxxxxxxxooxxooxxxxxxxxxxooxxxxxxxxxxxxxooxooxxxooxooxxxxxxxxxxxxxxxxxxxxxxxxxxxxxxxxxxxxxxxxxxxxxxxxxxooxxxxxxxxxxxooxx  xxxxxoox
 13 --> 292	xxoooxxoxxooo  ooxxoooooooooooooooooxxooooooxxoooooooooooxxoooooooooooooooooooooooooooooooooooooxxooooooooooooooooooooooooooooooooooxxoooooooxxooxxoooooxxxxxxxxxxxxxooxxxxxxxxxxxxxxooxxooxxxxxxxxxxooxxxxxxxxxxxxxooxooxxxooxooxxxxxxxxxxxxxxxxxxxxxxxxxxxxxxxxxxxxxxxxxxxxxxxxxxooxxxxxxxxxxxooxxxxxxxxxoox
212 -->  13	xxoooxxoxxoooooooxxoooooooooooooooooxxooooooxxoooooooooooxxoooooooooooooooooooooooooooooooooooooxxooooooooooooooooooooooooooooooooooxxoooooooxxooxxoooooxxxxxxxxxxxxxooxxxxxxxxxxxxxxooxxooxxxxxxxxxxooxxxxxxxxxxxxx  xooxxxooxooxxxxxxxxxxxxxxxxxxxxxxxxxxxxxxxxxxxxxxxxxxxxxxxxxxooxxxxxxxxxxxooxxxxxxxxxoox
 44 --> 212	xxoooxxoxxoooooooxxoooooooooooooooooxxoooooo  oooooooooooxxoooooooooooooooooooooooooooooooooooooxxooooooooooooooooooooooooooooooooooxxoooooooxxooxxoooooxxxxxxxxxxxxxooxxxxxxxxxxxxxxooxxooxxxxxxxxxxooxxxxxxxxxxxxxxxxooxxxooxooxxxxxxxxxxxxxxxxxxxxxxxxxxxxxxxxxxxxxxxxxxxxxxxxxxooxxxxxxxxxxxooxxxxxxxxxoox
220 -->  44	xxoooxxoxxoooooooxxoooooooooooooooooxxoooooooooooooooooooxxoooooooooooooooooooooooooooooooooooooxxooooooooooooooooooooooooooooooooooxxoooooooxxooxxoooooxxxxxxxxxxxxxooxxxxxxxxxxxxxxooxxooxxxxxxxxxxooxxxxxxxxxxxxxxxxooxxx  xooxxxxxxxxxxxxxxxxxxxxxxxxxxxxxxxxxxxxxxxxxxxxxxxxxxooxxxxxxxxxxxooxxxxxxxxxoox
141 --> 220	xxoooxxoxxoooooooxxoooooooooooooooooxxoooooooooooooooooooxxoooooooooooooooooooooooooooooooooooooxxooooooooooooooooooooooooooooooooooxxooooooo  ooxxoooooxxxxxxxxxxxxxooxxxxxxxxxxxxxxooxxooxxxxxxxxxxooxxxxxxxxxxxxxxxxooxxxxxxooxxxxxxxxxxxxxxxxxxxxxxxxxxxxxxxxxxxxxxxxxxxxxxxxxxooxxxxxxxxxxxooxxxxxxxxxoox
165 --> 141	xxoooxxoxxoooooooxxoooooooooooooooooxxoooooooooooooooooooxxoooooooooooooooooooooooooooooooooooooxxooooooooooooooooooooooooooooooooooxxoooooooooooxxoooooxxxxxxxxxxxxx  xxxxxxxxxxxxxxooxxooxxxxxxxxxxooxxxxxxxxxxxxxxxxooxxxxxxooxxxxxxxxxxxxxxxxxxxxxxxxxxxxxxxxxxxxxxxxxxxxxxxxxxooxxxxxxxxxxxooxxxxxxxxxoox
 57 --> 165	xxoooxxoxxoooooooxxoooooooooooooooooxxooooooooooooooooooo  oooooooooooooooooooooooooooooooooooooxxooooooooooooooooooooooooooooooooooxxoooooooooooxxoooooxxxxxxxxxxxxxxxxxxxxxxxxxxxxxooxxooxxxxxxxxxxooxxxxxxxxxxxxxxxxooxxxxxxooxxxxxxxxxxxxxxxxxxxxxxxxxxxxxxxxxxxxxxxxxxxxxxxxxxooxxxxxxxxxxxooxxxxxxxxxoox
185 -->  57	xxoooxxoxxoooooooxxoooooooooooooooooxxooooooooooooooooooooooooooooooooooooooooooooooooooooooooooxxooooooooooooooooooooooooooooooooooxxoooooooooooxxoooooxxxxxxxxxxxxxxxxxxxxxxxxxxxxxooxx  xxxxxxxxxxooxxxxxxxxxxxxxxxxooxxxxxxooxxxxxxxxxxxxxxxxxxxxxxxxxxxxxxxxxxxxxxxxxxxxxxxxxxooxxxxxxxxxxxooxxxxxxxxxoox
  8 --> 185	xxoooxxo  oooooooxxoooooooooooooooooxxooooooooooooooooooooooooooooooooooooooooooooooooooooooooooxxooooooooooooooooooooooooooooooooooxxoooooooooooxxoooooxxxxxxxxxxxxxxxxxxxxxxxxxxxxxooxxxxxxxxxxxxxxooxxxxxxxxxxxxxxxxooxxxxxxooxxxxxxxxxxxxxxxxxxxxxxxxxxxxxxxxxxxxxxxxxxxxxxxxxxooxxxxxxxxxxxooxxxxxxxxxoox
215 -->   8	xxoooxxooooooooooxxoooooooooooooooooxxooooooooooooooooooooooooooooooooooooooooooooooooooooooooooxxooooooooooooooooooooooooooooooooooxxoooooooooooxxoooooxxxxxxxxxxxxxxxxxxxxxxxxxxxxxooxxxxxxxxxxxxxxooxxxxxxxxxxxxxxxx  xxxxxxooxxxxxxxxxxxxxxxxxxxxxxxxxxxxxxxxxxxxxxxxxxxxxxxxxxooxxxxxxxxxxxooxxxxxxxxxoox
 36 --> 215	xxoooxxooooooooooxxooooooooooooooooo  ooooooooooooooooooooooooooooooooooooooooooooooooooooooooooxxooooooooooooooooooooooooooooooooooxxoooooooooooxxoooooxxxxxxxxxxxxxxxxxxxxxxxxxxxxxooxxxxxxxxxxxxxxooxxxxxxxxxxxxxxxxxxxxxxxxooxxxxxxxxxxxxxxxxxxxxxxxxxxxxxxxxxxxxxxxxxxxxxxxxxxooxxxxxxxxxxxooxxxxxxxxxoox
223 -->  36	xxoooxxooooooooooxxoooooooooooooooooooooooooooooooooooooooooooooooooooooooooooooooooooooooooooooxxooooooooooooooooooooooooooooooooooxxoooooooooooxxoooooxxxxxxxxxxxxxxxxxxxxxxxxxxxxxooxxxxxxxxxxxxxxooxxxxxxxxxxxxxxxxxxxxxxxx  xxxxxxxxxxxxxxxxxxxxxxxxxxxxxxxxxxxxxxxxxxxxxxxxxxooxxxxxxxxxxxooxxxxxxxxxoox
132 --> 223	xxoooxxooooooooooxxoooooooooooooooooooooooooooooooooooooooooooooooooooooooooooooooooooooooooooooxxoooooooooooooooooooooooooooooooooo  oooooooooooxxoooooxxxxxxxxxxxxxxxxxxxxxxxxxxxxxooxxxxxxxxxxxxxxooxxxxxxxxxxxxxxxxxxxxxxxxxxxxxxxxxxxxxxxxxxxxxxxxxxxxxxxxxxxxxxxxxxxxxxxxxxxxooxxxxxxxxxxxooxxxxxxxxxoox
288 --> 132	xxoooxxooooooooooxxoooooooooooooooooooooooooooooooooooooooooooooooooooooooooooooooooooooooooooooxxoooooooooooooooooooooooooooooooooooooooooooooooxxoooooxxxxxxxxxxxxxxxxxxxxxxxxxxxxxooxxxxxxxxxxxxxxooxxxxxxxxxxxxxxxxxxxxxxxxxxxxxxxxxxxxxxxxxxxxxxxxxxxxxxxxxxxxxxxxxxxxxxxxxxxxooxxxxxxxxxxx  xxxxxxxxxoox
  5 --> 288	xxooo  ooooooooooxxoooooooooooooooooooooooooooooooooooooooooooooooooooooooooooooooooooooooooooooxxoooooooooooooooooooooooooooooooooooooooooooooooxxoooooxxxxxxxxxxxxxxxxxxxxxxxxxxxxxooxxxxxxxxxxxxxxooxxxxxxxxxxxxxxxxxxxxxxxxxxxxxxxxxxxxxxxxxxxxxxxxxxxxxxxxxxxxxxxxxxxxxxxxxxxxooxxxxxxxxxxxxxxxxxxxxxxoox
197 -->   5	xxoooooooooooooooxxoooooooooooooooooooooooooooooooooooooooooooooooooooooooooooooooooooooooooooooxxoooooooooooooooooooooooooooooooooooooooooooooooxxoooooxxxxxxxxxxxxxxxxxxxxxxxxxxxxxooxxxxxxxxxxxxxx  xxxxxxxxxxxxxxxxxxxxxxxxxxxxxxxxxxxxxxxxxxxxxxxxxxxxxxxxxxxxxxxxxxxxxxxxxxxxooxxxxxxxxxxxxxxxxxxxxxxoox
 17 --> 197	xxooooooooooooooo  oooooooooooooooooooooooooooooooooooooooooooooooooooooooooooooooooooooooooooooxxoooooooooooooooooooooooooooooooooooooooooooooooxxoooooxxxxxxxxxxxxxxxxxxxxxxxxxxxxxooxxxxxxxxxxxxxxxxxxxxxxxxxxxxxxxxxxxxxxxxxxxxxxxxxxxxxxxxxxxxxxxxxxxxxxxxxxxxxxxxxxxxxxxxxxxxooxxxxxxxxxxxxxxxxxxxxxxoox
181 -->  17	xxooooooooooooooooooooooooooooooooooooooooooooooooooooooooooooooooooooooooooooooooooooooooooooooxxoooooooooooooooooooooooooooooooooooooooooooooooxxoooooxxxxxxxxxxxxxxxxxxxxxxxxxxxxx  xxxxxxxxxxxxxxxxxxxxxxxxxxxxxxxxxxxxxxxxxxxxxxxxxxxxxxxxxxxxxxxxxxxxxxxxxxxxxxxxxxxxxxxxxxxxooxxxxxxxxxxxxxxxxxxxxxxoox
 96 --> 181	xxoooooooooooooooooooooooooooooooooooooooooooooooooooooooooooooooooooooooooooooooooooooooooooooo  oooooooooooooooooooooooooooooooooooooooooooooooxxoooooxxxxxxxxxxxxxxxxxxxxxxxxxxxxxxxxxxxxxxxxxxxxxxxxxxxxxxxxxxxxxxxxxxxxxxxxxxxxxxxxxxxxxxxxxxxxxxxxxxxxxxxxxxxxxxxxxxxxxxxxxxxooxxxxxxxxxxxxxxxxxxxxxxoox
275 -->  96	xxoooooooooooooooooooooooooooooooooooooooooooooooooooooooooooooooooooooooooooooooooooooooooooooooooooooooooooooooooooooooooooooooooooooooooooooooxxoooooxxxxxxxxxxxxxxxxxxxxxxxxxxxxxxxxxxxxxxxxxxxxxxxxxxxxxxxxxxxxxxxxxxxxxxxxxxxxxxxxxxxxxxxxxxxxxxxxxxxxxxxxxxxxxxxxxxxxxxxxxxx  xxxxxxxxxxxxxxxxxxxxxxoox
145 --> 275	xxooooooooooooooooooooooooooooooooooooooooooooooooooooooooooooooooooooooooooooooooooooooooooooooooooooooooooooooooooooooooooooooooooooooooooooooo  oooooxxxxxxxxxxxxxxxxxxxxxxxxxxxxxxxxxxxxxxxxxxxxxxxxxxxxxxxxxxxxxxxxxxxxxxxxxxxxxxxxxxxxxxxxxxxxxxxxxxxxxxxxxxxxxxxxxxxxxxxxxxxxxxxxxxxxxxxxxxxxxxxxxxxoox
299 --> 145	xxooooooooooooooooooooooooooooooooooooooooooooooooooooooooooooooooooooooooooooooooooooooooooooooooooooooooooooooooooooooooooooooooooooooooooooooooooooooxxxxxxxxxxxxxxxxxxxxxxxxxxxxxxxxxxxxxxxxxxxxxxxxxxxxxxxxxxxxxxxxxxxxxxxxxxxxxxxxxxxxxxxxxxxxxxxxxxxxxxxxxxxxxxxxxxxxxxxxxxxxxxxxxxxxxxxxxxxxxxxxxxx  x
  0 --> 299	  ooooooooooooooooooooooooooooooooooooooooooooooooooooooooooooooooooooooooooooooooooooooooooooooooooooooooooooooooooooooooooooooooooooooooooooooooooooooxxxxxxxxxxxxxxxxxxxxxxxxxxxxxxxxxxxxxxxxxxxxxxxxxxxxxxxxxxxxxxxxxxxxxxxxxxxxxxxxxxxxxxxxxxxxxxxxxxxxxxxxxxxxxxxxxxxxxxxxxxxxxxxxxxxxxxxxxxxxxxxxxxxxxx

======================
