==============================[MINISAT]===============================
| Conflicts |     ORIGINAL     |          LEARNT          | Progress |
|           | Clauses Literals | Clauses Literals  Lit/Cl |          |
======================================================================
|         0 |  218341   467486 |       0        0    -nan |  0.000 % |
======================================================================
SAT
==============================[MINISAT]===============================
| Conflicts |     ORIGINAL     |          LEARNT          | Progress |
|           | Clauses Literals | Clauses Literals  Lit/Cl |          |
======================================================================
|   4918876 |  186501   401552 |  588684 103400516   175.6 |  9.614 % |
======================================================================

   ooooooooooooooooxxxxxxxxxxxxxxxx   

19 --> 32
24 --> 19
01 --> 24
08 --> 01
05 --> 08
28 --> 05
15 --> 28
12 --> 15
23 --> 12
14 --> 23
31 --> 14
04 --> 31
20 --> 04
09 --> 20
27 --> 09
00 --> 27
done

======================
