==============================[MINISAT]===============================
| Conflicts |     ORIGINAL     |          LEARNT          | Progress |
|           | Clauses Literals | Clauses Literals  Lit/Cl |          |
======================================================================
|         0 | 84176875 169049105 |       0        0    -nan |  0.000 % |
======================================================================
SAT
==============================[MINISAT]===============================
| Conflicts |     ORIGINAL     |          LEARNT          | Progress |
|           | Clauses Literals | Clauses Literals  Lit/Cl |          |
======================================================================
|    251585 | 74006665 148463662 |  250260 39231600   156.8 | 20.165 % |
======================================================================


initial  	xoxoxoxoxoxoxoxoxoxoxoxoxoxoxoxoxoxoxoxoxoxoxoxoxoxoxoxoxoxoxoxoxoxoxoxoxoxoxoxoxoxoxoxoxoxoxoxoxoxoxoxoxoxoxoxoxoxoxoxoxoxoxoxoxoxoxoxoxoxoxoxoxoxoxoxoxoxoxoxo
151 --> 160	xoxoxoxoxoxoxoxoxoxoxoxoxoxoxoxoxoxoxoxoxoxoxoxoxoxoxoxoxoxoxoxoxoxoxoxoxoxoxoxoxoxoxoxoxoxoxoxoxoxoxoxoxoxoxoxoxoxoxoxoxoxoxoxoxoxoxoxoxoxoxoxoxoxoxox  oxoxoxoox
32 --> 151	xoxoxoxoxoxoxoxoxoxoxoxoxoxoxoxo  xoxoxoxoxoxoxoxoxoxoxoxoxoxoxoxoxoxoxoxoxoxoxoxoxoxoxoxoxoxoxoxoxoxoxoxoxoxoxoxoxoxoxoxoxoxoxoxoxoxoxoxoxoxoxoxoxoxoxxooxoxoxoox
09 --> 32	xoxoxoxox  oxoxoxoxoxoxoxoxoxoxooxxoxoxoxoxoxoxoxoxoxoxoxoxoxoxoxoxoxoxoxoxoxoxoxoxoxoxoxoxoxoxoxoxoxoxoxoxoxoxoxoxoxoxoxoxoxoxoxoxoxoxoxoxoxoxoxoxoxoxxooxoxoxoox
44 --> 09	xoxoxoxoxxooxoxoxoxoxoxoxoxoxoxooxxoxoxoxoxo  xoxoxoxoxoxoxoxoxoxoxoxoxoxoxoxoxoxoxoxoxoxoxoxoxoxoxoxoxoxoxoxoxoxoxoxoxoxoxoxoxoxoxoxoxoxoxoxoxoxoxoxoxxooxoxoxoox
139 --> 44	xoxoxoxoxxooxoxoxoxoxoxoxoxoxoxooxxoxoxoxoxooxxoxoxoxoxoxoxoxoxoxoxoxoxoxoxoxoxoxoxoxoxoxoxoxoxoxoxoxoxoxoxoxoxoxoxoxoxoxoxoxoxoxoxoxoxoxox  oxoxoxoxoxxooxoxoxoox
132 --> 139	xoxoxoxoxxooxoxoxoxoxoxoxoxoxoxooxxoxoxoxoxooxxoxoxoxoxoxoxoxoxoxoxoxoxoxoxoxoxoxoxoxoxoxoxoxoxoxoxoxoxoxoxoxoxoxoxoxoxoxoxoxoxoxoxo  xoxoxxooxoxoxoxoxxooxoxoxoox
25 --> 132	xoxoxoxoxxooxoxoxoxoxoxox  oxoxooxxoxoxoxoxooxxoxoxoxoxoxoxoxoxoxoxoxoxoxoxoxoxoxoxoxoxoxoxoxoxoxoxoxoxoxoxoxoxoxoxoxoxoxoxoxoxoxoxooxxoxoxxooxoxoxoxoxxooxoxoxoox
124 --> 25	xoxoxoxoxxooxoxoxoxoxoxoxxooxoxooxxoxoxoxoxooxxoxoxoxoxoxoxoxoxoxoxoxoxoxoxoxoxoxoxoxoxoxoxoxoxoxoxoxoxoxoxoxoxoxoxoxoxoxoxo  xoxoxooxxoxoxxooxoxoxoxoxxooxoxoxoox
57 --> 124	xoxoxoxoxxooxoxoxoxoxoxoxxooxoxooxxoxoxoxoxooxxoxoxoxoxox  oxoxoxoxoxoxoxoxoxoxoxoxoxoxoxoxoxoxoxoxoxoxoxoxoxoxoxoxoxoxoxoxooxxoxoxooxxoxoxxooxoxoxoxoxxooxoxoxoox
116 --> 57	xoxoxoxoxxooxoxoxoxoxoxoxxooxoxooxxoxoxoxoxooxxoxoxoxoxoxxooxoxoxoxoxoxoxoxoxoxoxoxoxoxoxoxoxoxoxoxoxoxoxoxoxoxoxoxo  xoxoxooxxoxoxooxxoxoxxooxoxoxoxoxxooxoxoxoox
69 --> 116	xoxoxoxoxxooxoxoxoxoxoxoxxooxoxooxxoxoxoxoxooxxoxoxoxoxoxxooxoxoxoxox  oxoxoxoxoxoxoxoxoxoxoxoxoxoxoxoxoxoxoxoxoxoxooxxoxoxooxxoxoxooxxoxoxxooxoxoxoxoxxooxoxoxoox
16 --> 69	xoxoxoxoxxooxoxo  xoxoxoxxooxoxooxxoxoxoxoxooxxoxoxoxoxoxxooxoxoxoxoxxooxoxoxoxoxoxoxoxoxoxoxoxoxoxoxoxoxoxoxoxoxoxooxxoxoxooxxoxoxooxxoxoxxooxoxoxoxoxxooxoxoxoox
107 --> 16	xoxoxoxoxxooxoxooxxoxoxoxxooxoxooxxoxoxoxoxooxxoxoxoxoxoxxooxoxoxoxoxxooxoxoxoxoxoxoxoxoxoxoxoxoxoxoxoxoxox  oxoxoxooxxoxoxooxxoxoxooxxoxoxxooxoxoxoxoxxooxoxoxoox
100 --> 107	xoxoxoxoxxooxoxooxxoxoxoxxooxoxooxxoxoxoxoxooxxoxoxoxoxoxxooxoxoxoxoxxooxoxoxoxoxoxoxoxoxoxoxoxoxoxo  xoxoxxooxoxoxooxxoxoxooxxoxoxooxxoxoxxooxoxoxoxoxxooxoxoxoox
135 --> 100	xoxoxoxoxxooxoxooxxoxoxoxxooxoxooxxoxoxoxoxooxxoxoxoxoxoxxooxoxoxoxoxxooxoxoxoxoxoxoxoxoxoxoxoxoxoxooxxoxoxxooxoxoxooxxoxoxooxxoxoxooxx  oxxooxoxoxoxoxxooxoxoxoox
120 --> 135	xoxoxoxoxxooxoxooxxoxoxoxxooxoxooxxoxoxoxoxooxxoxoxoxoxoxxooxoxoxoxoxxooxoxoxoxoxoxoxoxoxoxoxoxoxoxooxxoxoxxooxoxoxooxxo  xooxxoxoxooxxxooxxooxoxoxoxoxxooxoxoxoox
83 --> 120	xoxoxoxoxxooxoxooxxoxoxoxxooxoxooxxoxoxoxoxooxxoxoxoxoxoxxooxoxoxoxoxxooxoxoxoxoxox  oxoxoxoxoxoxoxooxxoxoxxooxoxoxooxxooxxooxxoxoxooxxxooxxooxoxoxoxoxxooxoxoxoox
12 --> 83	xoxoxoxoxxoo  xooxxoxoxoxxooxoxooxxoxoxoxoxooxxoxoxoxoxoxxooxoxoxoxoxxooxoxoxoxoxoxxooxoxoxoxoxoxoxooxxoxoxxooxoxoxooxxooxxooxxoxoxooxxxooxxooxoxoxoxoxxooxoxoxoox
01 --> 12	x  oxoxoxxoooxxooxxoxoxoxxooxoxooxxoxoxoxoxooxxoxoxoxoxoxxooxoxoxoxoxxooxoxoxoxoxoxxooxoxoxoxoxoxoxooxxoxoxxooxoxoxooxxooxxooxxoxoxooxxxooxxooxoxoxoxoxxooxoxoxoox
74 --> 01	xxooxoxoxxoooxxooxxoxoxoxxooxoxooxxoxoxoxoxooxxoxoxoxoxoxxooxoxoxoxoxxooxo  xoxoxoxxooxoxoxoxoxoxoxooxxoxoxxooxoxoxooxxooxxooxxoxoxooxxxooxxooxoxoxoxoxxooxoxoxoox
155 --> 74	xxooxoxoxxoooxxooxxoxoxoxxooxoxooxxoxoxoxoxooxxoxoxoxoxoxxooxoxoxoxoxxooxooxxoxoxoxxooxoxoxoxoxoxoxooxxoxoxxooxoxoxooxxooxxooxxoxoxooxxxooxxooxoxoxoxoxxoox  oxoox
128 --> 155	xxooxoxoxxoooxxooxxoxoxoxxooxoxooxxoxoxoxoxooxxoxoxoxoxoxxooxoxoxoxoxxooxooxxoxoxoxxooxoxoxoxoxoxoxooxxoxoxxooxoxoxooxxooxxooxxo  xooxxxooxxooxoxoxoxoxxooxxooxoox
49 --> 128	xxooxoxoxxoooxxooxxoxoxoxxooxoxooxxoxoxoxoxooxxox  oxoxoxxooxoxoxoxoxxooxooxxoxoxoxxooxoxoxoxoxoxoxooxxoxoxxooxoxoxooxxooxxooxxooxxooxxxooxxooxoxoxoxoxxooxxooxoox
60 --> 49	xxooxoxoxxoooxxooxxoxoxoxxooxoxooxxoxoxoxoxooxxoxxooxoxoxxoo  xoxoxoxxooxooxxoxoxoxxooxoxoxoxoxoxoxooxxoxoxxooxoxoxooxxooxxooxxooxxooxxxooxxooxoxoxoxoxxooxxooxoox
41 --> 60	xxooxoxoxxoooxxooxxoxoxoxxooxoxooxxoxoxox  ooxxoxxooxoxoxxoooxxoxoxoxxooxooxxoxoxoxxooxoxoxoxoxoxoxooxxoxoxxooxoxoxooxxooxxooxxooxxooxxxooxxooxoxoxoxoxxooxxooxoox
64 --> 41	xxooxoxoxxoooxxooxxoxoxoxxooxoxooxxoxoxoxxoooxxoxxooxoxoxxoooxxo  xoxxooxooxxoxoxoxxooxoxoxoxoxoxoxooxxoxoxxooxoxoxooxxooxxooxxooxxooxxxooxxooxoxoxoxoxxooxxooxoox
37 --> 64	xxooxoxoxxoooxxooxxoxoxoxxooxoxooxxox  oxxoooxxoxxooxoxoxxoooxxooxxoxxooxooxxoxoxoxxooxoxoxoxoxoxoxooxxoxoxxooxoxoxooxxooxxooxxooxxooxxxooxxooxoxoxoxoxxooxxooxoox
20 --> 37	xxooxoxoxxoooxxooxxo  xoxxooxoxooxxoxxooxxoooxxoxxooxoxoxxoooxxooxxoxxooxooxxoxoxoxxooxoxoxoxoxoxoxooxxoxoxxooxoxoxooxxooxxooxxooxxooxxxooxxooxoxoxoxoxxooxxooxoox
103 --> 20	xxooxoxoxxoooxxooxxooxxoxxooxoxooxxoxxooxxoooxxoxxooxoxoxxoooxxooxxoxxooxooxxoxoxoxxooxoxoxoxoxoxoxooxx  oxxooxoxoxooxxooxxooxxooxxooxxxooxxooxoxoxoxoxxooxxooxoox
78 --> 103	xxooxoxoxxoooxxooxxooxxoxxooxoxooxxoxxooxxoooxxoxxooxoxoxxoooxxooxxoxxooxooxxo  xoxxooxoxoxoxoxoxoxooxxxooxxooxoxoxooxxooxxooxxooxxooxxxooxxooxoxoxoxoxxooxxooxoox
111 --> 78	xxooxoxoxxoooxxooxxooxxoxxooxoxooxxoxxooxxoooxxoxxooxoxoxxoooxxooxxoxxooxooxxooxxoxxooxoxoxoxoxoxoxooxxxooxxoox  oxooxxooxxooxxooxxooxxxooxxooxoxoxoxoxxooxxooxoox
28 --> 111	xxooxoxoxxoooxxooxxooxxoxxoo  xooxxoxxooxxoooxxoxxooxoxoxxoooxxooxxoxxooxooxxooxxoxxooxoxoxoxoxoxoxooxxxooxxooxxooxooxxooxxooxxooxxooxxxooxxooxoxoxoxoxxooxxooxoox
53 --> 28	xxooxoxoxxoooxxooxxooxxoxxoooxxooxxoxxooxxoooxxoxxoox  oxxoooxxooxxoxxooxooxxooxxoxxooxoxoxoxoxoxoxooxxxooxxooxxooxooxxooxxooxxooxxooxxxooxxooxoxoxoxoxxooxxooxoox
96 --> 53	xxooxoxoxxoooxxooxxooxxoxxoooxxooxxoxxooxxoooxxoxxooxxooxxoooxxooxxoxxooxooxxooxxoxxooxoxoxoxoxo  xooxxxooxxooxxooxooxxooxxooxxooxxooxxxooxxooxoxoxoxoxxooxxooxoox
87 --> 96	xxooxoxoxxoooxxooxxooxxoxxoooxxooxxoxxooxxoooxxoxxooxxooxxoooxxooxxoxxooxooxxooxxoxxoox  oxoxoxooxxooxxxooxxooxxooxooxxooxxooxxooxxooxxxooxxooxoxoxoxoxxooxxooxoox
04 --> 87	xxoo  xoxxoooxxooxxooxxoxxoooxxooxxoxxooxxoooxxoxxooxxooxxoooxxooxxoxxooxooxxooxxoxxooxxooxoxoxooxxooxxxooxxooxxooxooxxooxxooxxooxxooxxxooxxooxoxoxoxoxxooxxooxoox
147 --> 04	xxoooxxoxxoooxxooxxooxxoxxoooxxooxxoxxooxxoooxxoxxooxxooxxoooxxooxxoxxooxooxxooxxoxxooxxooxoxoxooxxooxxxooxxooxxooxooxxooxxooxxooxxooxxxooxxooxoxox  oxxooxxooxoox
144 --> 147	xxoooxxoxxoooxxooxxooxxoxxoooxxooxxoxxooxxoooxxoxxooxxooxxoooxxooxxoxxooxooxxooxxoxxooxxooxoxoxooxxooxxxooxxooxxooxooxxooxxooxxooxxooxxxooxxooxo  xxooxxooxxooxoox
91 --> 144	xxoooxxoxxoooxxooxxooxxoxxoooxxooxxoxxooxxoooxxoxxooxxooxxoooxxooxxoxxooxooxxooxxoxxooxxoox  oxooxxooxxxooxxooxxooxooxxooxxooxxooxxooxxxooxxooxooxxxooxxooxxooxoox
72 --> 91	xxoooxxoxxoooxxooxxooxxoxxoooxxooxxoxxooxxoooxxoxxooxxooxxoooxxooxxoxxoo  oxxooxxoxxooxxooxxooxooxxooxxxooxxooxxooxooxxooxxooxxooxxooxxxooxxooxooxxxooxxooxxooxoox
156 --> 72	xxoooxxoxxoooxxooxxooxxoxxoooxxooxxoxxooxxoooxxoxxooxxooxxoooxxooxxoxxoooooxxooxxoxxooxxooxxooxooxxooxxxooxxooxxooxooxxooxxooxxooxxooxxxooxxooxooxxxooxxooxx  xoox
08 --> 156	xxoooxxo  oooxxooxxooxxoxxoooxxooxxoxxooxxoooxxoxxooxxooxxoooxxooxxoxxoooooxxooxxoxxooxxooxxooxooxxooxxxooxxooxxooxooxxooxxooxxooxxooxxxooxxooxooxxxooxxooxxxxxoox
127 --> 08	xxoooxxooooooxxooxxooxxoxxoooxxooxxoxxooxxoooxxoxxooxxooxxoooxxooxxoxxoooooxxooxxoxxooxxooxxooxooxxooxxxooxxooxxooxooxxooxxooxx  xxooxxxooxxooxooxxxooxxooxxxxxoox
17 --> 127	xxoooxxooooooxxoo  ooxxoxxoooxxooxxoxxooxxoooxxoxxooxxooxxoooxxooxxoxxoooooxxooxxoxxooxxooxxooxooxxooxxxooxxooxxooxooxxooxxooxxxxxxooxxxooxxooxooxxxooxxooxxxxxoox
131 --> 17	xxoooxxooooooxxooooooxxoxxoooxxooxxoxxooxxoooxxoxxooxxooxxoooxxooxxoxxoooooxxooxxoxxooxxooxxooxooxxooxxxooxxooxxooxooxxooxxooxxxxxx  xxxooxxooxooxxxooxxooxxxxxoox
79 --> 131	xxoooxxooooooxxooooooxxoxxoooxxooxxoxxooxxoooxxoxxooxxooxxoooxxooxxoxxoooooxxoo  oxxooxxooxxooxooxxooxxxooxxooxxooxooxxooxxooxxxxxxxxxxxooxxooxooxxxooxxooxxxxxoox
152 --> 79	xxoooxxooooooxxooooooxxoxxoooxxooxxoxxooxxoooxxoxxooxxooxxoooxxooxxoxxoooooxxoooooxxooxxooxxooxooxxooxxxooxxooxxooxooxxooxxooxxxxxxxxxxxooxxooxooxxxooxx  xxxxxoox
75 --> 152	xxoooxxooooooxxooooooxxoxxoooxxooxxoxxooxxoooxxoxxooxxooxxoooxxooxxoxxooooo  oooooxxooxxooxxooxooxxooxxxooxxooxxooxooxxooxxooxxxxxxxxxxxooxxooxooxxxooxxxxxxxxxoox
140 --> 75	xxoooxxooooooxxooooooxxoxxoooxxooxxoxxooxxoooxxoxxooxxooxxoooxxooxxoxxooooooooooooxxooxxooxxooxooxxooxxxooxxooxxooxooxxooxxooxxxxxxxxxxxooxx  xooxxxooxxxxxxxxxoox
24 --> 140	xxoooxxooooooxxooooooxxo  oooxxooxxoxxooxxoooxxoxxooxxooxxoooxxooxxoxxooooooooooooxxooxxooxxooxooxxooxxxooxxooxxooxooxxooxxooxxxxxxxxxxxooxxxxxooxxxooxxxxxxxxxoox
84 --> 24	xxoooxxooooooxxooooooxxooooooxxooxxoxxooxxoooxxoxxooxxooxxoooxxooxxoxxooooooooooooxx  xxooxxooxooxxooxxxooxxooxxooxooxxooxxooxxxxxxxxxxxooxxxxxooxxxooxxxxxxxxxoox
65 --> 84	xxoooxxooooooxxooooooxxooooooxxooxxoxxooxxoooxxoxxooxxooxxoooxxoo  oxxooooooooooooxxxxxxooxxooxooxxooxxxooxxooxxooxooxxooxxooxxxxxxxxxxxooxxxxxooxxxooxxxxxxxxxoox
108 --> 65	xxoooxxooooooxxooooooxxooooooxxooxxoxxooxxoooxxoxxooxxooxxoooxxoooooxxooooooooooooxxxxxxooxxooxooxxooxxxooxx  xxooxooxxooxxooxxxxxxxxxxxooxxxxxooxxxooxxxxxxxxxoox
56 --> 108	xxoooxxooooooxxooooooxxooooooxxooxxoxxooxxoooxxoxxooxxoo  oooxxoooooxxooooooooooooxxxxxxooxxooxooxxooxxxooxxxxxxooxooxxooxxooxxxxxxxxxxxooxxxxxooxxxooxxxxxxxxxoox
115 --> 56	xxoooxxooooooxxooooooxxooooooxxooxxoxxooxxoooxxoxxooxxoooooooxxoooooxxooooooooooooxxxxxxooxxooxooxxooxxxooxxxxxxoox  xxooxxooxxxxxxxxxxxooxxxxxooxxxooxxxxxxxxxoox
21 --> 115	xxoooxxooooooxxoooooo  ooooooxxooxxoxxooxxoooxxoxxooxxoooooooxxoooooxxooooooooooooxxxxxxooxxooxooxxooxxxooxxxxxxooxxxxxooxxooxxxxxxxxxxxooxxxxxooxxxooxxxxxxxxxoox
104 --> 21	xxoooxxooooooxxooooooooooooooxxooxxoxxooxxoooxxoxxooxxoooooooxxoooooxxooooooooooooxxxxxxooxxooxooxxooxxx  xxxxxxooxxxxxooxxooxxxxxxxxxxxooxxxxxooxxxooxxxxxxxxxoox
48 --> 104	xxoooxxooooooxxooooooooooooooxxooxxoxxooxxoooxxo  ooxxoooooooxxoooooxxooooooooooooxxxxxxooxxooxooxxooxxxxxxxxxxxooxxxxxooxxooxxxxxxxxxxxooxxxxxooxxxooxxxxxxxxxoox
148 --> 48	xxoooxxooooooxxooooooooooooooxxooxxoxxooxxoooxxoooooxxoooooooxxoooooxxooooooooooooxxxxxxooxxooxooxxooxxxxxxxxxxxooxxxxxooxxooxxxxxxxxxxxooxxxxxooxxx  xxxxxxxxxoox
68 --> 148	xxoooxxooooooxxooooooooooooooxxooxxoxxooxxoooxxoooooxxoooooooxxooooo  ooooooooooooxxxxxxooxxooxooxxooxxxxxxxxxxxooxxxxxooxxooxxxxxxxxxxxooxxxxxooxxxxxxxxxxxxxxoox
92 --> 68	xxoooxxooooooxxooooooooooooooxxooxxoxxooxxoooxxoooooxxoooooooxxoooooooooooooooooooxxxxxxooxx  xooxxooxxxxxxxxxxxooxxxxxooxxooxxxxxxxxxxxooxxxxxooxxxxxxxxxxxxxxoox
36 --> 92	xxoooxxooooooxxooooooooooooooxxooxxo  ooxxoooxxoooooxxoooooooxxoooooooooooooooooooxxxxxxooxxxxxooxxooxxxxxxxxxxxooxxxxxooxxooxxxxxxxxxxxooxxxxxooxxxxxxxxxxxxxxoox
95 --> 36	xxoooxxooooooxxooooooooooooooxxooxxoooooxxoooxxoooooxxoooooooxxoooooooooooooooooooxxxxxxooxxxxx  xxooxxxxxxxxxxxooxxxxxooxxooxxxxxxxxxxxooxxxxxooxxxxxxxxxxxxxxoox
61 --> 95	xxoooxxooooooxxooooooooooooooxxooxxoooooxxoooxxoooooxxooooooo  oooooooooooooooooooxxxxxxooxxxxxxxxxooxxxxxxxxxxxooxxxxxooxxooxxxxxxxxxxxooxxxxxooxxxxxxxxxxxxxxoox
88 --> 61	xxoooxxooooooxxooooooooooooooxxooxxoooooxxoooxxoooooxxooooooooooooooooooooooooooooxxxxxx  xxxxxxxxxooxxxxxxxxxxxooxxxxxooxxooxxxxxxxxxxxooxxxxxooxxxxxxxxxxxxxxoox
13 --> 88	xxoooxxoooooo  ooooooooooooooxxooxxoooooxxoooxxoooooxxooooooooooooooooooooooooooooxxxxxxxxxxxxxxxxxooxxxxxxxxxxxooxxxxxooxxooxxxxxxxxxxxooxxxxxooxxxxxxxxxxxxxxoox
99 --> 13	xxoooxxooooooooooooooooooooooxxooxxoooooxxoooxxoooooxxooooooooooooooooooooooooooooxxxxxxxxxxxxxxxxx  xxxxxxxxxxxooxxxxxooxxooxxxxxxxxxxxooxxxxxooxxxxxxxxxxxxxxoox
33 --> 99	xxoooxxooooooooooooooooooooooxxoo  oooooxxoooxxoooooxxooooooooooooooooooooooooooooxxxxxxxxxxxxxxxxxxxxxxxxxxxxxxooxxxxxooxxooxxxxxxxxxxxooxxxxxooxxxxxxxxxxxxxxoox
112 --> 33	xxoooxxooooooooooooooooooooooxxoooooooooxxoooxxoooooxxooooooooooooooooooooooooooooxxxxxxxxxxxxxxxxxxxxxxxxxxxxxx  xxxxxooxxooxxxxxxxxxxxooxxxxxooxxxxxxxxxxxxxxoox
45 --> 112	xxoooxxooooooooooooooooooooooxxoooooooooxxooo  oooooxxooooooooooooooooooooooooooooxxxxxxxxxxxxxxxxxxxxxxxxxxxxxxxxxxxxxooxxooxxxxxxxxxxxooxxxxxooxxxxxxxxxxxxxxoox
119 --> 45	xxoooxxooooooooooooooooooooooxxoooooooooxxooooooooooxxooooooooooooooooooooooooooooxxxxxxxxxxxxxxxxxxxxxxxxxxxxxxxxxxxxx  xxooxxxxxxxxxxxooxxxxxooxxxxxxxxxxxxxxoox
52 --> 119	xxoooxxooooooooooooooooooooooxxoooooooooxxoooooooooo  ooooooooooooooooooooooooooooxxxxxxxxxxxxxxxxxxxxxxxxxxxxxxxxxxxxxxxxxooxxxxxxxxxxxooxxxxxooxxxxxxxxxxxxxxoox
143 --> 52	xxoooxxooooooooooooooooooooooxxoooooooooxxooooooooooooooooooooooooooooooooooooooooxxxxxxxxxxxxxxxxxxxxxxxxxxxxxxxxxxxxxxxxxooxxxxxxxxxxxooxxxxx  xxxxxxxxxxxxxxoox
05 --> 143	xxooo  ooooooooooooooooooooooxxoooooooooxxooooooooooooooooooooooooooooooooooooooooxxxxxxxxxxxxxxxxxxxxxxxxxxxxxxxxxxxxxxxxxooxxxxxxxxxxxooxxxxxxxxxxxxxxxxxxxxxoox
136 --> 05	xxoooooooooooooooooooooooooooxxoooooooooxxooooooooooooooooooooooooooooooooooooooooxxxxxxxxxxxxxxxxxxxxxxxxxxxxxxxxxxxxxxxxxooxxxxxxxxxxx  xxxxxxxxxxxxxxxxxxxxxoox
29 --> 136	xxooooooooooooooooooooooooooo  oooooooooxxooooooooooooooooooooooooooooooooooooooooxxxxxxxxxxxxxxxxxxxxxxxxxxxxxxxxxxxxxxxxxooxxxxxxxxxxxxxxxxxxxxxxxxxxxxxxxxxxoox
123 --> 29	xxooooooooooooooooooooooooooooooooooooooxxooooooooooooooooooooooooooooooooooooooooxxxxxxxxxxxxxxxxxxxxxxxxxxxxxxxxxxxxxxxxx  xxxxxxxxxxxxxxxxxxxxxxxxxxxxxxxxxxoox
40 --> 123	xxoooooooooooooooooooooooooooooooooooooo  ooooooooooooooooooooooooooooooooooooooooxxxxxxxxxxxxxxxxxxxxxxxxxxxxxxxxxxxxxxxxxxxxxxxxxxxxxxxxxxxxxxxxxxxxxxxxxxxxxoox
159 --> 40	xxooooooooooooooooooooooooooooooooooooooooooooooooooooooooooooooooooooooooooooooooxxxxxxxxxxxxxxxxxxxxxxxxxxxxxxxxxxxxxxxxxxxxxxxxxxxxxxxxxxxxxxxxxxxxxxxxxxxxx  x
00 --> 159	  ooooooooooooooooooooooooooooooooooooooooooooooooooooooooooooooooooooooooooooooooxxxxxxxxxxxxxxxxxxxxxxxxxxxxxxxxxxxxxxxxxxxxxxxxxxxxxxxxxxxxxxxxxxxxxxxxxxxxxxxx

======================
