==============================[MINISAT]===============================
| Conflicts |     ORIGINAL     |          LEARNT          | Progress |
|           | Clauses Literals | Clauses Literals  Lit/Cl |          |
======================================================================
|         0 | 204133075 409359325 |       0        0    -nan |  0.000 % |
======================================================================
SAT
==============================[MINISAT]===============================
| Conflicts |     ORIGINAL     |          LEARNT          | Progress |
|           | Clauses Literals | Clauses Literals  Lit/Cl |          |
======================================================================
|   1064195 | 182298865 365300214 | 1055616 219063091   207.5 | 19.850 % |
======================================================================


				xoxoxoxoxoxoxoxoxoxoxoxoxoxoxoxoxoxoxoxoxoxoxoxoxoxoxoxoxoxoxoxoxoxoxoxoxoxoxoxoxoxoxoxoxoxoxoxoxoxoxoxoxoxoxoxoxoxoxoxoxoxoxoxoxoxoxoxoxoxoxoxoxoxoxoxoxoxoxoxoxoxoxoxoxoxoxoxoxoxoxoxoxoxoxoxoxoxoxoxo
 37 ----> 200	xoxoxoxoxoxoxoxoxoxoxoxoxoxoxoxoxoxox  oxoxoxoxoxoxoxoxoxoxoxoxoxoxoxoxoxoxoxoxoxoxoxoxoxoxoxoxoxoxoxoxoxoxoxoxoxoxoxoxoxoxoxoxoxoxoxoxoxoxoxoxoxoxoxoxoxoxoxoxoxoxoxoxoxoxoxoxoxoxoxoxoxoxoxoxoxoxoxoxoox
 86 ---->  37	xoxoxoxoxoxoxoxoxoxoxoxoxoxoxoxoxoxoxxooxoxoxoxoxoxoxoxoxoxoxoxoxoxoxoxoxoxoxoxoxoxoxo  xoxoxoxoxoxoxoxoxoxoxoxoxoxoxoxoxoxoxoxoxoxoxoxoxoxoxoxoxoxoxoxoxoxoxoxoxoxoxoxoxoxoxoxoxoxoxoxoxoxoxoxoxoxoxoxoox
 45 ---->  86	xoxoxoxoxoxoxoxoxoxoxoxoxoxoxoxoxoxoxxooxoxox  oxoxoxoxoxoxoxoxoxoxoxoxoxoxoxoxoxoxoxooxxoxoxoxoxoxoxoxoxoxoxoxoxoxoxoxoxoxoxoxoxoxoxoxoxoxoxoxoxoxoxoxoxoxoxoxoxoxoxoxoxoxoxoxoxoxoxoxoxoxoxoxoxoxoxoxoox
 98 ---->  45	xoxoxoxoxoxoxoxoxoxoxoxoxoxoxoxoxoxoxxooxoxoxxooxoxoxoxoxoxoxoxoxoxoxoxoxoxoxoxoxoxoxooxxoxoxoxoxo  xoxoxoxoxoxoxoxoxoxoxoxoxoxoxoxoxoxoxoxoxoxoxoxoxoxoxoxoxoxoxoxoxoxoxoxoxoxoxoxoxoxoxoxoxoxoxoxoxoxoox
111 ---->  98	xoxoxoxoxoxoxoxoxoxoxoxoxoxoxoxoxoxoxxooxoxoxxooxoxoxoxoxoxoxoxoxoxoxoxoxoxoxoxoxoxoxooxxoxoxoxoxooxxoxoxoxoxox  oxoxoxoxoxoxoxoxoxoxoxoxoxoxoxoxoxoxoxoxoxoxoxoxoxoxoxoxoxoxoxoxoxoxoxoxoxoxoxoxoxoxoxoox
 60 ----> 111	xoxoxoxoxoxoxoxoxoxoxoxoxoxoxoxoxoxoxxooxoxoxxooxoxoxoxoxoxo  xoxoxoxoxoxoxoxoxoxoxoxooxxoxoxoxoxooxxoxoxoxoxoxxooxoxoxoxoxoxoxoxoxoxoxoxoxoxoxoxoxoxoxoxoxoxoxoxoxoxoxoxoxoxoxoxoxoxoxoxoxoxoxoxoxoxoxoox
195 ---->  60	xoxoxoxoxoxoxoxoxoxoxoxoxoxoxoxoxoxoxxooxoxoxxooxoxoxoxoxoxooxxoxoxoxoxoxoxoxoxoxoxoxooxxoxoxoxoxooxxoxoxoxoxoxxooxoxoxoxoxoxoxoxoxoxoxoxoxoxoxoxoxoxoxoxoxoxoxoxoxoxoxoxoxoxoxoxoxoxoxoxoxoxoxoxox  oxoox
 40 ----> 195	xoxoxoxoxoxoxoxoxoxoxoxoxoxoxoxoxoxoxxoo  xoxxooxoxoxoxoxoxooxxoxoxoxoxoxoxoxoxoxoxoxooxxoxoxoxoxooxxoxoxoxoxoxxooxoxoxoxoxoxoxoxoxoxoxoxoxoxoxoxoxoxoxoxoxoxoxoxoxoxoxoxoxoxoxoxoxoxoxoxoxoxoxoxoxxooxoox
 83 ---->  40	xoxoxoxoxoxoxoxoxoxoxoxoxoxoxoxoxoxoxxoooxxoxxooxoxoxoxoxoxooxxoxoxoxoxoxoxoxoxoxox  ooxxoxoxoxoxooxxoxoxoxoxoxxooxoxoxoxoxoxoxoxoxoxoxoxoxoxoxoxoxoxoxoxoxoxoxoxoxoxoxoxoxoxoxoxoxoxoxoxoxoxoxoxoxxooxoox
152 ---->  83	xoxoxoxoxoxoxoxoxoxoxoxoxoxoxoxoxoxoxxoooxxoxxooxoxoxoxoxoxooxxoxoxoxoxoxoxoxoxoxoxxoooxxoxoxoxoxooxxoxoxoxoxoxxooxoxoxoxoxoxoxoxoxoxoxoxoxoxoxoxoxoxoxo  xoxoxoxoxoxoxoxoxoxoxoxoxoxoxoxoxoxoxoxoxxooxoox
155 ----> 152	xoxoxoxoxoxoxoxoxoxoxoxoxoxoxoxoxoxoxxoooxxoxxooxoxoxoxoxoxooxxoxoxoxoxoxoxoxoxoxoxxoooxxoxoxoxoxooxxoxoxoxoxoxxooxoxoxoxoxoxoxoxoxoxoxoxoxoxoxoxoxoxoxooxx  oxoxoxoxoxoxoxoxoxoxoxoxoxoxoxoxoxoxoxxooxoox
 90 ----> 155	xoxoxoxoxoxoxoxoxoxoxoxoxoxoxoxoxoxoxxoooxxoxxooxoxoxoxoxoxooxxoxoxoxoxoxoxoxoxoxoxxoooxxo  xoxoxooxxoxoxoxoxoxxooxoxoxoxoxoxoxoxoxoxoxoxoxoxoxoxoxoxoxooxxxooxoxoxoxoxoxoxoxoxoxoxoxoxoxoxoxoxoxoxxooxoox
143 ---->  90	xoxoxoxoxoxoxoxoxoxoxoxoxoxoxoxoxoxoxxoooxxoxxooxoxoxoxoxoxooxxoxoxoxoxoxoxoxoxoxoxxoooxxooxxoxoxooxxoxoxoxoxoxxooxoxoxoxoxoxoxoxoxoxoxoxoxoxox  oxoxoxooxxxooxoxoxoxoxoxoxoxoxoxoxoxoxoxoxoxoxoxoxxooxoox
 94 ----> 143	xoxoxoxoxoxoxoxoxoxoxoxoxoxoxoxoxoxoxxoooxxoxxooxoxoxoxoxoxooxxoxoxoxoxoxoxoxoxoxoxxoooxxooxxo  xooxxoxoxoxoxoxxooxoxoxoxoxoxoxoxoxoxoxoxoxoxoxxooxoxoxooxxxooxoxoxoxoxoxoxoxoxoxoxoxoxoxoxoxoxoxoxxooxoox
171 ---->  94	xoxoxoxoxoxoxoxoxoxoxoxoxoxoxoxoxoxoxxoooxxoxxooxoxoxoxoxoxooxxoxoxoxoxoxoxoxoxoxoxxoooxxooxxooxxooxxoxoxoxoxoxxooxoxoxoxoxoxoxoxoxoxoxoxoxoxoxxooxoxoxooxxxooxoxoxoxoxoxox  oxoxoxoxoxoxoxoxoxoxoxxooxoox
140 ----> 171	xoxoxoxoxoxoxoxoxoxoxoxoxoxoxoxoxoxoxxoooxxoxxooxoxoxoxoxoxooxxoxoxoxoxoxoxoxoxoxoxxoooxxooxxooxxooxxoxoxoxoxoxxooxoxoxoxoxoxoxoxoxoxoxoxoxo  xxooxoxoxooxxxooxoxoxoxoxoxoxxooxoxoxoxoxoxoxoxoxoxoxxooxoox
 77 ----> 140	xoxoxoxoxoxoxoxoxoxoxoxoxoxoxoxoxoxoxxoooxxoxxooxoxoxoxoxoxooxxoxoxoxoxoxoxox  oxoxxoooxxooxxooxxooxxoxoxoxoxoxxooxoxoxoxoxoxoxoxoxoxoxoxoxooxxxooxoxoxooxxxooxoxoxoxoxoxoxxooxoxoxoxoxoxoxoxoxoxoxxooxoox
148 ---->  77	xoxoxoxoxoxoxoxoxoxoxoxoxoxoxoxoxoxoxxoooxxoxxooxoxoxoxoxoxooxxoxoxoxoxoxoxoxxooxoxxoooxxooxxooxxooxxoxoxoxoxoxxooxoxoxoxoxoxoxoxoxoxoxoxoxooxxxooxo  xooxxxooxoxoxoxoxoxoxxooxoxoxoxoxoxoxoxoxoxoxxooxoox
  1 ----> 148	x  oxoxoxoxoxoxoxoxoxoxoxoxoxoxoxoxoxxoooxxoxxooxoxoxoxoxoxooxxoxoxoxoxoxoxoxxooxoxxoooxxooxxooxxooxxoxoxoxoxoxxooxoxoxoxoxoxoxoxoxoxoxoxoxooxxxooxooxxooxxxooxoxoxoxoxoxoxxooxoxoxoxoxoxoxoxoxoxoxxooxoox
192 ---->   1	xxooxoxoxoxoxoxoxoxoxoxoxoxoxoxoxoxoxxoooxxoxxooxoxoxoxoxoxooxxoxoxoxoxoxoxoxxooxoxxoooxxooxxooxxooxxoxoxoxoxoxxooxoxoxoxoxoxoxoxoxoxoxoxoxooxxxooxooxxooxxxooxoxoxoxoxoxoxxooxoxoxoxoxoxoxoxoxo  xxooxoox
 13 ----> 192	xxooxoxoxoxox  oxoxoxoxoxoxoxoxoxoxoxxoooxxoxxooxoxoxoxoxoxooxxoxoxoxoxoxoxoxxooxoxxoooxxooxxooxxooxxoxoxoxoxoxxooxoxoxoxoxoxoxoxoxoxoxoxoxooxxxooxooxxooxxxooxoxoxoxoxoxoxxooxoxoxoxoxoxoxoxoxooxxxooxoox
160 ---->  13	xxooxoxoxoxoxxooxoxoxoxoxoxoxoxoxoxoxxoooxxoxxooxoxoxoxoxoxooxxoxoxoxoxoxoxoxxooxoxxoooxxooxxooxxooxxoxoxoxoxoxxooxoxoxoxoxoxoxoxoxoxoxoxoxooxxxooxooxxooxxxooxo  xoxoxoxoxxooxoxoxoxoxoxoxoxoxooxxxooxoox
115 ----> 160	xxooxoxoxoxoxxooxoxoxoxoxoxoxoxoxoxoxxoooxxoxxooxoxoxoxoxoxooxxoxoxoxoxoxoxoxxooxoxxoooxxooxxooxxooxxoxoxoxoxoxxoox  oxoxoxoxoxoxoxoxoxoxoxooxxxooxooxxooxxxooxooxxoxoxoxoxxooxoxoxoxoxoxoxoxoxooxxxooxoox
 28 ----> 115	xxooxoxoxoxoxxooxoxoxoxoxoxo  xoxoxoxxoooxxoxxooxoxoxoxoxoxooxxoxoxoxoxoxoxoxxooxoxxoooxxooxxooxxooxxoxoxoxoxoxxooxxooxoxoxoxoxoxoxoxoxoxoxooxxxooxooxxooxxxooxooxxoxoxoxoxxooxoxoxoxoxoxoxoxoxooxxxooxoox
175 ---->  28	xxooxoxoxoxoxxooxoxoxoxoxoxooxxoxoxoxxoooxxoxxooxoxoxoxoxoxooxxoxoxoxoxoxoxoxxooxoxxoooxxooxxooxxooxxoxoxoxoxoxxooxxooxoxoxoxoxoxoxoxoxoxoxooxxxooxooxxooxxxooxooxxoxoxoxoxxoox  oxoxoxoxoxoxoxooxxxooxoox
 16 ----> 175	xxooxoxoxoxoxxoo  xoxoxoxoxooxxoxoxoxxoooxxoxxooxoxoxoxoxoxooxxoxoxoxoxoxoxoxxooxoxxoooxxooxxooxxooxxoxoxoxoxoxxooxxooxoxoxoxoxoxoxoxoxoxoxooxxxooxooxxooxxxooxooxxoxoxoxoxxooxxooxoxoxoxoxoxoxooxxxooxoox
131 ---->  16	xxooxoxoxoxoxxoooxxoxoxoxoxooxxoxoxoxxoooxxoxxooxoxoxoxoxoxooxxoxoxoxoxoxoxoxxooxoxxoooxxooxxooxxooxxoxoxoxoxoxxooxxooxoxoxoxoxoxox  oxoxoxooxxxooxooxxooxxxooxooxxoxoxoxoxxooxxooxoxoxoxoxoxoxooxxxooxoox
  4 ----> 131	xxoo  xoxoxoxxoooxxoxoxoxoxooxxoxoxoxxoooxxoxxooxoxoxoxoxoxooxxoxoxoxoxoxoxoxxooxoxxoooxxooxxooxxooxxoxoxoxoxoxxooxxooxoxoxoxoxoxoxxooxoxoxooxxxooxooxxooxxxooxooxxoxoxoxoxxooxxooxoxoxoxoxoxoxooxxxooxoox
119 ---->   4	xxoooxxoxoxoxxoooxxoxoxoxoxooxxoxoxoxxoooxxoxxooxoxoxoxoxoxooxxoxoxoxoxoxoxoxxooxoxxoooxxooxxooxxooxxoxoxoxoxoxxooxxoox  oxoxoxoxoxxooxoxoxooxxxooxooxxooxxxooxooxxoxoxoxoxxooxxooxoxoxoxoxoxoxooxxxooxoox
 48 ----> 119	xxoooxxoxoxoxxoooxxoxoxoxoxooxxoxoxoxxoooxxoxxoo  xoxoxoxoxooxxoxoxoxoxoxoxoxxooxoxxoooxxooxxooxxooxxoxoxoxoxoxxooxxooxxooxoxoxoxoxxooxoxoxooxxxooxooxxooxxxooxooxxoxoxoxoxxooxxooxoxoxoxoxoxoxooxxxooxoox
163 ---->  48	xxoooxxoxoxoxxoooxxoxoxoxoxooxxoxoxoxxoooxxoxxoooxxoxoxoxoxooxxoxoxoxoxoxoxoxxooxoxxoooxxooxxooxxooxxoxoxoxoxoxxooxxooxxooxoxoxoxoxxooxoxoxooxxxooxooxxooxxxooxooxx  oxoxoxxooxxooxoxoxoxoxoxoxooxxxooxoox
 24 ----> 163	xxoooxxoxoxoxxoooxxoxoxo  xooxxoxoxoxxoooxxoxxoooxxoxoxoxoxooxxoxoxoxoxoxoxoxxooxoxxoooxxooxxooxxooxxoxoxoxoxoxxooxxooxxooxoxoxoxoxxooxoxoxooxxxooxooxxooxxxooxooxxxooxoxoxxooxxooxoxoxoxoxoxoxooxxxooxoox
 73 ---->  24	xxoooxxoxoxoxxoooxxoxoxooxxooxxoxoxoxxoooxxoxxoooxxoxoxoxoxooxxoxoxoxoxox  oxxooxoxxoooxxooxxooxxooxxoxoxoxoxoxxooxxooxxooxoxoxoxoxxooxoxoxooxxxooxooxxooxxxooxooxxxooxoxoxxooxxooxoxoxoxoxoxoxooxxxooxoox
 68 ---->  73	xxoooxxoxoxoxxoooxxoxoxooxxooxxoxoxoxxoooxxoxxoooxxoxoxoxoxooxxoxoxo  xoxxooxxooxoxxoooxxooxxooxxooxxoxoxoxoxoxxooxxooxxooxoxoxoxoxxooxoxoxooxxxooxooxxooxxxooxooxxxooxoxoxxooxxooxoxoxoxoxoxoxooxxxooxoox
127 ---->  68	xxoooxxoxoxoxxoooxxoxoxooxxooxxoxoxoxxoooxxoxxoooxxoxoxoxoxooxxoxoxooxxoxxooxxooxoxxoooxxooxxooxxooxxoxoxoxoxoxxooxxooxxooxoxox  oxxooxoxoxooxxxooxooxxooxxxooxooxxxooxoxoxxooxxooxoxoxoxoxoxoxooxxxooxoox
 64 ----> 127	xxoooxxoxoxoxxoooxxoxoxooxxooxxoxoxoxxoooxxoxxoooxxoxoxoxoxooxxo  xooxxoxxooxxooxoxxoooxxooxxooxxooxxoxoxoxoxoxxooxxooxxooxoxoxxooxxooxoxoxooxxxooxooxxooxxxooxooxxxooxoxoxxooxxooxoxoxoxoxoxoxooxxxooxoox
123 ---->  64	xxoooxxoxoxoxxoooxxoxoxooxxooxxoxoxoxxoooxxoxxoooxxoxoxoxoxooxxooxxooxxoxxooxxooxoxxoooxxooxxooxxooxxoxoxoxoxoxxooxxooxxoox  oxxooxxooxoxoxooxxxooxooxxooxxxooxooxxxooxoxoxxooxxooxoxoxoxoxoxoxooxxxooxoox
 20 ----> 123	xxoooxxoxoxoxxoooxxo  xooxxooxxoxoxoxxoooxxoxxoooxxoxoxoxoxooxxooxxooxxoxxooxxooxoxxoooxxooxxooxxooxxoxoxoxoxoxxooxxooxxooxxooxxooxxooxoxoxooxxxooxooxxooxxxooxooxxxooxoxoxxooxxooxoxoxoxoxoxoxooxxxooxoox
179 ---->  20	xxoooxxoxoxoxxoooxxooxxooxxooxxoxoxoxxoooxxoxxoooxxoxoxoxoxooxxooxxooxxoxxooxxooxoxxoooxxooxxooxxooxxoxoxoxoxoxxooxxooxxooxxooxxooxxooxoxoxooxxxooxooxxooxxxooxooxxxooxoxoxxooxxoox  oxoxoxoxoxooxxxooxoox
188 ----> 179	xxoooxxoxoxoxxoooxxooxxooxxooxxoxoxoxxoooxxoxxoooxxoxoxoxoxooxxooxxooxxoxxooxxooxoxxoooxxooxxooxxooxxoxoxoxoxoxxooxxooxxooxxooxxooxxooxoxoxooxxxooxooxxooxxxooxooxxxooxoxoxxooxxooxxooxoxoxo  xooxxxooxoox
103 ----> 188	xxoooxxoxoxoxxoooxxooxxooxxooxxoxoxoxxoooxxoxxoooxxoxoxoxoxooxxooxxooxxoxxooxxooxoxxoooxxooxxooxxooxxox  oxoxoxxooxxooxxooxxooxxooxxooxoxoxooxxxooxooxxooxxxooxooxxxooxoxoxxooxxooxxooxoxoxooxxooxxxooxoox
 52 ----> 103	xxoooxxoxoxoxxoooxxooxxooxxooxxoxoxoxxoooxxoxxoooxxo  xoxoxooxxooxxooxxoxxooxxooxoxxoooxxooxxooxxooxxoxxooxoxoxxooxxooxxooxxooxxooxxooxoxoxooxxxooxooxxooxxxooxooxxxooxoxoxxooxxooxxooxoxoxooxxooxxxooxoox
167 ---->  52	xxoooxxoxoxoxxoooxxooxxooxxooxxoxoxoxxoooxxoxxoooxxooxxoxoxooxxooxxooxxoxxooxxooxoxxoooxxooxxooxxooxxoxxooxoxoxxooxxooxxooxxooxxooxxooxoxoxooxxxooxooxxooxxxooxooxxxoox  oxxooxxooxxooxoxoxooxxooxxxooxoox
 32 ----> 167	xxoooxxoxoxoxxoooxxooxxooxxooxxo  xoxxoooxxoxxoooxxooxxoxoxooxxooxxooxxoxxooxxooxoxxoooxxooxxooxxooxxoxxooxoxoxxooxxooxxooxxooxxooxxooxoxoxooxxxooxooxxooxxxooxooxxxooxxooxxooxxooxxooxoxoxooxxooxxxooxoox
  9 ---->  32	xxoooxxox  oxxoooxxooxxooxxooxxooxxoxxoooxxoxxoooxxooxxoxoxooxxooxxooxxoxxooxxooxoxxoooxxooxxooxxooxxoxxooxoxoxxooxxooxxooxxooxxooxxooxoxoxooxxxooxooxxooxxxooxooxxxooxxooxxooxxooxxooxoxoxooxxooxxxooxoox
184 ---->   9	xxoooxxoxxooxxoooxxooxxooxxooxxooxxoxxoooxxoxxoooxxooxxoxoxooxxooxxooxxoxxooxxooxoxxoooxxooxxooxxooxxoxxooxoxoxxooxxooxxooxxooxxooxxooxoxoxooxxxooxooxxooxxxooxooxxxooxxooxxooxxooxxooxo  xooxxooxxxooxoox
135 ----> 184	xxoooxxoxxooxxoooxxooxxooxxooxxooxxoxxoooxxoxxoooxxooxxoxoxooxxooxxooxxoxxooxxooxoxxoooxxooxxooxxooxxoxxooxoxoxxooxxooxxooxxooxxooxxoox  oxooxxxooxooxxooxxxooxooxxxooxxooxxooxxooxxooxooxxooxxooxxxooxoox
 56 ----> 135	xxoooxxoxxooxxoooxxooxxooxxooxxooxxoxxoooxxoxxoooxxooxxo  xooxxooxxooxxoxxooxxooxoxxoooxxooxxooxxooxxoxxooxoxoxxooxxooxxooxxooxxooxxooxxooxooxxxooxooxxooxxxooxooxxxooxxooxxooxxooxxooxooxxooxxooxxxooxoox
107 ---->  56	xxoooxxoxxooxxoooxxooxxooxxooxxooxxoxxoooxxoxxoooxxooxxooxxooxxooxxooxxoxxooxxooxoxxoooxxooxxooxxooxxoxxoox  oxxooxxooxxooxxooxxooxxooxxooxooxxxooxooxxooxxxooxooxxxooxxooxxooxxooxxooxooxxooxxooxxxooxoox
 80 ----> 107	xxoooxxoxxooxxoooxxooxxooxxooxxooxxoxxoooxxoxxoooxxooxxooxxooxxooxxooxxoxxooxxoo  xxoooxxooxxooxxooxxoxxooxxooxxooxxooxxooxxooxxooxxooxxooxooxxxooxooxxooxxxooxooxxxooxxooxxooxxooxxooxooxxooxxooxxxooxoox
156 ---->  80	xxoooxxoxxooxxoooxxooxxooxxooxxooxxoxxoooxxoxxoooxxooxxooxxooxxooxxooxxoxxooxxooooxxoooxxooxxooxxooxxoxxooxxooxxooxxooxxooxxooxxooxxooxxooxooxxxooxooxxooxxx  xooxxxooxxooxxooxxooxxooxooxxooxxooxxxooxoox
 36 ----> 156	xxoooxxoxxooxxoooxxooxxooxxooxxooxxo  oooxxoxxoooxxooxxooxxooxxooxxooxxoxxooxxooooxxoooxxooxxooxxooxxoxxooxxooxxooxxooxxooxxooxxooxxooxxooxooxxxooxooxxooxxxxxxooxxxooxxooxxooxxooxxooxooxxooxxooxxxooxoox
139 ---->  36	xxoooxxoxxooxxoooxxooxxooxxooxxooxxooooooxxoxxoooxxooxxooxxooxxooxxooxxoxxooxxooooxxoooxxooxxooxxooxxoxxooxxooxxooxxooxxooxxooxxooxxooxxoox  xxxooxooxxooxxxxxxooxxxooxxooxxooxxooxxooxooxxooxxooxxxooxoox
 76 ----> 139	xxoooxxoxxooxxoooxxooxxooxxooxxooxxooooooxxoxxoooxxooxxooxxooxxooxxooxxoxxoo  ooooxxoooxxooxxooxxooxxoxxooxxooxxooxxooxxooxxooxxooxxooxxooxxxxxxooxooxxooxxxxxxooxxxooxxooxxooxxooxxooxooxxooxxooxxxooxoox
108 ---->  76	xxoooxxoxxooxxoooxxooxxooxxooxxooxxooooooxxoxxoooxxooxxooxxooxxooxxooxxoxxooooooooxxoooxxooxxooxxooxxoxxooxx  xxooxxooxxooxxooxxooxxooxxooxxxxxxooxooxxooxxxxxxooxxxooxxooxxooxxooxxooxooxxooxxooxxxooxoox
 72 ----> 108	xxoooxxoxxooxxoooxxooxxooxxooxxooxxooooooxxoxxoooxxooxxooxxooxxooxxooxxo  ooooooooxxoooxxooxxooxxooxxoxxooxxxxxxooxxooxxooxxooxxooxxooxxooxxxxxxooxooxxooxxxxxxooxxxooxxooxxooxxooxxooxooxxooxxooxxxooxoox
180 ---->  72	xxoooxxoxxooxxoooxxooxxooxxooxxooxxooooooxxoxxoooxxooxxooxxooxxooxxooxxoooooooooooxxoooxxooxxooxxooxxoxxooxxxxxxooxxooxxooxxooxxooxxooxxooxxxxxxooxooxxooxxxxxxooxxxooxxooxxooxxooxx  xooxxooxxooxxxooxoox
 17 ----> 180	xxoooxxoxxooxxooo  ooxxooxxooxxooxxooooooxxoxxoooxxooxxooxxooxxooxxooxxoooooooooooxxoooxxooxxooxxooxxoxxooxxxxxxooxxooxxooxxooxxooxxooxxooxxxxxxooxooxxooxxxxxxooxxxooxxooxxooxxooxxxxxooxxooxxooxxxooxoox
196 ---->  17	xxoooxxoxxooxxoooooooxxooxxooxxooxxooooooxxoxxoooxxooxxooxxooxxooxxooxxoooooooooooxxoooxxooxxooxxooxxoxxooxxxxxxooxxooxxooxxooxxooxxooxxooxxxxxxooxooxxooxxxxxxooxxxooxxooxxooxxooxxxxxooxxooxxooxxx  xoox
 87 ----> 196	xxoooxxoxxooxxoooooooxxooxxooxxooxxooooooxxoxxoooxxooxxooxxooxxooxxooxxoooooooooooxxooo  ooxxooxxooxxoxxooxxxxxxooxxooxxooxxooxxooxxooxxooxxxxxxooxooxxooxxxxxxooxxxooxxooxxooxxooxxxxxooxxooxxooxxxxxxoox
151 ---->  87	xxoooxxoxxooxxoooooooxxooxxooxxooxxooooooxxoxxoooxxooxxooxxooxxooxxooxxoooooooooooxxoooooooxxooxxooxxoxxooxxxxxxooxxooxxooxxooxxooxxooxxooxxxxxxooxooxx  xxxxxxooxxxooxxooxxooxxooxxxxxooxxooxxooxxxxxxoox
 82 ----> 151	xxoooxxoxxooxxoooooooxxooxxooxxooxxooooooxxoxxoooxxooxxooxxooxxooxxooxxooooooooooo  oooooooxxooxxooxxoxxooxxxxxxooxxooxxooxxooxxooxxooxxooxxxxxxooxooxxxxxxxxxxooxxxooxxooxxooxxooxxxxxooxxooxxooxxxxxxoox
168 ---->  82	xxoooxxoxxooxxoooooooxxooxxooxxooxxooooooxxoxxoooxxooxxooxxooxxooxxooxxooooooooooooooooooooxxooxxooxxoxxooxxxxxxooxxooxxooxxooxxooxxooxxooxxxxxxooxooxxxxxxxxxxooxxxooxx  xxooxxooxxxxxooxxooxxooxxxxxxoox
 53 ----> 168	xxoooxxoxxooxxoooooooxxooxxooxxooxxooooooxxoxxoooxxoo  ooxxooxxooxxooxxooooooooooooooooooooxxooxxooxxoxxooxxxxxxooxxooxxooxxooxxooxxooxxooxxxxxxooxooxxxxxxxxxxooxxxooxxxxxxooxxooxxxxxooxxooxxooxxxxxxoox
104 ---->  53	xxoooxxoxxooxxoooooooxxooxxooxxooxxooooooxxoxxoooxxooooooxxooxxooxxooxxooooooooooooooooooooxxooxxooxxoxx  xxxxxxooxxooxxooxxooxxooxxooxxooxxxxxxooxooxxxxxxxxxxooxxxooxxxxxxooxxooxxxxxooxxooxxooxxxxxxoox
  5 ----> 104	xxooo  oxxooxxoooooooxxooxxooxxooxxooooooxxoxxoooxxooooooxxooxxooxxooxxooooooooooooooooooooxxooxxooxxoxxxxxxxxxxooxxooxxooxxooxxooxxooxxooxxxxxxooxooxxxxxxxxxxooxxxooxxxxxxooxxooxxxxxooxxooxxooxxxxxxoox
132 ---->   5	xxooooooxxooxxoooooooxxooxxooxxooxxooooooxxoxxoooxxooooooxxooxxooxxooxxooooooooooooooooooooxxooxxooxxoxxxxxxxxxxooxxooxxooxxooxxooxx  xxooxxxxxxooxooxxxxxxxxxxooxxxooxxxxxxooxxooxxxxxooxxooxxooxxxxxxoox
 44 ----> 132	xxooooooxxooxxoooooooxxooxxooxxooxxooooooxxo  oooxxooooooxxooxxooxxooxxooooooooooooooooooooxxooxxooxxoxxxxxxxxxxooxxooxxooxxooxxooxxxxxxooxxxxxxooxooxxxxxxxxxxooxxxooxxxxxxooxxooxxxxxooxxooxxooxxxxxxoox
172 ---->  44	xxooooooxxooxxoooooooxxooxxooxxooxxooooooxxooooooxxooooooxxooxxooxxooxxooooooooooooooooooooxxooxxooxxoxxxxxxxxxxooxxooxxooxxooxxooxxxxxxooxxxxxxooxooxxxxxxxxxxooxxxooxxxxxx  xxooxxxxxooxxooxxooxxxxxxoox
 61 ----> 172	xxooooooxxooxxoooooooxxooxxooxxooxxooooooxxooooooxxooooooxxoo  ooxxooxxooooooooooooooooooooxxooxxooxxoxxxxxxxxxxooxxooxxooxxooxxooxxxxxxooxxxxxxooxooxxxxxxxxxxooxxxooxxxxxxxxxxooxxxxxooxxooxxooxxxxxxoox
187 ---->  61	xxooooooxxooxxoooooooxxooxxooxxooxxooooooxxooooooxxooooooxxooooooxxooxxooooooooooooooooooooxxooxxooxxoxxxxxxxxxxooxxooxxooxxooxxooxxxxxxooxxxxxxooxooxxxxxxxxxxooxxxooxxxxxxxxxxooxxxxxooxx  xxooxxxxxxoox
 95 ----> 187	xxooooooxxooxxoooooooxxooxxooxxooxxooooooxxooooooxxooooooxxooooooxxooxxooooooooooooooooooooxxoo  ooxxoxxxxxxxxxxooxxooxxooxxooxxooxxxxxxooxxxxxxooxooxxxxxxxxxxooxxxooxxxxxxxxxxooxxxxxooxxxxxxooxxxxxxoox
164 ---->  95	xxooooooxxooxxoooooooxxooxxooxxooxxooooooxxooooooxxooooooxxooooooxxooxxooooooooooooooooooooxxooooooxxoxxxxxxxxxxooxxooxxooxxooxxooxxxxxxooxxxxxxooxooxxxxxxxxxxooxxx  xxxxxxxxxxooxxxxxooxxxxxxooxxxxxxoox
 33 ----> 164	xxooooooxxooxxoooooooxxooxxooxxoo  ooooooxxooooooxxooooooxxooooooxxooxxooooooooooooooooooooxxooooooxxoxxxxxxxxxxooxxooxxooxxooxxooxxxxxxooxxxxxxooxooxxxxxxxxxxooxxxxxxxxxxxxxxxooxxxxxooxxxxxxooxxxxxxoox
124 ---->  33	xxooooooxxooxxoooooooxxooxxooxxooooooooooxxooooooxxooooooxxooooooxxooxxooooooooooooooooooooxxooooooxxoxxxxxxxxxxooxxooxxooxx  xxooxxxxxxooxxxxxxooxooxxxxxxxxxxooxxxxxxxxxxxxxxxooxxxxxooxxxxxxooxxxxxxoox
 12 ----> 124	xxooooooxxoo  oooooooxxooxxooxxooooooooooxxooooooxxooooooxxooooooxxooxxooooooooooooooooooooxxooooooxxoxxxxxxxxxxooxxooxxooxxxxxxooxxxxxxooxxxxxxooxooxxxxxxxxxxooxxxxxxxxxxxxxxxooxxxxxooxxxxxxooxxxxxxoox
159 ---->  12	xxooooooxxoooooooooooxxooxxooxxooooooooooxxooooooxxooooooxxooooooxxooxxooooooooooooooooooooxxooooooxxoxxxxxxxxxxooxxooxxooxxxxxxooxxxxxxooxxxxxxooxooxxxxxxxxxx  xxxxxxxxxxxxxxxooxxxxxooxxxxxxooxxxxxxoox
 69 ----> 159	xxooooooxxoooooooooooxxooxxooxxooooooooooxxooooooxxooooooxxooooooxxoo  ooooooooooooooooooooxxooooooxxoxxxxxxxxxxooxxooxxooxxxxxxooxxxxxxooxxxxxxooxooxxxxxxxxxxxxxxxxxxxxxxxxxxxooxxxxxooxxxxxxooxxxxxxoox
120 ---->  69	xxooooooxxoooooooooooxxooxxooxxooooooooooxxooooooxxooooooxxooooooxxooooooooooooooooooooooooxxooooooxxoxxxxxxxxxxooxxooxx  xxxxxxooxxxxxxooxxxxxxooxooxxxxxxxxxxxxxxxxxxxxxxxxxxxooxxxxxooxxxxxxooxxxxxxoox
 99 ----> 120	xxooooooxxoooooooooooxxooxxooxxooooooooooxxooooooxxooooooxxooooooxxooooooooooooooooooooooooxxoooooo  oxxxxxxxxxxooxxooxxxxxxxxxxooxxxxxxooxxxxxxooxooxxxxxxxxxxxxxxxxxxxxxxxxxxxooxxxxxooxxxxxxooxxxxxxoox
176 ---->  99	xxooooooxxoooooooooooxxooxxooxxooooooooooxxooooooxxooooooxxooooooxxooooooooooooooooooooooooxxoooooooooxxxxxxxxxxooxxooxxxxxxxxxxooxxxxxxooxxxxxxooxooxxxxxxxxxxxxxxxxxxxxxxxxxxx  xxxxxooxxxxxxooxxxxxxoox
 49 ----> 176	xxooooooxxoooooooooooxxooxxooxxooooooooooxxoooooo  ooooooxxooooooxxooooooooooooooooooooooooxxoooooooooxxxxxxxxxxooxxooxxxxxxxxxxooxxxxxxooxxxxxxooxooxxxxxxxxxxxxxxxxxxxxxxxxxxxxxxxxxxooxxxxxxooxxxxxxoox
128 ---->  49	xxooooooxxoooooooooooxxooxxooxxooooooooooxxooooooooooooooxxooooooxxooooooooooooooooooooooooxxoooooooooxxxxxxxxxxooxxooxxxxxxxxxx  xxxxxxooxxxxxxooxooxxxxxxxxxxxxxxxxxxxxxxxxxxxxxxxxxxooxxxxxxooxxxxxxoox
 21 ----> 128	xxooooooxxooooooooooo  ooxxooxxooooooooooxxooooooooooooooxxooooooxxooooooooooooooooooooooooxxoooooooooxxxxxxxxxxooxxooxxxxxxxxxxxxxxxxxxooxxxxxxooxooxxxxxxxxxxxxxxxxxxxxxxxxxxxxxxxxxxooxxxxxxooxxxxxxoox
116 ---->  21	xxooooooxxoooooooooooooooxxooxxooooooooooxxooooooooooooooxxooooooxxooooooooooooooooooooooooxxoooooooooxxxxxxxxxxooxx  xxxxxxxxxxxxxxxxxxooxxxxxxooxooxxxxxxxxxxxxxxxxxxxxxxxxxxxxxxxxxxooxxxxxxooxxxxxxoox
  8 ----> 116	xxoooooo  oooooooooooooooxxooxxooooooooooxxooooooooooooooxxooooooxxooooooooooooooooooooooooxxoooooooooxxxxxxxxxxooxxxxxxxxxxxxxxxxxxxxxxooxxxxxxooxooxxxxxxxxxxxxxxxxxxxxxxxxxxxxxxxxxxooxxxxxxooxxxxxxoox
191 ---->   8	xxoooooooooooooooooooooooxxooxxooooooooooxxooooooooooooooxxooooooxxooooooooooooooooooooooooxxoooooooooxxxxxxxxxxooxxxxxxxxxxxxxxxxxxxxxxooxxxxxxooxooxxxxxxxxxxxxxxxxxxxxxxxxxxxxxxxxxxooxxxxxx  xxxxxxoox
 25 ----> 191	xxooooooooooooooooooooooo  ooxxooooooooooxxooooooooooooooxxooooooxxooooooooooooooooooooooooxxoooooooooxxxxxxxxxxooxxxxxxxxxxxxxxxxxxxxxxooxxxxxxooxooxxxxxxxxxxxxxxxxxxxxxxxxxxxxxxxxxxooxxxxxxxxxxxxxxoox
147 ---->  25	xxoooooooooooooooooooooooooooxxooooooooooxxooooooooooooooxxooooooxxooooooooooooooooooooooooxxoooooooooxxxxxxxxxxooxxxxxxxxxxxxxxxxxxxxxxooxxxxxxoox  xxxxxxxxxxxxxxxxxxxxxxxxxxxxxxxxxxooxxxxxxxxxxxxxxoox
 41 ----> 147	xxoooooooooooooooooooooooooooxxoooooooooo  ooooooooooooooxxooooooxxooooooooooooooooooooooooxxoooooooooxxxxxxxxxxooxxxxxxxxxxxxxxxxxxxxxxooxxxxxxooxxxxxxxxxxxxxxxxxxxxxxxxxxxxxxxxxxxxxooxxxxxxxxxxxxxxoox
136 ---->  41	xxoooooooooooooooooooooooooooxxooooooooooooooooooooooooooxxooooooxxooooooooooooooooooooooooxxoooooooooxxxxxxxxxxooxxxxxxxxxxxxxxxxxxxxxx  xxxxxxooxxxxxxxxxxxxxxxxxxxxxxxxxxxxxxxxxxxxxooxxxxxxxxxxxxxxoox
 29 ----> 136	xxooooooooooooooooooooooooooo  ooooooooooooooooooooooooooxxooooooxxooooooooooooooooooooooooxxoooooooooxxxxxxxxxxooxxxxxxxxxxxxxxxxxxxxxxxxxxxxxxooxxxxxxxxxxxxxxxxxxxxxxxxxxxxxxxxxxxxxooxxxxxxxxxxxxxxoox
144 ---->  29	xxoooooooooooooooooooooooooooooooooooooooooooooooooooooooxxooooooxxooooooooooooooooooooooooxxoooooooooxxxxxxxxxxooxxxxxxxxxxxxxxxxxxxxxxxxxxxxxx  xxxxxxxxxxxxxxxxxxxxxxxxxxxxxxxxxxxxxooxxxxxxxxxxxxxxoox
 65 ----> 144	xxoooooooooooooooooooooooooooooooooooooooooooooooooooooooxxoooooo  ooooooooooooooooooooooooxxoooooooooxxxxxxxxxxooxxxxxxxxxxxxxxxxxxxxxxxxxxxxxxxxxxxxxxxxxxxxxxxxxxxxxxxxxxxxxxxxxxxxxooxxxxxxxxxxxxxxoox
183 ---->  65	xxoooooooooooooooooooooooooooooooooooooooooooooooooooooooxxooooooooooooooooooooooooooooooooxxoooooooooxxxxxxxxxxooxxxxxxxxxxxxxxxxxxxxxxxxxxxxxxxxxxxxxxxxxxxxxxxxxxxxxxxxxxxxxxxxxxxxx  xxxxxxxxxxxxxxoox
 57 ----> 183	xxooooooooooooooooooooooooooooooooooooooooooooooooooooooo  ooooooooooooooooooooooooooooooooxxoooooooooxxxxxxxxxxooxxxxxxxxxxxxxxxxxxxxxxxxxxxxxxxxxxxxxxxxxxxxxxxxxxxxxxxxxxxxxxxxxxxxxxxxxxxxxxxxxxxxxoox
112 ---->  57	xxoooooooooooooooooooooooooooooooooooooooooooooooooooooooooooooooooooooooooooooooooooooooooxxoooooooooxxxxxxxxxx  xxxxxxxxxxxxxxxxxxxxxxxxxxxxxxxxxxxxxxxxxxxxxxxxxxxxxxxxxxxxxxxxxxxxxxxxxxxxxxxxxxxxxoox
 91 ----> 112	xxooooooooooooooooooooooooooooooooooooooooooooooooooooooooooooooooooooooooooooooooooooooooo  oooooooooxxxxxxxxxxxxxxxxxxxxxxxxxxxxxxxxxxxxxxxxxxxxxxxxxxxxxxxxxxxxxxxxxxxxxxxxxxxxxxxxxxxxxxxxxxxxxxxxxoox
199 ---->  91	xxooooooooooooooooooooooooooooooooooooooooooooooooooooooooooooooooooooooooooooooooooooooooooooooooooooxxxxxxxxxxxxxxxxxxxxxxxxxxxxxxxxxxxxxxxxxxxxxxxxxxxxxxxxxxxxxxxxxxxxxxxxxxxxxxxxxxxxxxxxxxxxxxxxx  x
  0 ----> 199	  ooooooooooooooooooooooooooooooooooooooooooooooooooooooooooooooooooooooooooooooooooooooooooooooooooooxxxxxxxxxxxxxxxxxxxxxxxxxxxxxxxxxxxxxxxxxxxxxxxxxxxxxxxxxxxxxxxxxxxxxxxxxxxxxxxxxxxxxxxxxxxxxxxxxxxx

======================
