==============================[MINISAT]===============================
| Conflicts |     ORIGINAL     |          LEARNT          | Progress |
|           | Clauses Literals | Clauses Literals  Lit/Cl |          |
======================================================================
|         0 | 6018045 12882148 |       0        0    -nan |  0.000 % |
======================================================================
SAT
==============================[MINISAT]===============================
| Conflicts |     ORIGINAL     |          LEARNT          | Progress |
|           | Clauses Literals | Clauses Literals  Lit/Cl |          |
======================================================================
|   1381456 | 3780276  8122663 | 1265138 202311804   159.9 |  9.613 % |
======================================================================


           	xoxoxoxoxoxoxoxoxoxoxoxoxoxoxoxoxoxoxoxoxoxoxoxoxoxoxoxoxoxoxoxoxoxoxoxoxoxoxoxoxoxoxoxoxoxoxoxoxoxoxoxoxoxoxoxoxoxoxoxoxoxoxoxoxoxoxoxoxoxoxoxoxoxoxoxoxoxoxoxoxoxoxoxoxoxoxoxoxoxoxoxoxoxoxoxoxoxoxoxoxoxoxoxoxoxoxoxoxoxoxoxoxoxoxoxoxoxoxoxo
 13 --> 240	xoxoxoxoxoxox  oxoxoxoxoxoxoxoxoxoxoxoxoxoxoxoxoxoxoxoxoxoxoxoxoxoxoxoxoxoxoxoxoxoxoxoxoxoxoxoxoxoxoxoxoxoxoxoxoxoxoxoxoxoxoxoxoxoxoxoxoxoxoxoxoxoxoxoxoxoxoxoxoxoxoxoxoxoxoxoxoxoxoxoxoxoxoxoxoxoxoxoxoxoxoxoxoxoxoxoxoxoxoxoxoxoxoxoxoxoxoxoxoox
 16 -->  13	xoxoxoxoxoxoxxoo  xoxoxoxoxoxoxoxoxoxoxoxoxoxoxoxoxoxoxoxoxoxoxoxoxoxoxoxoxoxoxoxoxoxoxoxoxoxoxoxoxoxoxoxoxoxoxoxoxoxoxoxoxoxoxoxoxoxoxoxoxoxoxoxoxoxoxoxoxoxoxoxoxoxoxoxoxoxoxoxoxoxoxoxoxoxoxoxoxoxoxoxoxoxoxoxoxoxoxoxoxoxoxoxoxoxoxoxoxoxoxoox
 93 -->  16	xoxoxoxoxoxoxxoooxxoxoxoxoxoxoxoxoxoxoxoxoxoxoxoxoxoxoxoxoxoxoxoxoxoxoxoxoxoxoxoxoxoxoxoxoxox  oxoxoxoxoxoxoxoxoxoxoxoxoxoxoxoxoxoxoxoxoxoxoxoxoxoxoxoxoxoxoxoxoxoxoxoxoxoxoxoxoxoxoxoxoxoxoxoxoxoxoxoxoxoxoxoxoxoxoxoxoxoxoxoxoxoxoxoxoxoxoxoxoox
 20 -->  93	xoxoxoxoxoxoxxoooxxo  xoxoxoxoxoxoxoxoxoxoxoxoxoxoxoxoxoxoxoxoxoxoxoxoxoxoxoxoxoxoxoxoxoxoxoxxooxoxoxoxoxoxoxoxoxoxoxoxoxoxoxoxoxoxoxoxoxoxoxoxoxoxoxoxoxoxoxoxoxoxoxoxoxoxoxoxoxoxoxoxoxoxoxoxoxoxoxoxoxoxoxoxoxoxoxoxoxoxoxoxoxoxoxoxoxoxoxoxoox
 65 -->  20	xoxoxoxoxoxoxxoooxxooxxoxoxoxoxoxoxoxoxoxoxoxoxoxoxoxoxoxoxoxoxox  oxoxoxoxoxoxoxoxoxoxoxoxoxxooxoxoxoxoxoxoxoxoxoxoxoxoxoxoxoxoxoxoxoxoxoxoxoxoxoxoxoxoxoxoxoxoxoxoxoxoxoxoxoxoxoxoxoxoxoxoxoxoxoxoxoxoxoxoxoxoxoxoxoxoxoxoxoxoxoxoxoxoxoxoxoxoox
104 -->  65	xoxoxoxoxoxoxxoooxxooxxoxoxoxoxoxoxoxoxoxoxoxoxoxoxoxoxoxoxoxoxoxxooxoxoxoxoxoxoxoxoxoxoxoxoxxooxoxoxoxo  xoxoxoxoxoxoxoxoxoxoxoxoxoxoxoxoxoxoxoxoxoxoxoxoxoxoxoxoxoxoxoxoxoxoxoxoxoxoxoxoxoxoxoxoxoxoxoxoxoxoxoxoxoxoxoxoxoxoxoxoxoxoxoxoxoxoxoox
 97 --> 104	xoxoxoxoxoxoxxoooxxooxxoxoxoxoxoxoxoxoxoxoxoxoxoxoxoxoxoxoxoxoxoxxooxoxoxoxoxoxoxoxoxoxoxoxoxxoox  oxoxooxxoxoxoxoxoxoxoxoxoxoxoxoxoxoxoxoxoxoxoxoxoxoxoxoxoxoxoxoxoxoxoxoxoxoxoxoxoxoxoxoxoxoxoxoxoxoxoxoxoxoxoxoxoxoxoxoxoxoxoxoxoxoxoxoxoxoxoox
124 -->  97	xoxoxoxoxoxoxxoooxxooxxoxoxoxoxoxoxoxoxoxoxoxoxoxoxoxoxoxoxoxoxoxxooxoxoxoxoxoxoxoxoxoxoxoxoxxooxxooxoxooxxoxoxoxoxoxoxoxoxo  xoxoxoxoxoxoxoxoxoxoxoxoxoxoxoxoxoxoxoxoxoxoxoxoxoxoxoxoxoxoxoxoxoxoxoxoxoxoxoxoxoxoxoxoxoxoxoxoxoxoxoxoxoxoxoxoxoox
101 --> 124	xoxoxoxoxoxoxxoooxxooxxoxoxoxoxoxoxoxoxoxoxoxoxoxoxoxoxoxoxoxoxoxxooxoxoxoxoxoxoxoxoxoxoxoxoxxooxxoox  ooxxoxoxoxoxoxoxoxoxooxxoxoxoxoxoxoxoxoxoxoxoxoxoxoxoxoxoxoxoxoxoxoxoxoxoxoxoxoxoxoxoxoxoxoxoxoxoxoxoxoxoxoxoxoxoxoxoxoxoxoxoxoxoxoxoxoxoox
148 --> 101	xoxoxoxoxoxoxxoooxxooxxoxoxoxoxoxoxoxoxoxoxoxoxoxoxoxoxoxoxoxoxoxxooxoxoxoxoxoxoxoxoxoxoxoxoxxooxxooxxoooxxoxoxoxoxoxoxoxoxooxxoxoxoxoxoxoxoxoxoxoxo  xoxoxoxoxoxoxoxoxoxoxoxoxoxoxoxoxoxoxoxoxoxoxoxoxoxoxoxoxoxoxoxoxoxoxoxoxoxoxoxoxoxoxoxoxoox
211 --> 148	xoxoxoxoxoxoxxoooxxooxxoxoxoxoxoxoxoxoxoxoxoxoxoxoxoxoxoxoxoxoxoxxooxoxoxoxoxoxoxoxoxoxoxoxoxxooxxooxxoooxxoxoxoxoxoxoxoxoxooxxoxoxoxoxoxoxoxoxoxoxooxxoxoxoxoxoxoxoxoxoxoxoxoxoxoxoxoxoxoxoxoxoxoxoxoxoxoxoxoxoxox  oxoxoxoxoxoxoxoxoxoxoxoxoxoox
112 --> 211	xoxoxoxoxoxoxxoooxxooxxoxoxoxoxoxoxoxoxoxoxoxoxoxoxoxoxoxoxoxoxoxxooxoxoxoxoxoxoxoxoxoxoxoxoxxooxxooxxoooxxoxoxo  xoxoxoxoxooxxoxoxoxoxoxoxoxoxoxoxooxxoxoxoxoxoxoxoxoxoxoxoxoxoxoxoxoxoxoxoxoxoxoxoxoxoxoxoxoxoxoxxooxoxoxoxoxoxoxoxoxoxoxoxoxoox
 53 --> 112	xoxoxoxoxoxoxxoooxxooxxoxoxoxoxoxoxoxoxoxoxoxoxoxoxox  oxoxoxoxoxxooxoxoxoxoxoxoxoxoxoxoxoxoxxooxxooxxoooxxoxoxooxxoxoxoxoxooxxoxoxoxoxoxoxoxoxoxoxooxxoxoxoxoxoxoxoxoxoxoxoxoxoxoxoxoxoxoxoxoxoxoxoxoxoxoxoxoxoxoxxooxoxoxoxoxoxoxoxoxoxoxoxoxoox
 40 -->  53	xoxoxoxoxoxoxxoooxxooxxoxoxoxoxoxoxoxoxo  xoxoxoxoxoxxooxoxoxoxoxxooxoxoxoxoxoxoxoxoxoxoxoxoxxooxxooxxoooxxoxoxooxxoxoxoxoxooxxoxoxoxoxoxoxoxoxoxoxooxxoxoxoxoxoxoxoxoxoxoxoxoxoxoxoxoxoxoxoxoxoxoxoxoxoxoxoxoxoxoxxooxoxoxoxoxoxoxoxoxoxoxoxoxoox
 69 -->  40	xoxoxoxoxoxoxxoooxxooxxoxoxoxoxoxoxoxoxooxxoxoxoxoxoxxooxoxoxoxoxxoox  oxoxoxoxoxoxoxoxoxoxoxxooxxooxxoooxxoxoxooxxoxoxoxoxooxxoxoxoxoxoxoxoxoxoxoxooxxoxoxoxoxoxoxoxoxoxoxoxoxoxoxoxoxoxoxoxoxoxoxoxoxoxoxoxoxoxoxxooxoxoxoxoxoxoxoxoxoxoxoxoxoox
 24 -->  69	xoxoxoxoxoxoxxoooxxooxxo  xoxoxoxoxoxoxooxxoxoxoxoxoxxooxoxoxoxoxxooxxooxoxoxoxoxoxoxoxoxoxoxxooxxooxxoooxxoxoxooxxoxoxoxoxooxxoxoxoxoxoxoxoxoxoxoxooxxoxoxoxoxoxoxoxoxoxoxoxoxoxoxoxoxoxoxoxoxoxoxoxoxoxoxoxoxoxoxxooxoxoxoxoxoxoxoxoxoxoxoxoxoox
 57 -->  24	xoxoxoxoxoxoxxoooxxooxxooxxoxoxoxoxoxoxooxxoxoxoxoxoxxoox  oxoxoxxooxxooxoxoxoxoxoxoxoxoxoxoxxooxxooxxoooxxoxoxooxxoxoxoxoxooxxoxoxoxoxoxoxoxoxoxoxooxxoxoxoxoxoxoxoxoxoxoxoxoxoxoxoxoxoxoxoxoxoxoxoxoxoxoxoxoxoxoxxooxoxoxoxoxoxoxoxoxoxoxoxoxoox
172 -->  57	xoxoxoxoxoxoxxoooxxooxxooxxoxoxoxoxoxoxooxxoxoxoxoxoxxooxxooxoxoxxooxxooxoxoxoxoxoxoxoxoxoxoxxooxxooxxoooxxoxoxooxxoxoxoxoxooxxoxoxoxoxoxoxoxoxoxoxooxxoxoxoxoxoxoxoxoxoxoxo  xoxoxoxoxoxoxoxoxoxoxoxoxoxoxoxoxoxoxxooxoxoxoxoxoxoxoxoxoxoxoxoxoox
199 --> 172	xoxoxoxoxoxoxxoooxxooxxooxxoxoxoxoxoxoxooxxoxoxoxoxoxxooxxooxoxoxxooxxooxoxoxoxoxoxoxoxoxoxoxxooxxooxxoooxxoxoxooxxoxoxoxoxooxxoxoxoxoxoxoxoxoxoxoxooxxoxoxoxoxoxoxoxoxoxoxooxxoxoxoxoxoxoxoxoxoxoxoxox  oxoxoxoxoxxooxoxoxoxoxoxoxoxoxoxoxoxoxoox
 88 --> 199	xoxoxoxoxoxoxxoooxxooxxooxxoxoxoxoxoxoxooxxoxoxoxoxoxxooxxooxoxoxxooxxooxoxoxoxoxoxoxoxo  xoxxooxxooxxoooxxoxoxooxxoxoxoxoxooxxoxoxoxoxoxoxoxoxoxoxooxxoxoxoxoxoxoxoxoxoxoxooxxoxoxoxoxoxoxoxoxoxoxoxoxxooxoxoxoxoxxooxoxoxoxoxoxoxoxoxoxoxoxoxoox
155 -->  88	xoxoxoxoxoxoxxoooxxooxxooxxoxoxoxoxoxoxooxxoxoxoxoxoxxooxxooxoxoxxooxxooxoxoxoxoxoxoxoxooxxoxxooxxooxxoooxxoxoxooxxoxoxoxoxooxxoxoxoxoxoxoxoxoxoxoxooxxoxox  oxoxoxoxoxoxoxooxxoxoxoxoxoxoxoxoxoxoxoxoxxooxoxoxoxoxxooxoxoxoxoxoxoxoxoxoxoxoxoxoox
 76 --> 155	xoxoxoxoxoxoxxoooxxooxxooxxoxoxoxoxoxoxooxxoxoxoxoxoxxooxxooxoxoxxooxxooxoxo  xoxoxoxoxooxxoxxooxxooxxoooxxoxoxooxxoxoxoxoxooxxoxoxoxoxoxoxoxoxoxoxooxxoxoxxooxoxoxoxoxoxoxooxxoxoxoxoxoxoxoxoxoxoxoxoxxooxoxoxoxoxxooxoxoxoxoxoxoxoxoxoxoxoxoxoox
 81 -->  76	xoxoxoxoxoxoxxoooxxooxxooxxoxoxoxoxoxoxooxxoxoxoxoxoxxooxxooxoxoxxooxxooxoxooxxox  oxoxooxxoxxooxxooxxoooxxoxoxooxxoxoxoxoxooxxoxoxoxoxoxoxoxoxoxoxooxxoxoxxooxoxoxoxoxoxoxooxxoxoxoxoxoxoxoxoxoxoxoxoxxooxoxoxoxoxxooxoxoxoxoxoxoxoxoxoxoxoxoxoox
116 -->  81	xoxoxoxoxoxoxxoooxxooxxooxxoxoxoxoxoxoxooxxoxoxoxoxoxxooxxooxoxoxxooxxooxoxooxxoxxooxoxooxxoxxooxxooxxoooxxoxoxooxxo  xoxoxooxxoxoxoxoxoxoxoxoxoxoxooxxoxoxxooxoxoxoxoxoxoxooxxoxoxoxoxoxoxoxoxoxoxoxoxxooxoxoxoxoxxooxoxoxoxoxoxoxoxoxoxoxoxoxoox
  5 --> 116	xoxox  oxoxoxxoooxxooxxooxxoxoxoxoxoxoxooxxoxoxoxoxoxxooxxooxoxoxxooxxooxoxooxxoxxooxoxooxxoxxooxxooxxoooxxoxoxooxxooxxoxoxooxxoxoxoxoxoxoxoxoxoxoxooxxoxoxxooxoxoxoxoxoxoxooxxoxoxoxoxoxoxoxoxoxoxoxoxxooxoxoxoxoxxooxoxoxoxoxoxoxoxoxoxoxoxoxoox
164 -->   5	xoxoxxooxoxoxxoooxxooxxooxxoxoxoxoxoxoxooxxoxoxoxoxoxxooxxooxoxoxxooxxooxoxooxxoxxooxoxooxxoxxooxxooxxoooxxoxoxooxxooxxoxoxooxxoxoxoxoxoxoxoxoxoxoxooxxoxoxxooxoxoxo  xoxoxooxxoxoxoxoxoxoxoxoxoxoxoxoxxooxoxoxoxoxxooxoxoxoxoxoxoxoxoxoxoxoxoxoox
195 --> 164	xoxoxxooxoxoxxoooxxooxxooxxoxoxoxoxoxoxooxxoxoxoxoxoxxooxxooxoxoxxooxxooxoxooxxoxxooxoxooxxoxxooxxooxxoooxxoxoxooxxooxxoxoxooxxoxoxoxoxoxoxoxoxoxoxooxxoxoxxooxoxoxooxxoxoxooxxoxoxoxoxoxoxoxoxoxox  oxxooxoxoxoxoxxooxoxoxoxoxoxoxoxoxoxoxoxoxoox
220 --> 195	xoxoxxooxoxoxxoooxxooxxooxxoxoxoxoxoxoxooxxoxoxoxoxoxxooxxooxoxoxxooxxooxoxooxxoxxooxoxooxxoxxooxxooxxoooxxoxoxooxxooxxoxoxooxxoxoxoxoxoxoxoxoxoxoxooxxoxoxxooxoxoxooxxoxoxooxxoxoxoxoxoxoxoxoxoxoxxooxxooxoxoxoxoxxooxoxoxo  xoxoxoxoxoxoxoxoxoox
167 --> 220	xoxoxxooxoxoxxoooxxooxxooxxoxoxoxoxoxoxooxxoxoxoxoxoxxooxxooxoxoxxooxxooxoxooxxoxxooxoxooxxoxxooxxooxxoooxxoxoxooxxooxxoxoxooxxoxoxoxoxoxoxoxoxoxoxooxxoxoxxooxoxoxooxx  oxooxxoxoxoxoxoxoxoxoxoxoxxooxxooxoxoxoxoxxooxoxoxooxxoxoxoxoxoxoxoxoxoox
 36 --> 167	xoxoxxooxoxoxxoooxxooxxooxxoxoxoxoxo  xooxxoxoxoxoxoxxooxxooxoxoxxooxxooxoxooxxoxxooxoxooxxoxxooxxooxxoooxxoxoxooxxooxxoxoxooxxoxoxoxoxoxoxoxoxoxoxooxxoxoxxooxoxoxooxxxooxooxxoxoxoxoxoxoxoxoxoxoxxooxxooxoxoxoxoxxooxoxoxooxxoxoxoxoxoxoxoxoxoox
227 -->  36	xoxoxxooxoxoxxoooxxooxxooxxoxoxoxoxooxxooxxoxoxoxoxoxxooxxooxoxoxxooxxooxoxooxxoxxooxoxooxxoxxooxxooxxoooxxoxoxooxxooxxoxoxooxxoxoxoxoxoxoxoxoxoxoxooxxoxoxxooxoxoxooxxxooxooxxoxoxoxoxoxoxoxoxoxoxxooxxooxoxoxoxoxxooxoxoxooxxoxox  oxoxoxoxoxoox
224 --> 227	xoxoxxooxoxoxxoooxxooxxooxxoxoxoxoxooxxooxxoxoxoxoxoxxooxxooxoxoxxooxxooxoxooxxoxxooxoxooxxoxxooxxooxxoooxxoxoxooxxooxxoxoxooxxoxoxoxoxoxoxoxoxoxoxooxxoxoxxooxoxoxooxxxooxooxxoxoxoxoxoxoxoxoxoxoxxooxxooxoxoxoxoxxooxoxoxooxxo  xxooxoxoxoxoxoox
  1 --> 224	x  oxxooxoxoxxoooxxooxxooxxoxoxoxoxooxxooxxoxoxoxoxoxxooxxooxoxoxxooxxooxoxooxxoxxooxoxooxxoxxooxxooxxoooxxoxoxooxxooxxoxoxooxxoxoxoxoxoxoxoxoxoxoxooxxoxoxxooxoxoxooxxxooxooxxoxoxoxoxoxoxoxoxoxoxxooxxooxoxoxoxoxxooxoxoxooxxooxxxooxoxoxoxoxoox
128 -->   1	xxooxxooxoxoxxoooxxooxxooxxoxoxoxoxooxxooxxoxoxoxoxoxxooxxooxoxoxxooxxooxoxooxxoxxooxoxooxxoxxooxxooxxoooxxoxoxooxxooxxoxoxooxxo  xoxoxoxoxoxoxoxoxooxxoxoxxooxoxoxooxxxooxooxxoxoxoxoxoxoxoxoxoxoxxooxxooxoxoxoxoxxooxoxoxooxxooxxxooxoxoxoxoxoox
109 --> 128	xxooxxooxoxoxxoooxxooxxooxxoxoxoxoxooxxooxxoxoxoxoxoxxooxxooxoxoxxooxxooxoxooxxoxxooxoxooxxoxxooxxooxxoooxxox  ooxxooxxoxoxooxxooxxoxoxoxoxoxoxoxoxooxxoxoxxooxoxoxooxxxooxooxxoxoxoxoxoxoxoxoxoxoxxooxxooxoxoxoxoxxooxoxoxooxxooxxxooxoxoxoxoxoox
140 --> 109	xxooxxooxoxoxxoooxxooxxooxxoxoxoxoxooxxooxxoxoxoxoxoxxooxxooxoxoxxooxxooxoxooxxoxxooxoxooxxoxxooxxooxxoooxxoxxoooxxooxxoxoxooxxooxxoxoxoxoxo  xoxoxooxxoxoxxooxoxoxooxxxooxooxxoxoxoxoxoxoxoxoxoxoxxooxxooxoxoxoxoxxooxoxoxooxxooxxxooxoxoxoxoxoox
231 --> 140	xxooxxooxoxoxxoooxxooxxooxxoxoxoxoxooxxooxxoxoxoxoxoxxooxxooxoxoxxooxxooxoxooxxoxxooxoxooxxoxxooxxooxxoooxxoxxoooxxooxxoxoxooxxooxxoxoxoxoxooxxoxoxooxxoxoxxooxoxoxooxxxooxooxxoxoxoxoxoxoxoxoxoxoxxooxxooxoxoxoxoxxooxoxoxooxxooxxxoox  oxoxoxoox
176 --> 231	xxooxxooxoxoxxoooxxooxxooxxoxoxoxoxooxxooxxoxoxoxoxoxxooxxooxoxoxxooxxooxoxooxxoxxooxoxooxxoxxooxxooxxoooxxoxxoooxxooxxoxoxooxxooxxoxoxoxoxooxxoxoxooxxoxoxxooxoxoxooxxxooxooxxo  xoxoxoxoxoxoxoxoxxooxxooxoxoxoxoxxooxoxoxooxxooxxxooxxooxoxoxoox
183 --> 176	xxooxxooxoxoxxoooxxooxxooxxoxoxoxoxooxxooxxoxoxoxoxoxxooxxooxoxoxxooxxooxoxooxxoxxooxoxooxxoxxooxxooxxoooxxoxxoooxxooxxoxoxooxxooxxoxoxoxoxooxxoxoxooxxoxoxxooxoxoxooxxxooxooxxooxxoxox  oxoxoxoxoxxooxxooxoxoxoxoxxooxoxoxooxxooxxxooxxooxoxoxoox
 60 --> 183	xxooxxooxoxoxxoooxxooxxooxxoxoxoxoxooxxooxxoxoxoxoxoxxooxxoo  xoxxooxxooxoxooxxoxxooxoxooxxoxxooxxooxxoooxxoxxoooxxooxxoxoxooxxooxxoxoxoxoxooxxoxoxooxxoxoxxooxoxoxooxxxooxooxxooxxoxoxxooxoxoxoxoxxooxxooxoxoxoxoxxooxoxoxooxxooxxxooxxooxoxoxoox
215 -->  60	xxooxxooxoxoxxoooxxooxxooxxoxoxoxoxooxxooxxoxoxoxoxoxxooxxoooxxoxxooxxooxoxooxxoxxooxoxooxxoxxooxxooxxoooxxoxxoooxxooxxoxoxooxxooxxoxoxoxoxooxxoxoxooxxoxoxxooxoxoxooxxxooxooxxooxxoxoxxooxoxoxoxoxxooxxooxoxoxoxoxxoox  oxooxxooxxxooxxooxoxoxoox
132 --> 215	xxooxxooxoxoxxoooxxooxxooxxoxoxoxoxooxxooxxoxoxoxoxoxxooxxoooxxoxxooxxooxoxooxxoxxooxoxooxxoxxooxxooxxoooxxoxxoooxxooxxoxoxooxxooxxo  xoxoxooxxoxoxooxxoxoxxooxoxoxooxxxooxooxxooxxoxoxxooxoxoxoxoxxooxxooxoxoxoxoxxooxxooxooxxooxxxooxxooxoxoxoox
203 --> 132	xxooxxooxoxoxxoooxxooxxooxxoxoxoxoxooxxooxxoxoxoxoxoxxooxxoooxxoxxooxxooxoxooxxoxxooxoxooxxoxxooxxooxxoooxxoxxoooxxooxxoxoxooxxooxxooxxoxoxooxxoxoxooxxoxoxxooxoxoxooxxxooxooxxooxxoxoxxooxoxoxoxoxxooxxoox  oxoxoxxooxxooxooxxooxxxooxxooxoxoxoox
 48 --> 203	xxooxxooxoxoxxoooxxooxxooxxoxoxoxoxooxxooxxoxoxo  xoxxooxxoooxxoxxooxxooxoxooxxoxxooxoxooxxoxxooxxooxxoooxxoxxoooxxooxxoxoxooxxooxxooxxoxoxooxxoxoxooxxoxoxxooxoxoxooxxxooxooxxooxxoxoxxooxoxoxoxoxxooxxooxxooxoxoxxooxxooxooxxooxxxooxxooxoxoxoox
  9 -->  48	xxooxxoox  oxxoooxxooxxooxxoxoxoxoxooxxooxxoxoxooxxoxxooxxoooxxoxxooxxooxoxooxxoxxooxoxooxxoxxooxxooxxoooxxoxxoooxxooxxoxoxooxxooxxooxxoxoxooxxoxoxooxxoxoxxooxoxoxooxxxooxooxxooxxoxoxxooxoxoxoxoxxooxxooxxooxoxoxxooxxooxooxxooxxxooxxooxoxoxoox
188 -->   9	xxooxxooxxooxxoooxxooxxooxxoxoxoxoxooxxooxxoxoxooxxoxxooxxoooxxoxxooxxooxoxooxxoxxooxoxooxxoxxooxxooxxoooxxoxxoooxxooxxoxoxooxxooxxooxxoxoxooxxoxoxooxxoxoxxooxoxoxooxxxooxooxxooxxoxoxxooxo  xoxoxxooxxooxxooxoxoxxooxxooxooxxooxxxooxxooxoxoxoox
235 --> 188	xxooxxooxxooxxoooxxooxxooxxoxoxoxoxooxxooxxoxoxooxxoxxooxxoooxxoxxooxxooxoxooxxoxxooxoxooxxoxxooxxooxxoooxxoxxoooxxooxxoxoxooxxooxxooxxoxoxooxxoxoxooxxoxoxxooxoxoxooxxxooxooxxooxxoxoxxooxooxxoxoxxooxxooxxooxoxoxxooxxooxooxxooxxxooxxoox  oxoox
136 --> 235	xxooxxooxxooxxoooxxooxxooxxoxoxoxoxooxxooxxoxoxooxxoxxooxxoooxxoxxooxxooxoxooxxoxxooxoxooxxoxxooxxooxxoooxxoxxoooxxooxxoxoxooxxooxxooxxo  xooxxoxoxooxxoxoxxooxoxoxooxxxooxooxxooxxoxoxxooxooxxoxoxxooxxooxxooxoxoxxooxxooxooxxooxxxooxxooxxooxoox
143 --> 136	xxooxxooxxooxxoooxxooxxooxxoxoxoxoxooxxooxxoxoxooxxoxxooxxoooxxoxxooxxooxoxooxxoxxooxoxooxxoxxooxxooxxoooxxoxxoooxxooxxoxoxooxxooxxooxxooxxooxx  oxooxxoxoxxooxoxoxooxxxooxooxxooxxoxoxxooxooxxoxoxxooxxooxxooxoxoxxooxxooxooxxooxxxooxxooxxooxoox
152 --> 143	xxooxxooxxooxxoooxxooxxooxxoxoxoxoxooxxooxxoxoxooxxoxxooxxoooxxoxxooxxooxoxooxxoxxooxoxooxxoxxooxxooxxoooxxoxxoooxxooxxoxoxooxxooxxooxxooxxooxxxooxooxxo  xxooxoxoxooxxxooxooxxooxxoxoxxooxooxxoxoxxooxxooxxooxoxoxxooxxooxooxxooxxxooxxooxxooxoox
 85 --> 152	xxooxxooxxooxxoooxxooxxooxxoxoxoxoxooxxooxxoxoxooxxoxxooxxoooxxoxxooxxooxoxooxxoxxoox  ooxxoxxooxxooxxoooxxoxxoooxxooxxoxoxooxxooxxooxxooxxooxxxooxooxxooxxxooxoxoxooxxxooxooxxooxxoxoxxooxooxxoxoxxooxxooxxooxoxoxxooxxooxooxxooxxxooxxooxxooxoox
192 -->  85	xxooxxooxxooxxoooxxooxxooxxoxoxoxoxooxxooxxoxoxooxxoxxooxxoooxxoxxooxxooxoxooxxoxxooxxoooxxoxxooxxooxxoooxxoxxoooxxooxxoxoxooxxooxxooxxooxxooxxxooxooxxooxxxooxoxoxooxxxooxooxxooxxoxoxxooxooxxo  xxooxxooxxooxoxoxxooxxooxooxxooxxxooxxooxxooxoox
 45 --> 192	xxooxxooxxooxxoooxxooxxooxxoxoxoxoxooxxooxxox  ooxxoxxooxxoooxxoxxooxxooxoxooxxoxxooxxoooxxoxxooxxooxxoooxxoxxoooxxooxxoxoxooxxooxxooxxooxxooxxxooxooxxooxxxooxoxoxooxxxooxooxxooxxoxoxxooxooxxooxxxooxxooxxooxoxoxxooxxooxooxxooxxxooxxooxxooxoox
180 -->  45	xxooxxooxxooxxoooxxooxxooxxoxoxoxoxooxxooxxoxxoooxxoxxooxxoooxxoxxooxxooxoxooxxoxxooxxoooxxoxxooxxooxxoooxxoxxoooxxooxxoxoxooxxooxxooxxooxxooxxxooxooxxooxxxooxoxoxooxxxooxooxxooxxo  xxooxooxxooxxxooxxooxxooxoxoxxooxxooxooxxooxxxooxxooxxooxoox
 73 --> 180	xxooxxooxxooxxoooxxooxxooxxoxoxoxoxooxxooxxoxxoooxxoxxooxxoooxxoxxooxxoox  ooxxoxxooxxoooxxoxxooxxooxxoooxxoxxoooxxooxxoxoxooxxooxxooxxooxxooxxxooxooxxooxxxooxoxoxooxxxooxooxxooxxooxxxooxooxxooxxxooxxooxxooxoxoxxooxxooxooxxooxxxooxxooxxooxoox
 32 -->  73	xxooxxooxxooxxoooxxooxxooxxoxoxo  xooxxooxxoxxoooxxoxxooxxoooxxoxxooxxooxxoooxxoxxooxxoooxxoxxooxxooxxoooxxoxxoooxxooxxoxoxooxxooxxooxxooxxooxxxooxooxxooxxxooxoxoxooxxxooxooxxooxxooxxxooxooxxooxxxooxxooxxooxoxoxxooxxooxooxxooxxxooxxooxxooxoox
 29 -->  32	xxooxxooxxooxxoooxxooxxooxxox  ooxxooxxooxxoxxoooxxoxxooxxoooxxoxxooxxooxxoooxxoxxooxxoooxxoxxooxxooxxoooxxoxxoooxxooxxoxoxooxxooxxooxxooxxooxxxooxooxxooxxxooxoxoxooxxxooxooxxooxxooxxxooxooxxooxxxooxxooxxooxoxoxxooxxooxooxxooxxxooxxooxxooxoox
160 -->  29	xxooxxooxxooxxoooxxooxxooxxoxxoooxxooxxooxxoxxoooxxoxxooxxoooxxoxxooxxooxxoooxxoxxooxxoooxxoxxooxxooxxoooxxoxxoooxxooxxoxoxooxxooxxooxxooxxooxxxooxooxxooxxxooxo  xooxxxooxooxxooxxooxxxooxooxxooxxxooxxooxxooxoxoxxooxxooxooxxooxxxooxxooxxooxoox
207 --> 160	xxooxxooxxooxxoooxxooxxooxxoxxoooxxooxxooxxoxxoooxxoxxooxxoooxxoxxooxxooxxoooxxoxxooxxoooxxoxxooxxooxxoooxxoxxoooxxooxxoxoxooxxooxxooxxooxxooxxxooxooxxooxxxooxooxxooxxxooxooxxooxxooxxxooxooxxooxxxooxxooxxoox  oxxooxxooxooxxooxxxooxxooxxooxoox
120 --> 207	xxooxxooxxooxxoooxxooxxooxxoxxoooxxooxxooxxoxxoooxxoxxooxxoooxxoxxooxxooxxoooxxoxxooxxoooxxoxxooxxooxxoooxxoxxoooxxooxxo  xooxxooxxooxxooxxooxxxooxooxxooxxxooxooxxooxxxooxooxxooxxooxxxooxooxxooxxxooxxooxxooxxooxxooxxooxooxxooxxxooxxooxxooxoox
191 --> 120	xxooxxooxxooxxoooxxooxxooxxoxxoooxxooxxooxxoxxoooxxoxxooxxoooxxoxxooxxooxxoooxxoxxooxxoooxxoxxooxxooxxoooxxoxxoooxxooxxoooxooxxooxxooxxooxxooxxxooxooxxooxxxooxooxxooxxxooxooxxooxxooxxxooxooxx  xxxooxxooxxooxxooxxooxxooxooxxooxxxooxxooxxooxoox
 25 --> 191	xxooxxooxxooxxoooxxooxxoo  oxxoooxxooxxooxxoxxoooxxoxxooxxoooxxoxxooxxooxxoooxxoxxooxxoooxxoxxooxxooxxoooxxoxxoooxxooxxoooxooxxooxxooxxooxxooxxxooxooxxooxxxooxooxxooxxxooxooxxooxxooxxxooxooxxxxxxxooxxooxxooxxooxxooxxooxooxxooxxxooxxooxxooxoox
127 -->  25	xxooxxooxxooxxoooxxooxxoooooxxoooxxooxxooxxoxxoooxxoxxooxxoooxxoxxooxxooxxoooxxoxxooxxoooxxoxxooxxooxxoooxxoxxoooxxooxxoooxooxx  xxooxxooxxooxxxooxooxxooxxxooxooxxooxxxooxooxxooxxooxxxooxooxxxxxxxooxxooxxooxxooxxooxxooxooxxooxxxooxxooxxooxoox
 12 --> 127	xxooxxooxxoo  oooxxooxxoooooxxoooxxooxxooxxoxxoooxxoxxooxxoooxxoxxooxxooxxoooxxoxxooxxoooxxoxxooxxooxxoooxxoxxoooxxooxxoooxooxxxxxxooxxooxxooxxxooxooxxooxxxooxooxxooxxxooxooxxooxxooxxxooxooxxxxxxxooxxooxxooxxooxxooxxooxooxxooxxxooxxooxxooxoox
171 -->  12	xxooxxooxxoooooooxxooxxoooooxxoooxxooxxooxxoxxoooxxoxxooxxoooxxoxxooxxooxxoooxxoxxooxxoooxxoxxooxxooxxoooxxoxxoooxxooxxoooxooxxxxxxooxxooxxooxxxooxooxxooxxxooxooxxooxxxoox  xxooxxooxxxooxooxxxxxxxooxxooxxooxxooxxooxxooxooxxooxxxooxxooxxooxoox
 28 --> 171	xxooxxooxxoooooooxxooxxooooo  oooxxooxxooxxoxxoooxxoxxooxxoooxxoxxooxxooxxoooxxoxxooxxoooxxoxxooxxooxxoooxxoxxoooxxooxxoooxooxxxxxxooxxooxxooxxxooxooxxooxxxooxooxxooxxxooxxxxxooxxooxxxooxooxxxxxxxooxxooxxooxxooxxooxxooxooxxooxxxooxxooxxooxoox
131 -->  28	xxooxxooxxoooooooxxooxxooooooooooxxooxxooxxoxxoooxxoxxooxxoooxxoxxooxxooxxoooxxoxxooxxoooxxoxxooxxooxxoooxxoxxoooxxooxxoooxooxxxxxx  xxooxxooxxxooxooxxooxxxooxooxxooxxxooxxxxxooxxooxxxooxooxxxxxxxooxxooxxooxxooxxooxxooxooxxooxxxooxxooxxooxoox
113 --> 131	xxooxxooxxoooooooxxooxxooooooooooxxooxxooxxoxxoooxxoxxooxxoooxxoxxooxxooxxoooxxoxxooxxoooxxoxxooxxooxxoooxxoxxooo  ooxxoooxooxxxxxxxxxxooxxooxxxooxooxxooxxxooxooxxooxxxooxxxxxooxxooxxxooxooxxxxxxxooxxooxxooxxooxxooxxooxooxxooxxxooxxooxxooxoox
139 --> 113	xxooxxooxxoooooooxxooxxooooooooooxxooxxooxxoxxoooxxoxxooxxoooxxoxxooxxooxxoooxxoxxooxxoooxxoxxooxxooxxoooxxoxxoooooooxxoooxooxxxxxxxxxxooxx  xxxooxooxxooxxxooxooxxooxxxooxxxxxooxxooxxxooxooxxxxxxxooxxooxxooxxooxxooxxooxooxxooxxxooxxooxxooxoox
 17 --> 139	xxooxxooxxooooooo  ooxxooooooooooxxooxxooxxoxxoooxxoxxooxxoooxxoxxooxxooxxoooxxoxxooxxoooxxoxxooxxooxxoooxxoxxoooooooxxoooxooxxxxxxxxxxooxxxxxxxooxooxxooxxxooxooxxooxxxooxxxxxooxxooxxxooxooxxxxxxxooxxooxxooxxooxxooxxooxooxxooxxxooxxooxxooxoox
200 -->  17	xxooxxooxxoooooooooooxxooooooooooxxooxxooxxoxxoooxxoxxooxxoooxxoxxooxxooxxoooxxoxxooxxoooxxoxxooxxooxxoooxxoxxoooooooxxoooxooxxxxxxxxxxooxxxxxxxooxooxxooxxxooxooxxooxxxooxxxxxooxxooxxxooxooxxxxxxxooxx  xxooxxooxxooxxooxooxxooxxxooxxooxxooxoox
 56 --> 200	xxooxxooxxoooooooooooxxooooooooooxxooxxooxxoxxoooxxoxxoo  oooxxoxxooxxooxxoooxxoxxooxxoooxxoxxooxxooxxoooxxoxxoooooooxxoooxooxxxxxxxxxxooxxxxxxxooxooxxooxxxooxooxxooxxxooxxxxxooxxooxxxooxooxxxxxxxooxxxxxxooxxooxxooxxooxooxxooxxxooxxooxxooxoox
156 -->  56	xxooxxooxxoooooooooooxxooooooooooxxooxxooxxoxxoooxxoxxoooooooxxoxxooxxooxxoooxxoxxooxxoooxxoxxooxxooxxoooxxoxxoooooooxxoooxooxxxxxxxxxxooxxxxxxxooxooxxooxxx  xooxxooxxxooxxxxxooxxooxxxooxooxxxxxxxooxxxxxxooxxooxxooxxooxooxxooxxxooxxooxxooxoox
 96 --> 156	xxooxxooxxoooooooooooxxooooooooooxxooxxooxxoxxoooxxoxxoooooooxxoxxooxxooxxoooxxoxxooxxoooxxoxxoo  ooxxoooxxoxxoooooooxxoooxooxxxxxxxxxxooxxxxxxxooxooxxooxxxxxxooxxooxxxooxxxxxooxxooxxxooxooxxxxxxxooxxxxxxooxxooxxooxxooxooxxooxxxooxxooxxooxoox
219 -->  96	xxooxxooxxoooooooooooxxooooooooooxxooxxooxxoxxoooxxoxxoooooooxxoxxooxxooxxoooxxoxxooxxoooxxoxxooooooxxoooxxoxxoooooooxxoooxooxxxxxxxxxxooxxxxxxxooxooxxooxxxxxxooxxooxxxooxxxxxooxxooxxxooxooxxxxxxxooxxxxxxooxxooxxooxxoox  xxooxxxooxxooxxooxoox
 49 --> 219	xxooxxooxxoooooooooooxxooooooooooxxooxxooxxoxxooo  oxxoooooooxxoxxooxxooxxoooxxoxxooxxoooxxoxxooooooxxoooxxoxxoooooooxxoooxooxxxxxxxxxxooxxxxxxxooxooxxooxxxxxxooxxooxxxooxxxxxooxxooxxxooxooxxxxxxxooxxxxxxooxxooxxooxxooxxxxxooxxxooxxooxxooxoox
175 -->  49	xxooxxooxxoooooooooooxxooooooooooxxooxxooxxoxxooooooxxoooooooxxoxxooxxooxxoooxxoxxooxxoooxxoxxooooooxxoooxxoxxoooooooxxoooxooxxxxxxxxxxooxxxxxxxooxooxxooxxxxxxooxxooxxxooxxxxx  xxooxxxooxooxxxxxxxooxxxxxxooxxooxxooxxooxxxxxooxxxooxxooxxooxoox
  4 --> 175	xxoo  ooxxoooooooooooxxooooooooooxxooxxooxxoxxooooooxxoooooooxxoxxooxxooxxoooxxoxxooxxoooxxoxxooooooxxoooxxoxxoooooooxxoooxooxxxxxxxxxxooxxxxxxxooxooxxooxxxxxxooxxooxxxooxxxxxxxxxooxxxooxooxxxxxxxooxxxxxxooxxooxxooxxooxxxxxooxxxooxxooxxooxoox
144 -->   4	xxooooooxxoooooooooooxxooooooooooxxooxxooxxoxxooooooxxoooooooxxoxxooxxooxxoooxxoxxooxxoooxxoxxooooooxxoooxxoxxoooooooxxoooxooxxxxxxxxxxooxxxxxxx  xooxxooxxxxxxooxxooxxxooxxxxxxxxxooxxxooxooxxxxxxxooxxxxxxooxxooxxooxxooxxxxxooxxxooxxooxxooxoox
 80 --> 144	xxooooooxxoooooooooooxxooooooooooxxooxxooxxoxxooooooxxoooooooxxoxxooxxooxxoooxxo  ooxxoooxxoxxooooooxxoooxxoxxoooooooxxoooxooxxxxxxxxxxooxxxxxxxxxxooxxooxxxxxxooxxooxxxooxxxxxxxxxooxxxooxooxxxxxxxooxxxxxxooxxooxxooxxooxxxxxooxxxooxxooxxooxoox
179 -->  80	xxooooooxxoooooooooooxxooooooooooxxooxxooxxoxxooooooxxoooooooxxoxxooxxooxxoooxxoooooxxoooxxoxxooooooxxoooxxoxxoooooooxxoooxooxxxxxxxxxxooxxxxxxxxxxooxxooxxxxxxooxxooxxxooxxxxxxxxx  xxxooxooxxxxxxxooxxxxxxooxxooxxooxxooxxxxxooxxxooxxooxxooxoox
 33 --> 179	xxooooooxxoooooooooooxxoooooooooo  ooxxooxxoxxooooooxxoooooooxxoxxooxxooxxoooxxoooooxxoooxxoxxooooooxxoooxxoxxoooooooxxoooxooxxxxxxxxxxooxxxxxxxxxxooxxooxxxxxxooxxooxxxooxxxxxxxxxxxxxxooxooxxxxxxxooxxxxxxooxxooxxooxxooxxxxxooxxxooxxooxxooxoox
135 -->  33	xxooooooxxoooooooooooxxooooooooooooooxxooxxoxxooooooxxoooooooxxoxxooxxooxxoooxxoooooxxoooxxoxxooooooxxoooxxoxxoooooooxxoooxooxxxxxxxxxx  xxxxxxxxxxooxxooxxxxxxooxxooxxxooxxxxxxxxxxxxxxooxooxxxxxxxooxxxxxxooxxooxxooxxooxxxxxooxxxooxxooxxooxoox
 41 --> 135	xxooooooxxoooooooooooxxooooooooooooooxxoo  oxxooooooxxoooooooxxoxxooxxooxxoooxxoooooxxoooxxoxxooooooxxoooxxoxxoooooooxxoooxooxxxxxxxxxxxxxxxxxxxxxxooxxooxxxxxxooxxooxxxooxxxxxxxxxxxxxxooxooxxxxxxxooxxxxxxooxxooxxooxxooxxxxxooxxxooxxooxxooxoox
216 -->  41	xxooooooxxoooooooooooxxooooooooooooooxxoooooxxooooooxxoooooooxxoxxooxxooxxoooxxoooooxxoooxxoxxooooooxxoooxxoxxoooooooxxoooxooxxxxxxxxxxxxxxxxxxxxxxooxxooxxxxxxooxxooxxxooxxxxxxxxxxxxxxooxooxxxxxxxooxxxxxxooxxooxxooxx  xxxxxooxxxooxxooxxooxoox
 44 --> 216	xxooooooxxoooooooooooxxooooooooooooooxxooooo  ooooooxxoooooooxxoxxooxxooxxoooxxoooooxxoooxxoxxooooooxxoooxxoxxoooooooxxoooxooxxxxxxxxxxxxxxxxxxxxxxooxxooxxxxxxooxxooxxxooxxxxxxxxxxxxxxooxooxxxxxxxooxxxxxxooxxooxxooxxxxxxxxxooxxxooxxooxxooxoox
204 -->  44	xxooooooxxoooooooooooxxooooooooooooooxxoooooooooooooxxoooooooxxoxxooxxooxxoooxxoooooxxoooxxoxxooooooxxoooxxoxxoooooooxxoooxooxxxxxxxxxxxxxxxxxxxxxxooxxooxxxxxxooxxooxxxooxxxxxxxxxxxxxxooxooxxxxxxxooxxxxxx  xxooxxooxxxxxxxxxooxxxooxxooxxooxoox
 64 --> 204	xxooooooxxoooooooooooxxooooooooooooooxxoooooooooooooxxoooooooxxo  ooxxooxxoooxxoooooxxoooxxoxxooooooxxoooxxoxxoooooooxxoooxooxxxxxxxxxxxxxxxxxxxxxxooxxooxxxxxxooxxooxxxooxxxxxxxxxxxxxxooxooxxxxxxxooxxxxxxxxxxooxxooxxxxxxxxxooxxxooxxooxxooxoox
208 -->  64	xxooooooxxoooooooooooxxooooooooooooooxxoooooooooooooxxoooooooxxoooooxxooxxoooxxoooooxxoooxxoxxooooooxxoooxxoxxoooooooxxoooxooxxxxxxxxxxxxxxxxxxxxxxooxxooxxxxxxooxxooxxxooxxxxxxxxxxxxxxooxooxxxxxxxooxxxxxxxxxx  xxooxxxxxxxxxooxxxooxxooxxooxoox
 52 --> 208	xxooooooxxoooooooooooxxooooooooooooooxxooooooooooooo  oooooooxxoooooxxooxxoooxxoooooxxoooxxoxxooooooxxoooxxoxxoooooooxxoooxooxxxxxxxxxxxxxxxxxxxxxxooxxooxxxxxxooxxooxxxooxxxxxxxxxxxxxxooxooxxxxxxxooxxxxxxxxxxxxxxooxxxxxxxxxooxxxooxxooxxooxoox
228 -->  52	xxooooooxxoooooooooooxxooooooooooooooxxooooooooooooooooooooooxxoooooxxooxxoooxxoooooxxoooxxoxxooooooxxoooxxoxxoooooooxxoooxooxxxxxxxxxxxxxxxxxxxxxxooxxooxxxxxxooxxooxxxooxxxxxxxxxxxxxxooxooxxxxxxxooxxxxxxxxxxxxxxooxxxxxxxxxooxxx  xxooxxooxoox
  8 --> 228	xxoooooo  oooooooooooxxooooooooooooooxxooooooooooooooooooooooxxoooooxxooxxoooxxoooooxxoooxxoxxooooooxxoooxxoxxoooooooxxoooxooxxxxxxxxxxxxxxxxxxxxxxooxxooxxxxxxooxxooxxxooxxxxxxxxxxxxxxooxooxxxxxxxooxxxxxxxxxxxxxxooxxxxxxxxxooxxxxxxxooxxooxoox
168 -->   8	xxoooooooooooooooooooxxooooooooooooooxxooooooooooooooooooooooxxoooooxxooxxoooxxoooooxxoooxxoxxooooooxxoooxxoxxoooooooxxoooxooxxxxxxxxxxxxxxxxxxxxxxooxxooxxxxxxooxxooxxx  xxxxxxxxxxxxxxooxooxxxxxxxooxxxxxxxxxxxxxxooxxxxxxxxxooxxxxxxxooxxooxoox
 61 --> 168	xxoooooooooooooooooooxxooooooooooooooxxoooooooooooooooooooooo  oooooxxooxxoooxxoooooxxoooxxoxxooooooxxoooxxoxxoooooooxxoooxooxxxxxxxxxxxxxxxxxxxxxxooxxooxxxxxxooxxooxxxxxxxxxxxxxxxxxxxooxooxxxxxxxooxxxxxxxxxxxxxxooxxxxxxxxxooxxxxxxxooxxooxoox
223 -->  61	xxoooooooooooooooooooxxooooooooooooooxxoooooooooooooooooooooooooooooxxooxxoooxxoooooxxoooxxoxxooooooxxoooxxoxxoooooooxxoooxooxxxxxxxxxxxxxxxxxxxxxxooxxooxxxxxxooxxooxxxxxxxxxxxxxxxxxxxooxooxxxxxxxooxxxxxxxxxxxxxxooxxxxxxxxx  xxxxxxxooxxooxoox
 72 --> 223	xxoooooooooooooooooooxxooooooooooooooxxoooooooooooooooooooooooooooooxxoo  oooxxoooooxxoooxxoxxooooooxxoooxxoxxoooooooxxoooxooxxxxxxxxxxxxxxxxxxxxxxooxxooxxxxxxooxxooxxxxxxxxxxxxxxxxxxxooxooxxxxxxxooxxxxxxxxxxxxxxooxxxxxxxxxxxxxxxxxxooxxooxoox
212 -->  72	xxoooooooooooooooooooxxooooooooooooooxxoooooooooooooooooooooooooooooxxoooooooxxoooooxxoooxxoxxooooooxxoooxxoxxoooooooxxoooxooxxxxxxxxxxxxxxxxxxxxxxooxxooxxxxxxooxxooxxxxxxxxxxxxxxxxxxxooxooxxxxxxxooxxxxxxxxxxxxxx  xxxxxxxxxxxxxxxxxxooxxooxoox
 37 --> 212	xxoooooooooooooooooooxxoooooooooooooo  oooooooooooooooooooooooooooooxxoooooooxxoooooxxoooxxoxxooooooxxoooxxoxxoooooooxxoooxooxxxxxxxxxxxxxxxxxxxxxxooxxooxxxxxxooxxooxxxxxxxxxxxxxxxxxxxooxooxxxxxxxooxxxxxxxxxxxxxxxxxxxxxxxxxxxxxxxxxxooxxooxoox
184 -->  37	xxoooooooooooooooooooxxoooooooooooooooooooooooooooooooooooooooooooooxxoooooooxxoooooxxoooxxoxxooooooxxoooxxoxxoooooooxxoooxooxxxxxxxxxxxxxxxxxxxxxxooxxooxxxxxxooxxooxxxxxxxxxxxxxxxxxxx  xooxxxxxxxooxxxxxxxxxxxxxxxxxxxxxxxxxxxxxxxxxxooxxooxoox
117 --> 184	xxoooooooooooooooooooxxoooooooooooooooooooooooooooooooooooooooooooooxxoooooooxxoooooxxoooxxoxxooooooxxoooxxoxxooooooo  oooxooxxxxxxxxxxxxxxxxxxxxxxooxxooxxxxxxooxxooxxxxxxxxxxxxxxxxxxxxxxooxxxxxxxooxxxxxxxxxxxxxxxxxxxxxxxxxxxxxxxxxxooxxooxoox
123 --> 117	xxoooooooooooooooooooxxoooooooooooooooooooooooooooooooooooooooooooooxxoooooooxxoooooxxoooxxoxxooooooxxoooxxoxxoooooooooooox  xxxxxxxxxxxxxxxxxxxxxxooxxooxxxxxxooxxooxxxxxxxxxxxxxxxxxxxxxxooxxxxxxxooxxxxxxxxxxxxxxxxxxxxxxxxxxxxxxxxxxooxxooxoox
100 --> 123	xxoooooooooooooooooooxxoooooooooooooooooooooooooooooooooooooooooooooxxoooooooxxoooooxxoooxxoxxoooooo  oooxxoxxooooooooooooxxxxxxxxxxxxxxxxxxxxxxxxxooxxooxxxxxxooxxooxxxxxxxxxxxxxxxxxxxxxxooxxxxxxxooxxxxxxxxxxxxxxxxxxxxxxxxxxxxxxxxxxooxxooxoox
187 --> 100	xxoooooooooooooooooooxxoooooooooooooooooooooooooooooooooooooooooooooxxoooooooxxoooooxxoooxxoxxoooooooooooxxoxxooooooooooooxxxxxxxxxxxxxxxxxxxxxxxxxooxxooxxxxxxooxxooxxxxxxxxxxxxxxxxxxxxxx  xxxxxxxooxxxxxxxxxxxxxxxxxxxxxxxxxxxxxxxxxxooxxooxoox
 84 --> 187	xxoooooooooooooooooooxxoooooooooooooooooooooooooooooooooooooooooooooxxoooooooxxooooo  oooxxoxxoooooooooooxxoxxooooooooooooxxxxxxxxxxxxxxxxxxxxxxxxxooxxooxxxxxxooxxooxxxxxxxxxxxxxxxxxxxxxxxxxxxxxxxooxxxxxxxxxxxxxxxxxxxxxxxxxxxxxxxxxxooxxooxoox
232 -->  84	xxoooooooooooooooooooxxoooooooooooooooooooooooooooooooooooooooooooooxxoooooooxxooooooooooxxoxxoooooooooooxxoxxooooooooooooxxxxxxxxxxxxxxxxxxxxxxxxxooxxooxxxxxxooxxooxxxxxxxxxxxxxxxxxxxxxxxxxxxxxxxooxxxxxxxxxxxxxxxxxxxxxxxxxxxxxxxxxx  xxooxoox
 21 --> 232	xxooooooooooooooooooo  oooooooooooooooooooooooooooooooooooooooooooooxxoooooooxxooooooooooxxoxxoooooooooooxxoxxooooooooooooxxxxxxxxxxxxxxxxxxxxxxxxxooxxooxxxxxxooxxooxxxxxxxxxxxxxxxxxxxxxxxxxxxxxxxooxxxxxxxxxxxxxxxxxxxxxxxxxxxxxxxxxxxxxxooxoox
147 -->  21	xxooooooooooooooooooooooooooooooooooooooooooooooooooooooooooooooooooxxoooooooxxooooooooooxxoxxoooooooooooxxoxxooooooooooooxxxxxxxxxxxxxxxxxxxxxxxxx  xxooxxxxxxooxxooxxxxxxxxxxxxxxxxxxxxxxxxxxxxxxxooxxxxxxxxxxxxxxxxxxxxxxxxxxxxxxxxxxxxxxooxoox
105 --> 147	xxooooooooooooooooooooooooooooooooooooooooooooooooooooooooooooooooooxxoooooooxxooooooooooxxoxxooooooooooo  oxxooooooooooooxxxxxxxxxxxxxxxxxxxxxxxxxxxxxooxxxxxxooxxooxxxxxxxxxxxxxxxxxxxxxxxxxxxxxxxooxxxxxxxxxxxxxxxxxxxxxxxxxxxxxxxxxxxxxxooxoox
163 --> 105	xxooooooooooooooooooooooooooooooooooooooooooooooooooooooooooooooooooxxoooooooxxooooooooooxxoxxooooooooooooooxxooooooooooooxxxxxxxxxxxxxxxxxxxxxxxxxxxxxooxxxxxxooxx  xxxxxxxxxxxxxxxxxxxxxxxxxxxxxxxooxxxxxxxxxxxxxxxxxxxxxxxxxxxxxxxxxxxxxxooxoox
 68 --> 163	xxoooooooooooooooooooooooooooooooooooooooooooooooooooooooooooooooooo  oooooooxxooooooooooxxoxxooooooooooooooxxooooooooooooxxxxxxxxxxxxxxxxxxxxxxxxxxxxxooxxxxxxooxxxxxxxxxxxxxxxxxxxxxxxxxxxxxxxxxxxooxxxxxxxxxxxxxxxxxxxxxxxxxxxxxxxxxxxxxxooxoox
159 -->  68	xxoooooooooooooooooooooooooooooooooooooooooooooooooooooooooooooooooooooooooooxxooooooooooxxoxxooooooooooooooxxooooooooooooxxxxxxxxxxxxxxxxxxxxxxxxxxxxxooxxxxxx  xxxxxxxxxxxxxxxxxxxxxxxxxxxxxxxxxxxooxxxxxxxxxxxxxxxxxxxxxxxxxxxxxxxxxxxxxxooxoox
 77 --> 159	xxooooooooooooooooooooooooooooooooooooooooooooooooooooooooooooooooooooooooooo  ooooooooooxxoxxooooooooooooooxxooooooooooooxxxxxxxxxxxxxxxxxxxxxxxxxxxxxooxxxxxxxxxxxxxxxxxxxxxxxxxxxxxxxxxxxxxxxxxxxooxxxxxxxxxxxxxxxxxxxxxxxxxxxxxxxxxxxxxxooxoox
196 -->  77	xxoooooooooooooooooooooooooooooooooooooooooooooooooooooooooooooooooooooooooooooooooooooooxxoxxooooooooooooooxxooooooooooooxxxxxxxxxxxxxxxxxxxxxxxxxxxxxooxxxxxxxxxxxxxxxxxxxxxxxxxxxxxxxxxxxxxxxxxxx  xxxxxxxxxxxxxxxxxxxxxxxxxxxxxxxxxxxxxxooxoox
 92 --> 196	xxoooooooooooooooooooooooooooooooooooooooooooooooooooooooooooooooooooooooooooooooooooooooxxo  ooooooooooooooxxooooooooooooxxxxxxxxxxxxxxxxxxxxxxxxxxxxxooxxxxxxxxxxxxxxxxxxxxxxxxxxxxxxxxxxxxxxxxxxxxxxxxxxxxxxxxxxxxxxxxxxxxxxxxxxxxxxxxxxxooxoox
236 -->  92	xxoooooooooooooooooooooooooooooooooooooooooooooooooooooooooooooooooooooooooooooooooooooooxxoooooooooooooooooxxooooooooooooxxxxxxxxxxxxxxxxxxxxxxxxxxxxxooxxxxxxxxxxxxxxxxxxxxxxxxxxxxxxxxxxxxxxxxxxxxxxxxxxxxxxxxxxxxxxxxxxxxxxxxxxxxxxxxxxx  xoox
108 --> 236	xxoooooooooooooooooooooooooooooooooooooooooooooooooooooooooooooooooooooooooooooooooooooooxxooooooooooooooooo  ooooooooooooxxxxxxxxxxxxxxxxxxxxxxxxxxxxxooxxxxxxxxxxxxxxxxxxxxxxxxxxxxxxxxxxxxxxxxxxxxxxxxxxxxxxxxxxxxxxxxxxxxxxxxxxxxxxxxxxxxxxoox
151 --> 108	xxoooooooooooooooooooooooooooooooooooooooooooooooooooooooooooooooooooooooooooooooooooooooxxoooooooooooooooooooooooooooooooxxxxxxxxxxxxxxxxxxxxxxxxxxxxx  xxxxxxxxxxxxxxxxxxxxxxxxxxxxxxxxxxxxxxxxxxxxxxxxxxxxxxxxxxxxxxxxxxxxxxxxxxxxxxxxxxxxxxoox
 89 --> 151	xxooooooooooooooooooooooooooooooooooooooooooooooooooooooooooooooooooooooooooooooooooooooo  oooooooooooooooooooooooooooooooxxxxxxxxxxxxxxxxxxxxxxxxxxxxxxxxxxxxxxxxxxxxxxxxxxxxxxxxxxxxxxxxxxxxxxxxxxxxxxxxxxxxxxxxxxxxxxxxxxxxxxxxxxxxxxxxxxxxxoox
239 -->  89	xxooooooooooooooooooooooooooooooooooooooooooooooooooooooooooooooooooooooooooooooooooooooooooooooooooooooooooooooooooooooooxxxxxxxxxxxxxxxxxxxxxxxxxxxxxxxxxxxxxxxxxxxxxxxxxxxxxxxxxxxxxxxxxxxxxxxxxxxxxxxxxxxxxxxxxxxxxxxxxxxxxxxxxxxxxxxxxxxxx  x
  0 --> 239	  ooooooooooooooooooooooooooooooooooooooooooooooooooooooooooooooooooooooooooooooooooooooooooooooooooooooooooooooooooooooooxxxxxxxxxxxxxxxxxxxxxxxxxxxxxxxxxxxxxxxxxxxxxxxxxxxxxxxxxxxxxxxxxxxxxxxxxxxxxxxxxxxxxxxxxxxxxxxxxxxxxxxxxxxxxxxxxxxxxxxx

======================
